============================= test session starts ==============================
platform darwin -- Python 3.13.5, pytest-8.3.5, pluggy-1.5.0 -- /Users/martin/Documents/Work/lumibot/.venv/bin/python
cachedir: .pytest_cache
rootdir: /Users/martin/Documents/Work/lumibot
configfile: setup.cfg
testpaths: tests
plugins: anyio-4.9.0, mock-3.14.0
collecting ... Lumibot version 3.18.1
The root directory of the Git repository is: /Users/martin/Documents/Work/lumibot
CHECK: Unable to get THETADATA_USERNAME in the environemnt variables.
CHECK: Unable to get THETADATA_PASSWORD in the environemnt variables.
ERROR: Unable to get ThetaData API credentials from the environment variables.
collected 662 items / 5 skipped

tests/backtest/test_dividends.py::TestDividends::test_yahoo_finance_dividends Progress ||  19.62%  [Elapsed: 0:00:00 ETA: 0:00:01] Progress ||  19.97%  [Elapsed: 0:00:00 ETA: 0:00:02] Progress ||  22.22%  [Elapsed: 0:00:00 ETA: 0:00:02] Portfolio Val: 100,000.00Progress ||  28.30%  [Elapsed: 0:00:00 ETA: 0:00:01] Portfolio Val: 100,000.00Progress ||  30.56%  [Elapsed: 0:00:00 ETA: 0:00:01] Portfolio Val: 100,000.00Progress ||  36.63%  [Elapsed: 0:00:00 ETA: 0:00:01] Portfolio Val: 100,000.00Progress ||  38.89%  [Elapsed: 0:00:00 ETA: 0:00:01] Portfolio Val: 100,021.58Progress ||  44.97%  [Elapsed: 0:00:00 ETA: 0:00:00] Portfolio Val: 100,021.58Progress ||  47.23%  [Elapsed: 0:00:00 ETA: 0:00:00] Portfolio Val: 100,032.37Progress ||  53.30%  [Elapsed: 0:00:00 ETA: 0:00:00] Portfolio Val: 100,032.37Progress ||  55.56%  [Elapsed: 0:00:00 ETA: 0:00:00] Portfolio Val: 100,043.16Progress ||  61.64%  [Elapsed: 0:00:00 ETA: 0:00:00] Portfolio Val: 100,043.16Progress ||  69.97%  [Elapsed: 0:00:00 ETA: 0:00:00] Portfolio Val: 100,064.74Progress ||  78.30%  [Elapsed: 0:00:00 ETA: 0:00:00] Portfolio Val: 100,064.74Progress ||  80.56%  [Elapsed: 0:00:00 ETA: 0:00:00] Portfolio Val: 100,064.74Progress ||  86.64%  [Elapsed: 0:00:00 ETA: 0:00:00] Portfolio Val: 100,064.74Progress ||  88.89%  [Elapsed: 0:00:00 ETA: 0:00:00] Portfolio Val: 99,741.03Progress ||  94.97%  [Elapsed: 0:00:00 ETA: 0:00:00] Portfolio Val: 99,741.03Progress ||  97.23%  [Elapsed: 0:00:00 ETA: 0:00:00] Portfolio Val: 99,751.83Progress || 100.00%  [Elapsed: 0:00:00 ETA: 0:00:00] Portfolio Val: 99,751.83Progress || 100.00%  [Elapsed: 0:00:00 ETA: 0:00:00] Progress || 100.00%  [Elapsed: 0:00:00 ETA: 0:00:00] 
Yahoo Finance Cash Tracking:
  2025-01-27: Cash=$100000.00, Portfolio=$100000.00
  2025-01-28: Cash=$1066.49, Portfolio=$100000.00
  2025-01-29: Cash=$1066.49, Portfolio=$100021.58
  2025-01-30: Cash=$1066.49, Portfolio=$100032.37
  2025-01-31: Cash=$1066.49, Portfolio=$100043.16
  2025-02-03: Cash=$1066.49, Portfolio=$100064.74
  2025-02-04: Cash=$1066.49, Portfolio=$99741.03
  2025-02-05: Cash=$1066.49, Portfolio=$99751.83
Yahoo Finance Analysis:
  Initial cash: $100000.00
  Cash after purchase: $1066.49
  Final cash: $1066.49
  BIL quantity purchased: 1079
  ✗ Yahoo Finance: No dividend increase detected (cash change: $0.00)
WARNING: Yahoo Finance does not appear to handle dividends properly
PASSED
tests/backtest/test_dividends.py::TestDividends::test_polygon_dividends Progress ||  19.62%  [Elapsed: 0:00:00 ETA: 0:00:01] Progress ||  19.97%  [Elapsed: 0:00:00 ETA: 0:00:02] Progress ||  22.22%  [Elapsed: 0:00:00 ETA: 0:00:02] Portfolio Val: 100,000.00Progress ||  28.30%  [Elapsed: 0:00:00 ETA: 0:00:01] Portfolio Val: 100,000.00Progress ||  30.56%  [Elapsed: 0:00:00 ETA: 0:00:01] Portfolio Val: 100,021.58Progress ||  36.63%  [Elapsed: 0:00:00 ETA: 0:00:01] Portfolio Val: 100,021.58Progress ||  38.89%  [Elapsed: 0:00:00 ETA: 0:00:01] Portfolio Val: 100,032.37Progress ||  44.97%  [Elapsed: 0:00:00 ETA: 0:00:00] Portfolio Val: 100,032.37Progress ||  47.23%  [Elapsed: 0:00:00 ETA: 0:00:00] Portfolio Val: 100,043.16Progress ||  53.30%  [Elapsed: 0:00:00 ETA: 0:00:00] Portfolio Val: 100,043.16Progress ||  55.56%  [Elapsed: 0:00:00 ETA: 0:00:00] Portfolio Val: 100,064.74Progress ||  61.64%  [Elapsed: 0:00:00 ETA: 0:00:00] Portfolio Val: 100,064.74Progress ||  69.97%  [Elapsed: 0:00:00 ETA: 0:00:00] Portfolio Val: 100,064.74Progress ||  78.30%  [Elapsed: 0:00:00 ETA: 0:00:00] Portfolio Val: 100,064.74Progress ||  80.56%  [Elapsed: 0:00:00 ETA: 0:00:00] Portfolio Val: 99,741.04Progress ||  86.64%  [Elapsed: 0:00:00 ETA: 0:00:00] Portfolio Val: 99,741.04Progress ||  88.89%  [Elapsed: 0:00:00 ETA: 0:00:00] Portfolio Val: 99,751.83Progress ||  94.97%  [Elapsed: 0:00:00 ETA: 0:00:00] Portfolio Val: 99,751.83Progress ||  97.23%  [Elapsed: 0:00:00 ETA: 0:00:00] Portfolio Val: 99,751.83Progress || 100.00%  [Elapsed: 0:00:00 ETA: 0:00:00] Portfolio Val: 99,751.83Progress || 100.00%  [Elapsed: 0:00:00 ETA: 0:00:00] Progress || 100.00%  [Elapsed: 0:00:00 ETA: 0:00:00] 
Polygon Cash Tracking:
  2025-01-27: Cash=$100000.00, Portfolio=$100000.00
  2025-01-28: Cash=$1066.49, Portfolio=$100021.58
  2025-01-29: Cash=$1066.49, Portfolio=$100032.37
  2025-01-30: Cash=$1066.49, Portfolio=$100043.16
  2025-01-31: Cash=$1066.49, Portfolio=$100064.74
  2025-02-03: Cash=$1066.49, Portfolio=$99741.04
  2025-02-04: Cash=$1066.49, Portfolio=$99751.83
  2025-02-05: Cash=$1066.49, Portfolio=$99751.83
Polygon Analysis:
  Initial cash: $100000.00
  Cash after purchase: $1066.49
  Final cash: $1066.49
  BIL quantity purchased: 1079
  ✗ Polygon: No dividend increase detected (cash change: $0.00)
WARNING: Polygon does not appear to handle dividends properly
PASSED
tests/backtest/test_dividends.py::TestDividends::test_compare_yahoo_vs_polygon_dividends 
==================================================
DIVIDEND COMPARISON TEST
==================================================
Progress ||  19.62%  [Elapsed: 0:00:00 ETA: 0:00:01] Progress ||  19.97%  [Elapsed: 0:00:00 ETA: 0:00:02] Progress ||  22.22%  [Elapsed: 0:00:00 ETA: 0:00:01] Portfolio Val: 100,000.00Progress ||  28.30%  [Elapsed: 0:00:00 ETA: 0:00:01] Portfolio Val: 100,000.00Progress ||  30.56%  [Elapsed: 0:00:00 ETA: 0:00:01] Portfolio Val: 100,000.00Progress ||  36.63%  [Elapsed: 0:00:00 ETA: 0:00:00] Portfolio Val: 100,000.00Progress ||  38.89%  [Elapsed: 0:00:00 ETA: 0:00:00] Portfolio Val: 100,021.58Progress ||  44.97%  [Elapsed: 0:00:00 ETA: 0:00:00] Portfolio Val: 100,021.58Progress ||  47.23%  [Elapsed: 0:00:00 ETA: 0:00:00] Portfolio Val: 100,032.37Progress ||  53.30%  [Elapsed: 0:00:00 ETA: 0:00:00] Portfolio Val: 100,032.37Progress ||  55.56%  [Elapsed: 0:00:00 ETA: 0:00:00] Portfolio Val: 100,043.16Progress ||  61.64%  [Elapsed: 0:00:00 ETA: 0:00:00] Portfolio Val: 100,043.16Progress ||  69.97%  [Elapsed: 0:00:00 ETA: 0:00:00] Portfolio Val: 100,064.74Progress ||  78.30%  [Elapsed: 0:00:00 ETA: 0:00:00] Portfolio Val: 100,064.74Progress ||  80.56%  [Elapsed: 0:00:00 ETA: 0:00:00] Portfolio Val: 100,064.74Progress ||  86.64%  [Elapsed: 0:00:00 ETA: 0:00:00] Portfolio Val: 100,064.74Progress ||  88.89%  [Elapsed: 0:00:00 ETA: 0:00:00] Portfolio Val: 99,741.03Progress ||  94.97%  [Elapsed: 0:00:00 ETA: 0:00:00] Portfolio Val: 99,741.03Progress ||  97.23%  [Elapsed: 0:00:00 ETA: 0:00:00] Portfolio Val: 99,751.83Progress || 100.00%  [Elapsed: 0:00:00 ETA: 0:00:00] Portfolio Val: 99,751.83Progress || 100.00%  [Elapsed: 0:00:00 ETA: 0:00:00] Progress || 100.00%  [Elapsed: 0:00:00 ETA: 0:00:00] 
Yahoo Finance Cash Tracking:
  2025-01-27: Cash=$100000.00, Portfolio=$100000.00
  2025-01-28: Cash=$1066.49, Portfolio=$100000.00
  2025-01-29: Cash=$1066.49, Portfolio=$100021.58
  2025-01-30: Cash=$1066.49, Portfolio=$100032.37
  2025-01-31: Cash=$1066.49, Portfolio=$100043.16
  2025-02-03: Cash=$1066.49, Portfolio=$100064.74
  2025-02-04: Cash=$1066.49, Portfolio=$99741.03
  2025-02-05: Cash=$1066.49, Portfolio=$99751.83
Yahoo Finance Analysis:
  Initial cash: $100000.00
  Cash after purchase: $1066.49
  Final cash: $1066.49
  BIL quantity purchased: 1079
  ✗ Yahoo Finance: No dividend increase detected (cash change: $0.00)
Progress ||  19.62%  [Elapsed: 0:00:00 ETA: 0:00:02] Progress ||  19.97%  [Elapsed: 0:00:00 ETA: 0:00:02] Progress ||  22.22%  [Elapsed: 0:00:00 ETA: 0:00:02] Portfolio Val: 100,000.00Progress ||  28.30%  [Elapsed: 0:00:00 ETA: 0:00:01] Portfolio Val: 100,000.00Progress ||  30.56%  [Elapsed: 0:00:00 ETA: 0:00:01] Portfolio Val: 100,021.58Progress ||  36.63%  [Elapsed: 0:00:00 ETA: 0:00:01] Portfolio Val: 100,021.58Progress ||  38.89%  [Elapsed: 0:00:00 ETA: 0:00:01] Portfolio Val: 100,032.37Progress ||  44.97%  [Elapsed: 0:00:00 ETA: 0:00:00] Portfolio Val: 100,032.37Progress ||  47.23%  [Elapsed: 0:00:00 ETA: 0:00:00] Portfolio Val: 100,043.16Progress ||  53.30%  [Elapsed: 0:00:00 ETA: 0:00:00] Portfolio Val: 100,043.16Progress ||  55.56%  [Elapsed: 0:00:00 ETA: 0:00:00] Portfolio Val: 100,064.74Progress ||  61.64%  [Elapsed: 0:00:00 ETA: 0:00:00] Portfolio Val: 100,064.74Progress ||  69.97%  [Elapsed: 0:00:00 ETA: 0:00:00] Portfolio Val: 100,064.74Progress ||  78.30%  [Elapsed: 0:00:00 ETA: 0:00:00] Portfolio Val: 100,064.74Progress ||  80.56%  [Elapsed: 0:00:00 ETA: 0:00:00] Portfolio Val: 99,741.04Progress ||  86.64%  [Elapsed: 0:00:00 ETA: 0:00:00] Portfolio Val: 99,741.04Progress ||  88.89%  [Elapsed: 0:00:00 ETA: 0:00:00] Portfolio Val: 99,751.83Progress ||  94.97%  [Elapsed: 0:00:00 ETA: 0:00:00] Portfolio Val: 99,751.83Progress ||  97.23%  [Elapsed: 0:00:00 ETA: 0:00:00] Portfolio Val: 99,751.83Progress || 100.00%  [Elapsed: 0:00:00 ETA: 0:00:00] Portfolio Val: 99,751.83Progress || 100.00%  [Elapsed: 0:00:00 ETA: 0:00:00] Progress || 100.00%  [Elapsed: 0:00:00 ETA: 0:00:00] 
Polygon Cash Tracking:
  2025-01-27: Cash=$100000.00, Portfolio=$100000.00
  2025-01-28: Cash=$1066.49, Portfolio=$100021.58
  2025-01-29: Cash=$1066.49, Portfolio=$100032.37
  2025-01-30: Cash=$1066.49, Portfolio=$100043.16
  2025-01-31: Cash=$1066.49, Portfolio=$100064.74
  2025-02-03: Cash=$1066.49, Portfolio=$99741.04
  2025-02-04: Cash=$1066.49, Portfolio=$99751.83
  2025-02-05: Cash=$1066.49, Portfolio=$99751.83
Polygon Analysis:
  Initial cash: $100000.00
  Cash after purchase: $1066.49
  Final cash: $1066.49
  BIL quantity purchased: 1079
  ✗ Polygon: No dividend increase detected (cash change: $0.00)

SUMMARY:
  Yahoo Finance dividends handled: ✗
  Polygon dividends handled: ✗
  🚨 ISSUE: Neither data source appears to handle dividends!
PASSED
tests/backtest/test_example_strategies.py::TestExampleStrategies::test_stock_bracket Progress ||   0.05%  [Elapsed: 0:00:00 ETA: 0:14:31] Progress ||   0.06%  [Elapsed: 0:00:00 ETA: 0:15:33] Progress ||   0.10%  [Elapsed: 0:00:00 ETA: 0:09:20] Portfolio Val: 100,000.00Progress ||   0.21%  [Elapsed: 0:00:00 ETA: 0:04:27] Portfolio Val: 100,000.00Progress ||   0.36%  [Elapsed: 0:00:00 ETA: 0:02:36] Portfolio Val: 104,531.70Progress ||   0.51%  [Elapsed: 0:00:00 ETA: 0:01:50] Portfolio Val: 100,000.00Progress ||   0.66%  [Elapsed: 0:00:00 ETA: 0:01:25] Portfolio Val: 100,000.00Progress ||   0.70%  [Elapsed: 0:00:00 ETA: 0:01:20] Portfolio Val: 100,000.00Progress ||   0.81%  [Elapsed: 0:00:00 ETA: 0:01:09] Portfolio Val: 100,000.00Progress ||   0.85%  [Elapsed: 0:00:00 ETA: 0:01:06] Portfolio Val: 100,000.00Progress ||   0.96%  [Elapsed: 0:00:00 ETA: 0:00:58] Portfolio Val: 100,000.00Progress ||   1.00%  [Elapsed: 0:00:00 ETA: 0:00:56] Portfolio Val: 100,000.00Progress ||   1.11%  [Elapsed: 0:00:00 ETA: 0:00:50] Portfolio Val: 100,000.00Progress ||   1.15%  [Elapsed: 0:00:00 ETA: 0:00:48] Portfolio Val: 100,000.00Progress ||   1.25%  [Elapsed: 0:00:00 ETA: 0:00:44] Portfolio Val: 100,000.00Progress ||   1.40%  [Elapsed: 0:00:00 ETA: 0:00:39] Portfolio Val: 100,000.00Progress ||   1.55%  [Elapsed: 0:00:00 ETA: 0:00:35] Portfolio Val: 100,000.00Progress ||   1.59%  [Elapsed: 0:00:00 ETA: 0:00:34] Portfolio Val: 100,000.00Progress ||   1.70%  [Elapsed: 0:00:00 ETA: 0:00:32] Portfolio Val: 100,000.00Progress ||   1.74%  [Elapsed: 0:00:00 ETA: 0:00:31] Portfolio Val: 100,000.00Progress ||   1.85%  [Elapsed: 0:00:00 ETA: 0:00:30] Portfolio Val: 100,000.00Progress ||   1.89%  [Elapsed: 0:00:00 ETA: 0:00:29] Portfolio Val: 100,000.00Progress ||   2.00%  [Elapsed: 0:00:00 ETA: 0:00:27] Portfolio Val: 100,000.00Progress ||   2.04%  [Elapsed: 0:00:00 ETA: 0:00:27] Portfolio Val: 100,000.00Progress ||   2.15%  [Elapsed: 0:00:00 ETA: 0:00:25] Portfolio Val: 100,000.00Progress ||   2.19%  [Elapsed: 0:00:00 ETA: 0:00:25] Portfolio Val: 100,000.00Progress ||   2.30%  [Elapsed: 0:00:00 ETA: 0:00:24] Portfolio Val: 100,000.00Progress ||   2.45%  [Elapsed: 0:00:00 ETA: 0:00:22] Portfolio Val: 100,000.00Progress ||   2.60%  [Elapsed: 0:00:00 ETA: 0:00:21] Portfolio Val: 100,000.00Progress ||   2.64%  [Elapsed: 0:00:00 ETA: 0:00:21] Portfolio Val: 100,000.00Progress ||   2.75%  [Elapsed: 0:00:00 ETA: 0:00:20] Portfolio Val: 100,000.00Progress ||   2.79%  [Elapsed: 0:00:00 ETA: 0:00:19] Portfolio Val: 100,000.00Progress ||   2.90%  [Elapsed: 0:00:00 ETA: 0:00:19] Portfolio Val: 100,000.00Progress ||   2.94%  [Elapsed: 0:00:00 ETA: 0:00:18] Portfolio Val: 100,000.00Progress ||   3.05%  [Elapsed: 0:00:00 ETA: 0:00:18] Portfolio Val: 100,000.00Progress ||   3.09%  [Elapsed: 0:00:00 ETA: 0:00:17] Portfolio Val: 100,000.00Progress ||   3.20%  [Elapsed: 0:00:00 ETA: 0:00:17] Portfolio Val: 100,000.00Progress ||   3.24%  [Elapsed: 0:00:00 ETA: 0:00:17] Portfolio Val: 100,000.00Progress ||   3.35%  [Elapsed: 0:00:00 ETA: 0:00:16] Portfolio Val: 100,000.00Progress ||   3.50%  [Elapsed: 0:00:00 ETA: 0:00:15] Portfolio Val: 100,000.00Progress ||   3.65%  [Elapsed: 0:00:00 ETA: 0:00:15] Portfolio Val: 100,000.00Progress ||   3.69%  [Elapsed: 0:00:00 ETA: 0:00:14] Portfolio Val: 100,000.00Progress ||   3.80%  [Elapsed: 0:00:00 ETA: 0:00:14] Portfolio Val: 100,000.00Progress ||   3.84%  [Elapsed: 0:00:00 ETA: 0:00:14] Portfolio Val: 100,000.00Progress ||   3.95%  [Elapsed: 0:00:00 ETA: 0:00:13] Portfolio Val: 100,000.00Progress ||   3.99%  [Elapsed: 0:00:00 ETA: 0:00:13] Portfolio Val: 100,000.00Progress ||   4.10%  [Elapsed: 0:00:00 ETA: 0:00:13] Portfolio Val: 100,000.00Progress ||   4.14%  [Elapsed: 0:00:00 ETA: 0:00:13] Portfolio Val: 100,000.00Progress ||   4.24%  [Elapsed: 0:00:00 ETA: 0:00:12] Portfolio Val: 100,000.00Progress ||   4.29%  [Elapsed: 0:00:00 ETA: 0:00:12] Portfolio Val: 100,000.00Progress ||   4.39%  [Elapsed: 0:00:00 ETA: 0:00:12] Portfolio Val: 100,000.00Progress ||   4.54%  [Elapsed: 0:00:00 ETA: 0:00:12] Portfolio Val: 100,000.00Progress ||   4.69%  [Elapsed: 0:00:00 ETA: 0:00:11] Portfolio Val: 100,000.00Progress ||   4.73%  [Elapsed: 0:00:00 ETA: 0:00:11] Portfolio Val: 100,000.00Progress ||   4.84%  [Elapsed: 0:00:00 ETA: 0:00:11] Portfolio Val: 100,000.00Progress ||   4.88%  [Elapsed: 0:00:00 ETA: 0:00:11] Portfolio Val: 100,000.00Progress ||   4.99%  [Elapsed: 0:00:00 ETA: 0:00:10] Portfolio Val: 100,000.00Progress ||   5.03%  [Elapsed: 0:00:00 ETA: 0:00:10] Portfolio Val: 100,000.00Progress ||   5.14%  [Elapsed: 0:00:00 ETA: 0:00:10] Portfolio Val: 100,000.00Progress ||   5.18%  [Elapsed: 0:00:00 ETA: 0:00:10] Portfolio Val: 100,000.00Progress ||   5.29%  [Elapsed: 0:00:00 ETA: 0:00:10] Portfolio Val: 100,000.00Progress ||   5.33%  [Elapsed: 0:00:00 ETA: 0:00:10] Portfolio Val: 100,000.00Progress ||   5.44%  [Elapsed: 0:00:00 ETA: 0:00:10] Portfolio Val: 100,000.00Progress ||   5.59%  [Elapsed: 0:00:00 ETA: 0:00:09] Portfolio Val: 100,000.00Progress ||   5.74%  [Elapsed: 0:00:00 ETA: 0:00:09] Portfolio Val: 100,000.00Progress ||   5.78%  [Elapsed: 0:00:00 ETA: 0:00:09] Portfolio Val: 100,000.00Progress ||   5.89%  [Elapsed: 0:00:00 ETA: 0:00:09] Portfolio Val: 100,000.00Progress ||   5.93%  [Elapsed: 0:00:00 ETA: 0:00:09] Portfolio Val: 100,000.00Progress ||   6.04%  [Elapsed: 0:00:00 ETA: 0:00:09] Portfolio Val: 100,000.00Progress ||   6.08%  [Elapsed: 0:00:00 ETA: 0:00:08] Portfolio Val: 100,000.00Progress ||   6.19%  [Elapsed: 0:00:00 ETA: 0:00:08] Portfolio Val: 100,000.00Progress ||   6.23%  [Elapsed: 0:00:00 ETA: 0:00:08] Portfolio Val: 100,000.00Progress ||   6.34%  [Elapsed: 0:00:00 ETA: 0:00:08] Portfolio Val: 100,000.00Progress ||   6.38%  [Elapsed: 0:00:00 ETA: 0:00:08] Portfolio Val: 100,000.00Progress ||   6.49%  [Elapsed: 0:00:00 ETA: 0:00:08] Portfolio Val: 100,000.00Progress ||   6.64%  [Elapsed: 0:00:00 ETA: 0:00:08] Portfolio Val: 100,000.00Progress ||   6.79%  [Elapsed: 0:00:00 ETA: 0:00:07] Portfolio Val: 100,000.00Progress ||   6.83%  [Elapsed: 0:00:00 ETA: 0:00:07] Portfolio Val: 100,000.00Progress ||   6.94%  [Elapsed: 0:00:00 ETA: 0:00:07] Portfolio Val: 100,000.00Progress ||   6.98%  [Elapsed: 0:00:00 ETA: 0:00:07] Portfolio Val: 100,000.00Progress ||   7.08%  [Elapsed: 0:00:00 ETA: 0:00:07] Portfolio Val: 100,000.00Progress ||   7.13%  [Elapsed: 0:00:00 ETA: 0:00:07] Portfolio Val: 100,000.00Progress ||   7.23%  [Elapsed: 0:00:00 ETA: 0:00:07] Portfolio Val: 100,000.00Progress ||   7.27%  [Elapsed: 0:00:00 ETA: 0:00:07] Portfolio Val: 100,000.00Progress ||   7.38%  [Elapsed: 0:00:00 ETA: 0:00:07] Portfolio Val: 100,000.00Progress ||   7.42%  [Elapsed: 0:00:00 ETA: 0:00:07] Portfolio Val: 100,000.00Progress ||   7.53%  [Elapsed: 0:00:00 ETA: 0:00:07] Portfolio Val: 100,000.00Progress ||   7.68%  [Elapsed: 0:00:00 ETA: 0:00:07] Portfolio Val: 100,000.00Progress ||   7.83%  [Elapsed: 0:00:00 ETA: 0:00:06] Portfolio Val: 100,000.00Progress ||   7.87%  [Elapsed: 0:00:00 ETA: 0:00:06] Portfolio Val: 100,000.00Progress ||   7.98%  [Elapsed: 0:00:00 ETA: 0:00:06] Portfolio Val: 100,000.00Progress ||   8.02%  [Elapsed: 0:00:00 ETA: 0:00:06] Portfolio Val: 100,000.00Progress ||   8.13%  [Elapsed: 0:00:00 ETA: 0:00:06] Portfolio Val: 100,000.00Progress ||   8.17%  [Elapsed: 0:00:00 ETA: 0:00:06] Portfolio Val: 100,000.00Progress ||   8.28%  [Elapsed: 0:00:00 ETA: 0:00:06] Portfolio Val: 100,000.00Progress ||   8.32%  [Elapsed: 0:00:00 ETA: 0:00:06] Portfolio Val: 100,000.00Progress ||   8.43%  [Elapsed: 0:00:00 ETA: 0:00:06] Portfolio Val: 100,000.00Progress ||   8.47%  [Elapsed: 0:00:00 ETA: 0:00:06] Portfolio Val: 100,000.00Progress ||   8.58%  [Elapsed: 0:00:00 ETA: 0:00:06] Portfolio Val: 100,000.00Progress ||   8.73%  [Elapsed: 0:00:00 ETA: 0:00:06] Portfolio Val: 100,000.00Progress ||   8.88%  [Elapsed: 0:00:00 ETA: 0:00:06] Portfolio Val: 100,000.00Progress ||   8.92%  [Elapsed: 0:00:00 ETA: 0:00:06] Portfolio Val: 100,000.00Progress ||   9.03%  [Elapsed: 0:00:00 ETA: 0:00:05] Portfolio Val: 100,000.00Progress ||   9.07%  [Elapsed: 0:00:00 ETA: 0:00:05] Portfolio Val: 100,000.00Progress ||   9.18%  [Elapsed: 0:00:00 ETA: 0:00:05] Portfolio Val: 100,000.00Progress ||   9.22%  [Elapsed: 0:00:00 ETA: 0:00:05] Portfolio Val: 100,000.00Progress ||   9.33%  [Elapsed: 0:00:00 ETA: 0:00:05] Portfolio Val: 100,000.00Progress ||   9.37%  [Elapsed: 0:00:00 ETA: 0:00:05] Portfolio Val: 100,000.00Progress ||   9.48%  [Elapsed: 0:00:00 ETA: 0:00:05] Portfolio Val: 100,000.00Progress ||   9.52%  [Elapsed: 0:00:00 ETA: 0:00:05] Portfolio Val: 100,000.00Progress ||   9.63%  [Elapsed: 0:00:00 ETA: 0:00:05] Portfolio Val: 100,000.00Progress ||   9.78%  [Elapsed: 0:00:00 ETA: 0:00:05] Portfolio Val: 100,000.00Progress ||   9.92%  [Elapsed: 0:00:00 ETA: 0:00:05] Portfolio Val: 100,000.00Progress ||   9.97%  [Elapsed: 0:00:00 ETA: 0:00:05] Portfolio Val: 100,000.00Progress ||  10.07%  [Elapsed: 0:00:00 ETA: 0:00:05] Portfolio Val: 100,000.00Progress ||  10.12%  [Elapsed: 0:00:00 ETA: 0:00:05] Portfolio Val: 100,000.00Progress ||  10.22%  [Elapsed: 0:00:00 ETA: 0:00:05] Portfolio Val: 100,000.00Progress ||  10.27%  [Elapsed: 0:00:00 ETA: 0:00:05] Portfolio Val: 100,000.00Progress ||  10.37%  [Elapsed: 0:00:00 ETA: 0:00:05] Portfolio Val: 100,000.00Progress ||  10.42%  [Elapsed: 0:00:00 ETA: 0:00:05] Portfolio Val: 100,000.00Progress ||  10.52%  [Elapsed: 0:00:00 ETA: 0:00:05] Portfolio Val: 100,000.00Progress ||  10.57%  [Elapsed: 0:00:00 ETA: 0:00:05] Portfolio Val: 100,000.00Progress ||  10.67%  [Elapsed: 0:00:00 ETA: 0:00:04] Portfolio Val: 100,000.00Progress ||  10.82%  [Elapsed: 0:00:00 ETA: 0:00:04] Portfolio Val: 100,000.00Progress ||  10.97%  [Elapsed: 0:00:00 ETA: 0:00:04] Portfolio Val: 100,000.00Progress ||  11.02%  [Elapsed: 0:00:00 ETA: 0:00:04] Portfolio Val: 100,000.00Progress ||  11.12%  [Elapsed: 0:00:00 ETA: 0:00:04] Portfolio Val: 100,000.00Progress ||  11.17%  [Elapsed: 0:00:00 ETA: 0:00:04] Portfolio Val: 100,000.00Progress ||  11.27%  [Elapsed: 0:00:00 ETA: 0:00:04] Portfolio Val: 100,000.00Progress ||  11.32%  [Elapsed: 0:00:00 ETA: 0:00:04] Portfolio Val: 100,000.00Progress ||  11.42%  [Elapsed: 0:00:00 ETA: 0:00:04] Portfolio Val: 100,000.00Progress ||  11.47%  [Elapsed: 0:00:00 ETA: 0:00:04] Portfolio Val: 100,000.00Progress ||  11.57%  [Elapsed: 0:00:00 ETA: 0:00:04] Portfolio Val: 100,000.00Progress ||  11.62%  [Elapsed: 0:00:00 ETA: 0:00:04] Portfolio Val: 100,000.00Progress ||  11.72%  [Elapsed: 0:00:00 ETA: 0:00:04] Portfolio Val: 100,000.00Progress ||  11.87%  [Elapsed: 0:00:00 ETA: 0:00:04] Portfolio Val: 100,000.00Progress ||  12.02%  [Elapsed: 0:00:00 ETA: 0:00:04] Portfolio Val: 100,000.00Progress ||  12.06%  [Elapsed: 0:00:00 ETA: 0:00:04] Portfolio Val: 100,000.00Progress ||  12.17%  [Elapsed: 0:00:00 ETA: 0:00:04] Portfolio Val: 100,000.00Progress ||  12.21%  [Elapsed: 0:00:00 ETA: 0:00:04] Portfolio Val: 100,000.00Progress ||  12.32%  [Elapsed: 0:00:00 ETA: 0:00:04] Portfolio Val: 100,000.00Progress ||  12.36%  [Elapsed: 0:00:00 ETA: 0:00:04] Portfolio Val: 100,000.00Progress ||  12.47%  [Elapsed: 0:00:00 ETA: 0:00:04] Portfolio Val: 100,000.00Progress ||  12.62%  [Elapsed: 0:00:00 ETA: 0:00:04] Portfolio Val: 100,000.00Progress ||  12.64%  [Elapsed: 0:00:00 ETA: 0:00:04] Portfolio Val: 100,000.00Progress ||  12.76%  [Elapsed: 0:00:00 ETA: 0:00:04] Portfolio Val: 100,000.00Progress ||  12.91%  [Elapsed: 0:00:00 ETA: 0:00:03] Portfolio Val: 100,000.00Progress ||  13.06%  [Elapsed: 0:00:00 ETA: 0:00:03] Portfolio Val: 100,000.00Progress ||  13.11%  [Elapsed: 0:00:00 ETA: 0:00:03] Portfolio Val: 100,000.00Progress ||  13.21%  [Elapsed: 0:00:00 ETA: 0:00:03] Portfolio Val: 100,000.00Progress ||  13.26%  [Elapsed: 0:00:00 ETA: 0:00:03] Portfolio Val: 100,000.00Progress ||  13.36%  [Elapsed: 0:00:00 ETA: 0:00:03] Portfolio Val: 100,000.00Progress ||  13.41%  [Elapsed: 0:00:00 ETA: 0:00:03] Portfolio Val: 100,000.00Progress ||  13.51%  [Elapsed: 0:00:00 ETA: 0:00:03] Portfolio Val: 100,000.00Progress ||  13.56%  [Elapsed: 0:00:00 ETA: 0:00:03] Portfolio Val: 100,000.00Progress ||  13.66%  [Elapsed: 0:00:00 ETA: 0:00:03] Portfolio Val: 100,000.00Progress ||  13.71%  [Elapsed: 0:00:00 ETA: 0:00:03] Portfolio Val: 100,000.00Progress ||  13.81%  [Elapsed: 0:00:00 ETA: 0:00:03] Portfolio Val: 100,000.00Progress ||  13.96%  [Elapsed: 0:00:00 ETA: 0:00:03] Portfolio Val: 100,000.00Progress ||  14.11%  [Elapsed: 0:00:00 ETA: 0:00:03] Portfolio Val: 100,000.00Progress ||  14.16%  [Elapsed: 0:00:00 ETA: 0:00:03] Portfolio Val: 100,000.00Progress ||  14.26%  [Elapsed: 0:00:00 ETA: 0:00:03] Portfolio Val: 100,000.00Progress ||  14.31%  [Elapsed: 0:00:00 ETA: 0:00:03] Portfolio Val: 100,000.00Progress ||  14.41%  [Elapsed: 0:00:00 ETA: 0:00:03] Portfolio Val: 100,000.00Progress ||  14.46%  [Elapsed: 0:00:00 ETA: 0:00:03] Portfolio Val: 100,000.00Progress ||  14.56%  [Elapsed: 0:00:00 ETA: 0:00:03] Portfolio Val: 100,000.00Progress ||  14.61%  [Elapsed: 0:00:00 ETA: 0:00:03] Portfolio Val: 100,000.00Progress ||  14.71%  [Elapsed: 0:00:00 ETA: 0:00:03] Portfolio Val: 100,000.00Progress ||  14.75%  [Elapsed: 0:00:00 ETA: 0:00:03] Portfolio Val: 100,000.00Progress ||  14.86%  [Elapsed: 0:00:00 ETA: 0:00:03] Portfolio Val: 100,000.00Progress ||  15.01%  [Elapsed: 0:00:00 ETA: 0:00:03] Portfolio Val: 100,000.00Progress ||  15.16%  [Elapsed: 0:00:00 ETA: 0:00:03] Portfolio Val: 100,000.00Progress ||  15.20%  [Elapsed: 0:00:00 ETA: 0:00:03] Portfolio Val: 100,000.00Progress ||  15.31%  [Elapsed: 0:00:00 ETA: 0:00:03] Portfolio Val: 100,000.00Progress ||  15.35%  [Elapsed: 0:00:00 ETA: 0:00:03] Portfolio Val: 100,000.00Progress ||  15.46%  [Elapsed: 0:00:00 ETA: 0:00:03] Portfolio Val: 100,000.00Progress ||  15.50%  [Elapsed: 0:00:00 ETA: 0:00:03] Portfolio Val: 100,000.00Progress ||  15.60%  [Elapsed: 0:00:00 ETA: 0:00:03] Portfolio Val: 100,000.00Progress ||  15.65%  [Elapsed: 0:00:00 ETA: 0:00:03] Portfolio Val: 100,000.00Progress ||  15.75%  [Elapsed: 0:00:00 ETA: 0:00:03] Portfolio Val: 100,000.00Progress ||  15.80%  [Elapsed: 0:00:00 ETA: 0:00:03] Portfolio Val: 100,000.00Progress ||  15.90%  [Elapsed: 0:00:00 ETA: 0:00:03] Portfolio Val: 100,000.00Progress ||  16.05%  [Elapsed: 0:00:00 ETA: 0:00:03] Portfolio Val: 100,000.00Progress ||  16.20%  [Elapsed: 0:00:00 ETA: 0:00:03] Portfolio Val: 100,000.00Progress ||  16.25%  [Elapsed: 0:00:00 ETA: 0:00:03] Portfolio Val: 100,000.00Progress ||  16.35%  [Elapsed: 0:00:00 ETA: 0:00:03] Portfolio Val: 100,000.00Progress ||  16.40%  [Elapsed: 0:00:00 ETA: 0:00:03] Portfolio Val: 100,000.00Progress ||  16.50%  [Elapsed: 0:00:00 ETA: 0:00:03] Portfolio Val: 100,000.00Progress ||  16.55%  [Elapsed: 0:00:00 ETA: 0:00:02] Portfolio Val: 100,000.00Progress ||  16.65%  [Elapsed: 0:00:00 ETA: 0:00:02] Portfolio Val: 100,000.00Progress ||  16.70%  [Elapsed: 0:00:00 ETA: 0:00:02] Portfolio Val: 100,000.00Progress ||  16.80%  [Elapsed: 0:00:00 ETA: 0:00:02] Portfolio Val: 100,000.00Progress ||  16.85%  [Elapsed: 0:00:00 ETA: 0:00:02] Portfolio Val: 100,000.00Progress ||  16.95%  [Elapsed: 0:00:00 ETA: 0:00:02] Portfolio Val: 100,000.00Progress ||  17.10%  [Elapsed: 0:00:00 ETA: 0:00:02] Portfolio Val: 100,000.00Progress ||  17.25%  [Elapsed: 0:00:00 ETA: 0:00:02] Portfolio Val: 100,000.00Progress ||  17.40%  [Elapsed: 0:00:00 ETA: 0:00:02] Portfolio Val: 100,000.00Progress ||  17.45%  [Elapsed: 0:00:00 ETA: 0:00:02] Portfolio Val: 100,000.00Progress ||  17.55%  [Elapsed: 0:00:00 ETA: 0:00:02] Portfolio Val: 100,000.00Progress ||  17.59%  [Elapsed: 0:00:00 ETA: 0:00:02] Portfolio Val: 100,000.00Progress ||  17.70%  [Elapsed: 0:00:00 ETA: 0:00:02] Portfolio Val: 100,000.00Progress ||  17.74%  [Elapsed: 0:00:00 ETA: 0:00:02] Portfolio Val: 100,000.00Progress ||  17.85%  [Elapsed: 0:00:00 ETA: 0:00:02] Portfolio Val: 100,000.00Progress ||  17.89%  [Elapsed: 0:00:00 ETA: 0:00:02] Portfolio Val: 100,000.00Progress ||  18.00%  [Elapsed: 0:00:00 ETA: 0:00:02] Portfolio Val: 100,000.00Progress ||  18.15%  [Elapsed: 0:00:00 ETA: 0:00:02] Portfolio Val: 100,000.00Progress ||  18.30%  [Elapsed: 0:00:00 ETA: 0:00:02] Portfolio Val: 100,000.00Progress ||  18.44%  [Elapsed: 0:00:00 ETA: 0:00:02] Portfolio Val: 100,000.00Progress ||  18.49%  [Elapsed: 0:00:00 ETA: 0:00:02] Portfolio Val: 100,000.00Progress ||  18.59%  [Elapsed: 0:00:00 ETA: 0:00:02] Portfolio Val: 100,000.00Progress ||  18.64%  [Elapsed: 0:00:00 ETA: 0:00:02] Portfolio Val: 100,000.00Progress ||  18.74%  [Elapsed: 0:00:00 ETA: 0:00:02] Portfolio Val: 100,000.00Progress ||  18.79%  [Elapsed: 0:00:00 ETA: 0:00:02] Portfolio Val: 100,000.00Progress ||  18.89%  [Elapsed: 0:00:00 ETA: 0:00:02] Portfolio Val: 100,000.00Progress ||  18.94%  [Elapsed: 0:00:00 ETA: 0:00:02] Portfolio Val: 100,000.00Progress ||  19.04%  [Elapsed: 0:00:00 ETA: 0:00:02] Portfolio Val: 100,000.00Progress ||  19.19%  [Elapsed: 0:00:00 ETA: 0:00:02] Portfolio Val: 100,000.00Progress ||  19.34%  [Elapsed: 0:00:00 ETA: 0:00:02] Portfolio Val: 100,000.00Progress ||  19.39%  [Elapsed: 0:00:00 ETA: 0:00:02] Portfolio Val: 100,000.00Progress ||  19.49%  [Elapsed: 0:00:00 ETA: 0:00:02] Portfolio Val: 100,000.00Progress ||  19.54%  [Elapsed: 0:00:00 ETA: 0:00:02] Portfolio Val: 100,000.00Progress ||  19.64%  [Elapsed: 0:00:00 ETA: 0:00:02] Portfolio Val: 100,000.00Progress ||  19.69%  [Elapsed: 0:00:00 ETA: 0:00:02] Portfolio Val: 100,000.00Progress ||  19.79%  [Elapsed: 0:00:00 ETA: 0:00:02] Portfolio Val: 100,000.00Progress ||  19.84%  [Elapsed: 0:00:00 ETA: 0:00:02] Portfolio Val: 100,000.00Progress ||  19.94%  [Elapsed: 0:00:00 ETA: 0:00:02] Portfolio Val: 100,000.00Progress ||  19.99%  [Elapsed: 0:00:00 ETA: 0:00:02] Portfolio Val: 100,000.00Progress ||  20.09%  [Elapsed: 0:00:00 ETA: 0:00:02] Portfolio Val: 100,000.00Progress ||  20.24%  [Elapsed: 0:00:00 ETA: 0:00:02] Portfolio Val: 100,000.00Progress ||  20.39%  [Elapsed: 0:00:00 ETA: 0:00:02] Portfolio Val: 100,000.00Progress ||  20.54%  [Elapsed: 0:00:00 ETA: 0:00:02] Portfolio Val: 100,000.00Progress ||  20.58%  [Elapsed: 0:00:00 ETA: 0:00:02] Portfolio Val: 100,000.00Progress ||  20.69%  [Elapsed: 0:00:00 ETA: 0:00:02] Portfolio Val: 100,000.00Progress ||  20.73%  [Elapsed: 0:00:00 ETA: 0:00:02] Portfolio Val: 100,000.00Progress ||  20.84%  [Elapsed: 0:00:00 ETA: 0:00:02] Portfolio Val: 100,000.00Progress ||  20.88%  [Elapsed: 0:00:00 ETA: 0:00:02] Portfolio Val: 100,000.00Progress ||  20.99%  [Elapsed: 0:00:00 ETA: 0:00:02] Portfolio Val: 100,000.00Progress ||  21.03%  [Elapsed: 0:00:00 ETA: 0:00:02] Portfolio Val: 100,000.00Progress ||  21.14%  [Elapsed: 0:00:00 ETA: 0:00:02] Portfolio Val: 100,000.00Progress ||  21.28%  [Elapsed: 0:00:00 ETA: 0:00:02] Portfolio Val: 100,000.00Progress ||  21.43%  [Elapsed: 0:00:00 ETA: 0:00:02] Portfolio Val: 100,000.00Progress ||  21.48%  [Elapsed: 0:00:00 ETA: 0:00:02] Portfolio Val: 100,000.00Progress ||  21.58%  [Elapsed: 0:00:00 ETA: 0:00:02] Portfolio Val: 100,000.00Progress ||  21.63%  [Elapsed: 0:00:00 ETA: 0:00:02] Portfolio Val: 100,000.00Progress ||  21.73%  [Elapsed: 0:00:00 ETA: 0:00:02] Portfolio Val: 100,000.00Progress ||  21.78%  [Elapsed: 0:00:00 ETA: 0:00:02] Portfolio Val: 100,000.00Progress ||  21.88%  [Elapsed: 0:00:00 ETA: 0:00:02] Portfolio Val: 100,000.00Progress ||  21.93%  [Elapsed: 0:00:00 ETA: 0:00:02] Portfolio Val: 100,000.00Progress ||  22.03%  [Elapsed: 0:00:00 ETA: 0:00:02] Portfolio Val: 100,000.00Progress ||  22.08%  [Elapsed: 0:00:00 ETA: 0:00:02] Portfolio Val: 100,000.00Progress ||  22.18%  [Elapsed: 0:00:00 ETA: 0:00:02] Portfolio Val: 100,000.00Progress ||  22.33%  [Elapsed: 0:00:00 ETA: 0:00:02] Portfolio Val: 100,000.00Progress ||  22.48%  [Elapsed: 0:00:00 ETA: 0:00:02] Portfolio Val: 100,000.00Progress ||  22.53%  [Elapsed: 0:00:00 ETA: 0:00:02] Portfolio Val: 100,000.00Progress ||  22.63%  [Elapsed: 0:00:00 ETA: 0:00:02] Portfolio Val: 100,000.00Progress ||  22.68%  [Elapsed: 0:00:00 ETA: 0:00:02] Portfolio Val: 100,000.00Progress ||  22.78%  [Elapsed: 0:00:00 ETA: 0:00:02] Portfolio Val: 100,000.00Progress ||  22.83%  [Elapsed: 0:00:00 ETA: 0:00:02] Portfolio Val: 100,000.00Progress ||  22.93%  [Elapsed: 0:00:00 ETA: 0:00:02] Portfolio Val: 100,000.00Progress ||  22.98%  [Elapsed: 0:00:00 ETA: 0:00:01] Portfolio Val: 100,000.00Progress ||  23.08%  [Elapsed: 0:00:00 ETA: 0:00:01] Portfolio Val: 100,000.00Progress ||  23.13%  [Elapsed: 0:00:00 ETA: 0:00:01] Portfolio Val: 100,000.00Progress ||  23.23%  [Elapsed: 0:00:00 ETA: 0:00:01] Portfolio Val: 100,000.00Progress ||  23.38%  [Elapsed: 0:00:00 ETA: 0:00:01] Portfolio Val: 100,000.00Progress ||  23.53%  [Elapsed: 0:00:00 ETA: 0:00:01] Portfolio Val: 100,000.00Progress ||  23.57%  [Elapsed: 0:00:00 ETA: 0:00:01] Portfolio Val: 100,000.00Progress ||  23.68%  [Elapsed: 0:00:00 ETA: 0:00:01] Portfolio Val: 100,000.00Progress ||  23.72%  [Elapsed: 0:00:00 ETA: 0:00:01] Portfolio Val: 100,000.00Progress ||  23.83%  [Elapsed: 0:00:00 ETA: 0:00:01] Portfolio Val: 100,000.00Progress ||  23.87%  [Elapsed: 0:00:00 ETA: 0:00:01] Portfolio Val: 100,000.00Progress ||  23.98%  [Elapsed: 0:00:00 ETA: 0:00:01] Portfolio Val: 100,000.00Progress ||  24.02%  [Elapsed: 0:00:00 ETA: 0:00:01] Portfolio Val: 100,000.00Progress ||  24.12%  [Elapsed: 0:00:00 ETA: 0:00:01] Portfolio Val: 100,000.00Progress ||  24.17%  [Elapsed: 0:00:00 ETA: 0:00:01] Portfolio Val: 100,000.00Progress ||  24.27%  [Elapsed: 0:00:00 ETA: 0:00:01] Portfolio Val: 100,000.00Progress ||  24.42%  [Elapsed: 0:00:00 ETA: 0:00:01] Portfolio Val: 100,000.00Progress ||  24.57%  [Elapsed: 0:00:00 ETA: 0:00:01] Portfolio Val: 100,000.00Progress ||  24.62%  [Elapsed: 0:00:00 ETA: 0:00:01] Portfolio Val: 100,000.00Progress ||  24.72%  [Elapsed: 0:00:00 ETA: 0:00:01] Portfolio Val: 100,000.00Progress ||  24.77%  [Elapsed: 0:00:00 ETA: 0:00:01] Portfolio Val: 100,000.00Progress ||  24.87%  [Elapsed: 0:00:00 ETA: 0:00:01] Portfolio Val: 100,000.00Progress ||  24.92%  [Elapsed: 0:00:00 ETA: 0:00:01] Portfolio Val: 100,000.00Progress ||  25.02%  [Elapsed: 0:00:00 ETA: 0:00:01] Portfolio Val: 100,000.00Progress ||  25.07%  [Elapsed: 0:00:00 ETA: 0:00:01] Portfolio Val: 100,000.00Progress ||  25.17%  [Elapsed: 0:00:00 ETA: 0:00:01] Portfolio Val: 100,000.00Progress ||  25.22%  [Elapsed: 0:00:00 ETA: 0:00:01] Portfolio Val: 100,000.00Progress ||  25.32%  [Elapsed: 0:00:00 ETA: 0:00:01] Portfolio Val: 100,000.00Progress ||  25.47%  [Elapsed: 0:00:00 ETA: 0:00:01] Portfolio Val: 100,000.00Progress ||  25.62%  [Elapsed: 0:00:00 ETA: 0:00:01] Portfolio Val: 100,000.00Progress ||  25.77%  [Elapsed: 0:00:00 ETA: 0:00:01] Portfolio Val: 100,000.00Progress ||  25.82%  [Elapsed: 0:00:00 ETA: 0:00:01] Portfolio Val: 100,000.00Progress ||  25.92%  [Elapsed: 0:00:00 ETA: 0:00:01] Portfolio Val: 100,000.00Progress ||  25.97%  [Elapsed: 0:00:00 ETA: 0:00:01] Portfolio Val: 100,000.00Progress ||  26.07%  [Elapsed: 0:00:00 ETA: 0:00:01] Portfolio Val: 100,000.00Progress ||  26.11%  [Elapsed: 0:00:00 ETA: 0:00:01] Portfolio Val: 100,000.00Progress ||  26.22%  [Elapsed: 0:00:00 ETA: 0:00:01] Portfolio Val: 100,000.00Progress ||  26.26%  [Elapsed: 0:00:00 ETA: 0:00:01] Portfolio Val: 100,000.00Progress ||  26.37%  [Elapsed: 0:00:00 ETA: 0:00:01] Portfolio Val: 100,000.00Progress ||  26.52%  [Elapsed: 0:00:00 ETA: 0:00:01] Portfolio Val: 100,000.00Progress ||  26.67%  [Elapsed: 0:00:00 ETA: 0:00:01] Portfolio Val: 100,000.00Progress ||  26.71%  [Elapsed: 0:00:00 ETA: 0:00:01] Portfolio Val: 100,000.00Progress ||  26.82%  [Elapsed: 0:00:00 ETA: 0:00:01] Portfolio Val: 100,000.00Progress ||  26.86%  [Elapsed: 0:00:00 ETA: 0:00:01] Portfolio Val: 100,000.00Progress ||  26.97%  [Elapsed: 0:00:00 ETA: 0:00:01] Portfolio Val: 100,000.00Progress ||  27.01%  [Elapsed: 0:00:00 ETA: 0:00:01] Portfolio Val: 100,000.00Progress ||  27.11%  [Elapsed: 0:00:00 ETA: 0:00:01] Portfolio Val: 100,000.00Progress ||  27.16%  [Elapsed: 0:00:00 ETA: 0:00:01] Portfolio Val: 100,000.00Progress ||  27.26%  [Elapsed: 0:00:00 ETA: 0:00:01] Portfolio Val: 100,000.00Progress ||  27.31%  [Elapsed: 0:00:00 ETA: 0:00:01] Portfolio Val: 100,000.00Progress ||  27.41%  [Elapsed: 0:00:00 ETA: 0:00:01] Portfolio Val: 100,000.00Progress ||  27.56%  [Elapsed: 0:00:00 ETA: 0:00:01] Portfolio Val: 100,000.00Progress ||  27.71%  [Elapsed: 0:00:00 ETA: 0:00:01] Portfolio Val: 100,000.00Progress ||  27.76%  [Elapsed: 0:00:00 ETA: 0:00:01] Portfolio Val: 100,000.00Progress ||  27.86%  [Elapsed: 0:00:00 ETA: 0:00:01] Portfolio Val: 100,000.00Progress ||  27.91%  [Elapsed: 0:00:00 ETA: 0:00:01] Portfolio Val: 100,000.00Progress ||  28.01%  [Elapsed: 0:00:00 ETA: 0:00:01] Portfolio Val: 100,000.00Progress ||  28.06%  [Elapsed: 0:00:00 ETA: 0:00:01] Portfolio Val: 100,000.00Progress ||  28.16%  [Elapsed: 0:00:00 ETA: 0:00:01] Portfolio Val: 100,000.00Progress ||  28.21%  [Elapsed: 0:00:00 ETA: 0:00:01] Portfolio Val: 100,000.00Progress ||  28.31%  [Elapsed: 0:00:00 ETA: 0:00:01] Portfolio Val: 100,000.00Progress ||  28.36%  [Elapsed: 0:00:00 ETA: 0:00:01] Portfolio Val: 100,000.00Progress ||  28.46%  [Elapsed: 0:00:00 ETA: 0:00:01] Portfolio Val: 100,000.00Progress ||  28.61%  [Elapsed: 0:00:00 ETA: 0:00:01] Portfolio Val: 100,000.00Progress ||  28.76%  [Elapsed: 0:00:00 ETA: 0:00:01] Portfolio Val: 100,000.00Progress ||  28.80%  [Elapsed: 0:00:00 ETA: 0:00:01] Portfolio Val: 100,000.00Progress ||  28.91%  [Elapsed: 0:00:00 ETA: 0:00:01] Portfolio Val: 100,000.00Progress ||  28.95%  [Elapsed: 0:00:00 ETA: 0:00:01] Portfolio Val: 100,000.00Progress ||  29.06%  [Elapsed: 0:00:00 ETA: 0:00:01] Portfolio Val: 100,000.00Progress ||  29.10%  [Elapsed: 0:00:00 ETA: 0:00:01] Portfolio Val: 100,000.00Progress ||  29.21%  [Elapsed: 0:00:00 ETA: 0:00:01] Portfolio Val: 100,000.00Progress ||  29.25%  [Elapsed: 0:00:00 ETA: 0:00:01] Portfolio Val: 100,000.00Progress ||  29.36%  [Elapsed: 0:00:00 ETA: 0:00:01] Portfolio Val: 100,000.00Progress ||  29.40%  [Elapsed: 0:00:00 ETA: 0:00:01] Portfolio Val: 100,000.00Progress ||  29.51%  [Elapsed: 0:00:00 ETA: 0:00:01] Portfolio Val: 100,000.00Progress ||  29.66%  [Elapsed: 0:00:00 ETA: 0:00:01] Portfolio Val: 100,000.00Progress ||  29.81%  [Elapsed: 0:00:00 ETA: 0:00:01] Portfolio Val: 100,000.00Progress ||  29.85%  [Elapsed: 0:00:00 ETA: 0:00:01] Portfolio Val: 100,000.00Progress ||  29.95%  [Elapsed: 0:00:00 ETA: 0:00:01] Portfolio Val: 100,000.00Progress ||  30.00%  [Elapsed: 0:00:00 ETA: 0:00:01] Portfolio Val: 100,000.00Progress ||  30.10%  [Elapsed: 0:00:00 ETA: 0:00:01] Portfolio Val: 100,000.00Progress ||  30.14%  [Elapsed: 0:00:00 ETA: 0:00:01] Portfolio Val: 100,000.00Progress ||  30.25%  [Elapsed: 0:00:00 ETA: 0:00:01] Portfolio Val: 100,000.00Progress ||  30.29%  [Elapsed: 0:00:00 ETA: 0:00:01] Portfolio Val: 100,000.00Progress ||  30.40%  [Elapsed: 0:00:00 ETA: 0:00:01] Portfolio Val: 100,000.00Progress ||  30.44%  [Elapsed: 0:00:00 ETA: 0:00:01] Portfolio Val: 100,000.00Progress ||  30.55%  [Elapsed: 0:00:00 ETA: 0:00:01] Portfolio Val: 100,000.00Progress ||  30.70%  [Elapsed: 0:00:00 ETA: 0:00:01] Portfolio Val: 100,000.00Progress ||  30.85%  [Elapsed: 0:00:00 ETA: 0:00:01] Portfolio Val: 100,000.00Progress ||  30.89%  [Elapsed: 0:00:00 ETA: 0:00:01] Portfolio Val: 100,000.00Progress ||  31.00%  [Elapsed: 0:00:00 ETA: 0:00:01] Portfolio Val: 100,000.00Progress ||  31.04%  [Elapsed: 0:00:00 ETA: 0:00:01] Portfolio Val: 100,000.00Progress ||  31.15%  [Elapsed: 0:00:00 ETA: 0:00:01] Portfolio Val: 100,000.00Progress ||  31.19%  [Elapsed: 0:00:00 ETA: 0:00:01] Portfolio Val: 100,000.00Progress ||  31.30%  [Elapsed: 0:00:00 ETA: 0:00:01] Portfolio Val: 100,000.00Progress ||  31.34%  [Elapsed: 0:00:00 ETA: 0:00:01] Portfolio Val: 100,000.00Progress ||  31.45%  [Elapsed: 0:00:00 ETA: 0:00:01] Portfolio Val: 100,000.00Progress ||  31.60%  [Elapsed: 0:00:00 ETA: 0:00:01] Portfolio Val: 100,000.00Progress ||  31.75%  [Elapsed: 0:00:00 ETA: 0:00:01] Portfolio Val: 100,000.00Progress ||  31.90%  [Elapsed: 0:00:00 ETA: 0:00:01] Portfolio Val: 100,000.00Progress ||  31.94%  [Elapsed: 0:00:00 ETA: 0:00:01] Portfolio Val: 100,000.00Progress ||  32.05%  [Elapsed: 0:00:00 ETA: 0:00:01] Portfolio Val: 100,000.00Progress ||  32.09%  [Elapsed: 0:00:00 ETA: 0:00:01] Portfolio Val: 100,000.00Progress ||  32.20%  [Elapsed: 0:00:00 ETA: 0:00:01] Portfolio Val: 100,000.00Progress ||  32.24%  [Elapsed: 0:00:00 ETA: 0:00:01] Portfolio Val: 100,000.00Progress ||  32.35%  [Elapsed: 0:00:00 ETA: 0:00:01] Portfolio Val: 100,000.00Progress ||  32.39%  [Elapsed: 0:00:00 ETA: 0:00:01] Portfolio Val: 100,000.00Progress ||  32.50%  [Elapsed: 0:00:00 ETA: 0:00:01] Portfolio Val: 100,000.00Progress ||  32.54%  [Elapsed: 0:00:00 ETA: 0:00:01] Portfolio Val: 100,000.00Progress ||  32.65%  [Elapsed: 0:00:00 ETA: 0:00:01] Portfolio Val: 100,000.00Progress ||  32.79%  [Elapsed: 0:00:00 ETA: 0:00:01] Portfolio Val: 100,000.00Progress ||  32.94%  [Elapsed: 0:00:00 ETA: 0:00:01] Portfolio Val: 100,000.00Progress ||  32.98%  [Elapsed: 0:00:00 ETA: 0:00:01] Portfolio Val: 100,000.00Progress ||  33.09%  [Elapsed: 0:00:00 ETA: 0:00:01] Portfolio Val: 100,000.00Progress ||  33.13%  [Elapsed: 0:00:00 ETA: 0:00:01] Portfolio Val: 100,000.00Progress ||  33.24%  [Elapsed: 0:00:00 ETA: 0:00:01] Portfolio Val: 100,000.00Progress ||  33.28%  [Elapsed: 0:00:00 ETA: 0:00:01] Portfolio Val: 100,000.00Progress ||  33.39%  [Elapsed: 0:00:00 ETA: 0:00:01] Portfolio Val: 100,000.00Progress ||  33.43%  [Elapsed: 0:00:00 ETA: 0:00:01] Portfolio Val: 100,000.00Progress ||  33.54%  [Elapsed: 0:00:00 ETA: 0:00:01] Portfolio Val: 100,000.00Progress ||  33.58%  [Elapsed: 0:00:00 ETA: 0:00:01] Portfolio Val: 100,000.00Progress ||  33.69%  [Elapsed: 0:00:00 ETA: 0:00:01] Portfolio Val: 100,000.00Progress ||  33.84%  [Elapsed: 0:00:00 ETA: 0:00:01] Portfolio Val: 100,000.00Progress ||  33.99%  [Elapsed: 0:00:00 ETA: 0:00:01] Portfolio Val: 100,000.00Progress ||  34.03%  [Elapsed: 0:00:00 ETA: 0:00:01] Portfolio Val: 100,000.00Progress ||  34.14%  [Elapsed: 0:00:00 ETA: 0:00:01] Portfolio Val: 100,000.00Progress ||  34.18%  [Elapsed: 0:00:00 ETA: 0:00:01] Portfolio Val: 100,000.00Progress ||  34.29%  [Elapsed: 0:00:00 ETA: 0:00:01] Portfolio Val: 100,000.00Progress ||  34.33%  [Elapsed: 0:00:00 ETA: 0:00:01] Portfolio Val: 100,000.00Progress ||  34.44%  [Elapsed: 0:00:00 ETA: 0:00:01] Portfolio Val: 100,000.00Progress ||  34.48%  [Elapsed: 0:00:00 ETA: 0:00:01] Portfolio Val: 100,000.00Progress ||  34.59%  [Elapsed: 0:00:00 ETA: 0:00:01] Portfolio Val: 100,000.00Progress ||  34.63%  [Elapsed: 0:00:00 ETA: 0:00:01] Portfolio Val: 100,000.00Progress ||  34.74%  [Elapsed: 0:00:00 ETA: 0:00:01] Portfolio Val: 100,000.00Progress ||  34.89%  [Elapsed: 0:00:00 ETA: 0:00:01] Portfolio Val: 100,000.00Progress ||  35.04%  [Elapsed: 0:00:00 ETA: 0:00:01] Portfolio Val: 100,000.00Progress ||  35.08%  [Elapsed: 0:00:00 ETA: 0:00:01] Portfolio Val: 100,000.00Progress ||  35.19%  [Elapsed: 0:00:00 ETA: 0:00:01] Portfolio Val: 100,000.00Progress ||  35.23%  [Elapsed: 0:00:00 ETA: 0:00:01] Portfolio Val: 100,000.00Progress ||  35.34%  [Elapsed: 0:00:00 ETA: 0:00:01] Portfolio Val: 100,000.00Progress ||  35.38%  [Elapsed: 0:00:00 ETA: 0:00:01] Portfolio Val: 100,000.00Progress ||  35.49%  [Elapsed: 0:00:00 ETA: 0:00:01] Portfolio Val: 100,000.00Progress ||  35.53%  [Elapsed: 0:00:00 ETA: 0:00:01] Portfolio Val: 100,000.00Progress ||  35.63%  [Elapsed: 0:00:00 ETA: 0:00:01] Portfolio Val: 100,000.00Progress ||  35.68%  [Elapsed: 0:00:00 ETA: 0:00:01] Portfolio Val: 100,000.00Progress ||  35.78%  [Elapsed: 0:00:00 ETA: 0:00:01] Portfolio Val: 100,000.00Progress ||  35.93%  [Elapsed: 0:00:00 ETA: 0:00:01] Portfolio Val: 100,000.00Progress ||  36.08%  [Elapsed: 0:00:00 ETA: 0:00:01] Portfolio Val: 100,000.00Progress ||  36.12%  [Elapsed: 0:00:00 ETA: 0:00:01] Portfolio Val: 100,000.00Progress ||  36.23%  [Elapsed: 0:00:00 ETA: 0:00:01] Portfolio Val: 100,000.00Progress ||  36.27%  [Elapsed: 0:00:00 ETA: 0:00:01] Portfolio Val: 100,000.00Progress ||  36.38%  [Elapsed: 0:00:00 ETA: 0:00:01] Portfolio Val: 100,000.00Progress ||  36.42%  [Elapsed: 0:00:00 ETA: 0:00:01] Portfolio Val: 100,000.00Progress ||  36.53%  [Elapsed: 0:00:00 ETA: 0:00:01] Portfolio Val: 100,000.00Progress ||  36.57%  [Elapsed: 0:00:00 ETA: 0:00:01] Portfolio Val: 100,000.00Progress ||  36.68%  [Elapsed: 0:00:00 ETA: 0:00:01] Portfolio Val: 100,000.00Progress ||  36.72%  [Elapsed: 0:00:00 ETA: 0:00:01] Portfolio Val: 100,000.00Progress ||  36.83%  [Elapsed: 0:00:00 ETA: 0:00:01] Portfolio Val: 100,000.00Progress ||  36.98%  [Elapsed: 0:00:00 ETA: 0:00:01] Portfolio Val: 100,000.00Progress ||  37.13%  [Elapsed: 0:00:00 ETA: 0:00:01] Portfolio Val: 100,000.00Progress ||  37.17%  [Elapsed: 0:00:00 ETA: 0:00:01] Portfolio Val: 100,000.00Progress ||  37.28%  [Elapsed: 0:00:00 ETA: 0:00:01] Portfolio Val: 100,000.00Progress ||  37.32%  [Elapsed: 0:00:00 ETA: 0:00:01] Portfolio Val: 100,000.00Progress ||  37.43%  [Elapsed: 0:00:00 ETA: 0:00:01] Portfolio Val: 100,000.00Progress ||  37.47%  [Elapsed: 0:00:00 ETA: 0:00:01] Portfolio Val: 100,000.00Progress ||  37.58%  [Elapsed: 0:00:00 ETA: 0:00:01] Portfolio Val: 100,000.00Progress ||  37.62%  [Elapsed: 0:00:00 ETA: 0:00:01] Portfolio Val: 100,000.00Progress ||  37.73%  [Elapsed: 0:00:00 ETA: 0:00:01] Portfolio Val: 100,000.00Progress ||  37.77%  [Elapsed: 0:00:00 ETA: 0:00:01] Portfolio Val: 100,000.00Progress ||  37.88%  [Elapsed: 0:00:00 ETA: 0:00:01] Portfolio Val: 100,000.00Progress ||  38.03%  [Elapsed: 0:00:00 ETA: 0:00:01] Portfolio Val: 100,000.00Progress ||  38.18%  [Elapsed: 0:00:00 ETA: 0:00:01] Portfolio Val: 100,000.00Progress ||  38.22%  [Elapsed: 0:00:00 ETA: 0:00:01] Portfolio Val: 100,000.00Progress ||  38.33%  [Elapsed: 0:00:00 ETA: 0:00:01] Portfolio Val: 100,000.00Progress ||  38.37%  [Elapsed: 0:00:00 ETA: 0:00:01] Portfolio Val: 100,000.00Progress ||  38.47%  [Elapsed: 0:00:00 ETA: 0:00:01] Portfolio Val: 100,000.00Progress ||  38.52%  [Elapsed: 0:00:00 ETA: 0:00:01] Portfolio Val: 100,000.00Progress ||  38.62%  [Elapsed: 0:00:00 ETA: 0:00:00] Portfolio Val: 100,000.00Progress ||  38.66%  [Elapsed: 0:00:00 ETA: 0:00:00] Portfolio Val: 100,000.00Progress ||  38.77%  [Elapsed: 0:00:00 ETA: 0:00:00] Portfolio Val: 100,000.00Progress ||  38.81%  [Elapsed: 0:00:00 ETA: 0:00:00] Portfolio Val: 100,000.00Progress ||  38.92%  [Elapsed: 0:00:00 ETA: 0:00:00] Portfolio Val: 100,000.00Progress ||  39.07%  [Elapsed: 0:00:00 ETA: 0:00:00] Portfolio Val: 100,000.00Progress ||  39.22%  [Elapsed: 0:00:00 ETA: 0:00:00] Portfolio Val: 100,000.00Progress ||  39.26%  [Elapsed: 0:00:00 ETA: 0:00:00] Portfolio Val: 100,000.00Progress ||  39.37%  [Elapsed: 0:00:00 ETA: 0:00:00] Portfolio Val: 100,000.00Progress ||  39.41%  [Elapsed: 0:00:00 ETA: 0:00:00] Portfolio Val: 100,000.00Progress ||  39.52%  [Elapsed: 0:00:00 ETA: 0:00:00] Portfolio Val: 100,000.00Progress ||  39.56%  [Elapsed: 0:00:00 ETA: 0:00:00] Portfolio Val: 100,000.00Progress ||  39.67%  [Elapsed: 0:00:00 ETA: 0:00:00] Portfolio Val: 100,000.00Progress ||  39.71%  [Elapsed: 0:00:00 ETA: 0:00:00] Portfolio Val: 100,000.00Progress ||  39.82%  [Elapsed: 0:00:00 ETA: 0:00:00] Portfolio Val: 100,000.00Progress ||  39.86%  [Elapsed: 0:00:00 ETA: 0:00:00] Portfolio Val: 100,000.00Progress ||  39.97%  [Elapsed: 0:00:00 ETA: 0:00:00] Portfolio Val: 100,000.00Progress ||  40.12%  [Elapsed: 0:00:00 ETA: 0:00:00] Portfolio Val: 100,000.00Progress ||  40.27%  [Elapsed: 0:00:00 ETA: 0:00:00] Portfolio Val: 100,000.00Progress ||  40.42%  [Elapsed: 0:00:00 ETA: 0:00:00] Portfolio Val: 100,000.00Progress ||  40.46%  [Elapsed: 0:00:00 ETA: 0:00:00] Portfolio Val: 100,000.00Progress ||  40.57%  [Elapsed: 0:00:00 ETA: 0:00:00] Portfolio Val: 100,000.00Progress ||  40.61%  [Elapsed: 0:00:00 ETA: 0:00:00] Portfolio Val: 100,000.00Progress ||  40.72%  [Elapsed: 0:00:00 ETA: 0:00:00] Portfolio Val: 100,000.00Progress ||  40.76%  [Elapsed: 0:00:00 ETA: 0:00:00] Portfolio Val: 100,000.00Progress ||  40.87%  [Elapsed: 0:00:00 ETA: 0:00:00] Portfolio Val: 100,000.00Progress ||  40.91%  [Elapsed: 0:00:00 ETA: 0:00:00] Portfolio Val: 100,000.00Progress ||  41.02%  [Elapsed: 0:00:00 ETA: 0:00:00] Portfolio Val: 100,000.00Progress ||  41.17%  [Elapsed: 0:00:00 ETA: 0:00:00] Portfolio Val: 100,000.00Progress ||  41.31%  [Elapsed: 0:00:00 ETA: 0:00:00] Portfolio Val: 100,000.00Progress ||  41.36%  [Elapsed: 0:00:00 ETA: 0:00:00] Portfolio Val: 100,000.00Progress ||  41.46%  [Elapsed: 0:00:00 ETA: 0:00:00] Portfolio Val: 100,000.00Progress ||  41.50%  [Elapsed: 0:00:00 ETA: 0:00:00] Portfolio Val: 100,000.00Progress ||  41.61%  [Elapsed: 0:00:00 ETA: 0:00:00] Portfolio Val: 100,000.00Progress ||  41.65%  [Elapsed: 0:00:00 ETA: 0:00:00] Portfolio Val: 100,000.00Progress ||  41.76%  [Elapsed: 0:00:00 ETA: 0:00:00] Portfolio Val: 100,000.00Progress ||  41.80%  [Elapsed: 0:00:00 ETA: 0:00:00] Portfolio Val: 100,000.00Progress ||  41.91%  [Elapsed: 0:00:00 ETA: 0:00:00] Portfolio Val: 100,000.00Progress ||  41.95%  [Elapsed: 0:00:00 ETA: 0:00:00] Portfolio Val: 100,000.00Progress ||  42.06%  [Elapsed: 0:00:00 ETA: 0:00:00] Portfolio Val: 100,000.00Progress ||  42.21%  [Elapsed: 0:00:00 ETA: 0:00:00] Portfolio Val: 100,000.00Progress ||  42.36%  [Elapsed: 0:00:00 ETA: 0:00:00] Portfolio Val: 100,000.00Progress ||  42.40%  [Elapsed: 0:00:00 ETA: 0:00:00] Portfolio Val: 100,000.00Progress ||  42.51%  [Elapsed: 0:00:00 ETA: 0:00:00] Portfolio Val: 100,000.00Progress ||  42.55%  [Elapsed: 0:00:00 ETA: 0:00:00] Portfolio Val: 100,000.00Progress ||  42.66%  [Elapsed: 0:00:00 ETA: 0:00:00] Portfolio Val: 100,000.00Progress ||  42.70%  [Elapsed: 0:00:00 ETA: 0:00:00] Portfolio Val: 100,000.00Progress ||  42.81%  [Elapsed: 0:00:00 ETA: 0:00:00] Portfolio Val: 100,000.00Progress ||  42.85%  [Elapsed: 0:00:00 ETA: 0:00:00] Portfolio Val: 100,000.00Progress ||  42.96%  [Elapsed: 0:00:00 ETA: 0:00:00] Portfolio Val: 100,000.00Progress ||  43.00%  [Elapsed: 0:00:00 ETA: 0:00:00] Portfolio Val: 100,000.00Progress ||  43.11%  [Elapsed: 0:00:00 ETA: 0:00:00] Portfolio Val: 100,000.00Progress ||  43.26%  [Elapsed: 0:00:00 ETA: 0:00:00] Portfolio Val: 100,000.00Progress ||  43.41%  [Elapsed: 0:00:00 ETA: 0:00:00] Portfolio Val: 100,000.00Progress ||  43.45%  [Elapsed: 0:00:00 ETA: 0:00:00] Portfolio Val: 100,000.00Progress ||  43.56%  [Elapsed: 0:00:00 ETA: 0:00:00] Portfolio Val: 100,000.00Progress ||  43.60%  [Elapsed: 0:00:00 ETA: 0:00:00] Portfolio Val: 100,000.00Progress ||  43.71%  [Elapsed: 0:00:00 ETA: 0:00:00] Portfolio Val: 100,000.00Progress ||  43.86%  [Elapsed: 0:00:00 ETA: 0:00:00] Portfolio Val: 100,000.00Progress ||  43.90%  [Elapsed: 0:00:00 ETA: 0:00:00] Portfolio Val: 100,000.00Progress ||  44.01%  [Elapsed: 0:00:00 ETA: 0:00:00] Portfolio Val: 100,000.00Progress ||  44.05%  [Elapsed: 0:00:00 ETA: 0:00:00] Portfolio Val: 100,000.00Progress ||  44.15%  [Elapsed: 0:00:00 ETA: 0:00:00] Portfolio Val: 100,000.00Progress ||  44.30%  [Elapsed: 0:00:00 ETA: 0:00:00] Portfolio Val: 100,000.00Progress ||  44.45%  [Elapsed: 0:00:00 ETA: 0:00:00] Portfolio Val: 100,000.00Progress ||  44.49%  [Elapsed: 0:00:00 ETA: 0:00:00] Portfolio Val: 100,000.00Progress ||  44.60%  [Elapsed: 0:00:00 ETA: 0:00:00] Portfolio Val: 100,000.00Progress ||  44.64%  [Elapsed: 0:00:00 ETA: 0:00:00] Portfolio Val: 100,000.00Progress ||  44.75%  [Elapsed: 0:00:00 ETA: 0:00:00] Portfolio Val: 100,000.00Progress ||  44.79%  [Elapsed: 0:00:00 ETA: 0:00:00] Portfolio Val: 100,000.00Progress ||  44.90%  [Elapsed: 0:00:00 ETA: 0:00:00] Portfolio Val: 100,000.00Progress ||  44.94%  [Elapsed: 0:00:00 ETA: 0:00:00] Portfolio Val: 100,000.00Progress ||  45.05%  [Elapsed: 0:00:00 ETA: 0:00:00] Portfolio Val: 100,000.00Progress ||  45.09%  [Elapsed: 0:00:00 ETA: 0:00:00] Portfolio Val: 100,000.00Progress ||  45.20%  [Elapsed: 0:00:00 ETA: 0:00:00] Portfolio Val: 100,000.00Progress ||  45.35%  [Elapsed: 0:00:00 ETA: 0:00:00] Portfolio Val: 100,000.00Progress ||  45.50%  [Elapsed: 0:00:00 ETA: 0:00:00] Portfolio Val: 100,000.00Progress ||  45.54%  [Elapsed: 0:00:00 ETA: 0:00:00] Portfolio Val: 100,000.00Progress ||  45.65%  [Elapsed: 0:00:00 ETA: 0:00:00] Portfolio Val: 100,000.00Progress ||  45.69%  [Elapsed: 0:00:00 ETA: 0:00:00] Portfolio Val: 100,000.00Progress ||  45.80%  [Elapsed: 0:00:00 ETA: 0:00:00] Portfolio Val: 100,000.00Progress ||  45.82%  [Elapsed: 0:00:00 ETA: 0:00:00] Portfolio Val: 100,000.00Progress ||  45.95%  [Elapsed: 0:00:00 ETA: 0:00:00] Portfolio Val: 100,000.00Progress ||  46.10%  [Elapsed: 0:00:00 ETA: 0:00:00] Portfolio Val: 100,000.00Progress ||  46.14%  [Elapsed: 0:00:00 ETA: 0:00:00] Portfolio Val: 100,000.00Progress ||  46.25%  [Elapsed: 0:00:00 ETA: 0:00:00] Portfolio Val: 100,000.00Progress ||  46.40%  [Elapsed: 0:00:00 ETA: 0:00:00] Portfolio Val: 100,000.00Progress ||  46.55%  [Elapsed: 0:00:00 ETA: 0:00:00] Portfolio Val: 100,000.00Progress ||  46.59%  [Elapsed: 0:00:00 ETA: 0:00:00] Portfolio Val: 100,000.00Progress ||  46.70%  [Elapsed: 0:00:00 ETA: 0:00:00] Portfolio Val: 100,000.00Progress ||  46.74%  [Elapsed: 0:00:00 ETA: 0:00:00] Portfolio Val: 100,000.00Progress ||  46.85%  [Elapsed: 0:00:00 ETA: 0:00:00] Portfolio Val: 100,000.00Progress ||  46.89%  [Elapsed: 0:00:00 ETA: 0:00:00] Portfolio Val: 100,000.00Progress ||  46.99%  [Elapsed: 0:00:00 ETA: 0:00:00] Portfolio Val: 100,000.00Progress ||  47.04%  [Elapsed: 0:00:00 ETA: 0:00:00] Portfolio Val: 100,000.00Progress ||  47.14%  [Elapsed: 0:00:00 ETA: 0:00:00] Portfolio Val: 100,000.00Progress ||  47.18%  [Elapsed: 0:00:00 ETA: 0:00:00] Portfolio Val: 100,000.00Progress ||  47.29%  [Elapsed: 0:00:00 ETA: 0:00:00] Portfolio Val: 100,000.00Progress ||  47.44%  [Elapsed: 0:00:00 ETA: 0:00:00] Portfolio Val: 100,000.00Progress ||  47.59%  [Elapsed: 0:00:00 ETA: 0:00:00] Portfolio Val: 100,000.00Progress ||  47.63%  [Elapsed: 0:00:00 ETA: 0:00:00] Portfolio Val: 100,000.00Progress ||  47.74%  [Elapsed: 0:00:00 ETA: 0:00:00] Portfolio Val: 100,000.00Progress ||  47.78%  [Elapsed: 0:00:00 ETA: 0:00:00] Portfolio Val: 100,000.00Progress ||  47.89%  [Elapsed: 0:00:00 ETA: 0:00:00] Portfolio Val: 100,000.00Progress ||  47.93%  [Elapsed: 0:00:00 ETA: 0:00:00] Portfolio Val: 100,000.00Progress ||  48.04%  [Elapsed: 0:00:00 ETA: 0:00:00] Portfolio Val: 100,000.00Progress ||  48.08%  [Elapsed: 0:00:00 ETA: 0:00:00] Portfolio Val: 100,000.00Progress ||  48.19%  [Elapsed: 0:00:00 ETA: 0:00:00] Portfolio Val: 100,000.00Progress ||  48.23%  [Elapsed: 0:00:00 ETA: 0:00:00] Portfolio Val: 100,000.00Progress ||  48.34%  [Elapsed: 0:00:00 ETA: 0:00:00] Portfolio Val: 100,000.00Progress ||  48.49%  [Elapsed: 0:00:00 ETA: 0:00:00] Portfolio Val: 100,000.00Progress ||  48.64%  [Elapsed: 0:00:00 ETA: 0:00:00] Portfolio Val: 100,000.00Progress ||  48.68%  [Elapsed: 0:00:00 ETA: 0:00:00] Portfolio Val: 100,000.00Progress ||  48.79%  [Elapsed: 0:00:00 ETA: 0:00:00] Portfolio Val: 100,000.00Progress ||  48.83%  [Elapsed: 0:00:00 ETA: 0:00:00] Portfolio Val: 100,000.00Progress ||  48.94%  [Elapsed: 0:00:00 ETA: 0:00:00] Portfolio Val: 100,000.00Progress ||  48.98%  [Elapsed: 0:00:00 ETA: 0:00:00] Portfolio Val: 100,000.00Progress ||  49.09%  [Elapsed: 0:00:00 ETA: 0:00:00] Portfolio Val: 100,000.00Progress ||  49.13%  [Elapsed: 0:00:00 ETA: 0:00:00] Portfolio Val: 100,000.00Progress ||  49.24%  [Elapsed: 0:00:00 ETA: 0:00:00] Portfolio Val: 100,000.00Progress ||  49.28%  [Elapsed: 0:00:00 ETA: 0:00:00] Portfolio Val: 100,000.00Progress ||  49.39%  [Elapsed: 0:00:00 ETA: 0:00:00] Portfolio Val: 100,000.00Progress ||  49.54%  [Elapsed: 0:00:00 ETA: 0:00:00] Portfolio Val: 100,000.00Progress ||  49.69%  [Elapsed: 0:00:00 ETA: 0:00:00] Portfolio Val: 100,000.00Progress ||  49.73%  [Elapsed: 0:00:00 ETA: 0:00:00] Portfolio Val: 100,000.00Progress ||  49.84%  [Elapsed: 0:00:00 ETA: 0:00:00] Portfolio Val: 100,000.00Progress ||  49.88%  [Elapsed: 0:00:00 ETA: 0:00:00] Portfolio Val: 100,000.00Progress ||  49.98%  [Elapsed: 0:00:00 ETA: 0:00:00] Portfolio Val: 100,000.00Progress ||  50.02%  [Elapsed: 0:00:00 ETA: 0:00:00] Portfolio Val: 100,000.00Progress ||  50.13%  [Elapsed: 0:00:00 ETA: 0:00:00] Portfolio Val: 100,000.00Progress ||  50.17%  [Elapsed: 0:00:00 ETA: 0:00:00] Portfolio Val: 100,000.00Progress ||  50.28%  [Elapsed: 0:00:00 ETA: 0:00:00] Portfolio Val: 100,000.00Progress ||  50.32%  [Elapsed: 0:00:00 ETA: 0:00:00] Portfolio Val: 100,000.00Progress ||  50.43%  [Elapsed: 0:00:00 ETA: 0:00:00] Portfolio Val: 100,000.00Progress ||  50.58%  [Elapsed: 0:00:00 ETA: 0:00:00] Portfolio Val: 100,000.00Progress ||  50.73%  [Elapsed: 0:00:00 ETA: 0:00:00] Portfolio Val: 100,000.00Progress ||  50.77%  [Elapsed: 0:00:00 ETA: 0:00:00] Portfolio Val: 100,000.00Progress ||  50.88%  [Elapsed: 0:00:00 ETA: 0:00:00] Portfolio Val: 100,000.00Progress ||  50.92%  [Elapsed: 0:00:00 ETA: 0:00:00] Portfolio Val: 100,000.00Progress ||  51.03%  [Elapsed: 0:00:00 ETA: 0:00:00] Portfolio Val: 100,000.00Progress ||  51.07%  [Elapsed: 0:00:00 ETA: 0:00:00] Portfolio Val: 100,000.00Progress ||  51.18%  [Elapsed: 0:00:00 ETA: 0:00:00] Portfolio Val: 100,000.00Progress ||  51.22%  [Elapsed: 0:00:00 ETA: 0:00:00] Portfolio Val: 100,000.00Progress ||  51.33%  [Elapsed: 0:00:00 ETA: 0:00:00] Portfolio Val: 100,000.00Progress ||  51.37%  [Elapsed: 0:00:00 ETA: 0:00:00] Portfolio Val: 100,000.00Progress ||  51.48%  [Elapsed: 0:00:00 ETA: 0:00:00] Portfolio Val: 100,000.00Progress ||  51.63%  [Elapsed: 0:00:00 ETA: 0:00:00] Portfolio Val: 100,000.00Progress ||  51.78%  [Elapsed: 0:00:00 ETA: 0:00:00] Portfolio Val: 100,000.00Progress ||  51.82%  [Elapsed: 0:00:00 ETA: 0:00:00] Portfolio Val: 100,000.00Progress ||  51.93%  [Elapsed: 0:00:00 ETA: 0:00:00] Portfolio Val: 100,000.00Progress ||  51.97%  [Elapsed: 0:00:00 ETA: 0:00:00] Portfolio Val: 100,000.00Progress ||  52.08%  [Elapsed: 0:00:00 ETA: 0:00:00] Portfolio Val: 100,000.00Progress ||  52.12%  [Elapsed: 0:00:00 ETA: 0:00:00] Portfolio Val: 100,000.00Progress ||  52.23%  [Elapsed: 0:00:00 ETA: 0:00:00] Portfolio Val: 100,000.00Progress ||  52.27%  [Elapsed: 0:00:00 ETA: 0:00:00] Portfolio Val: 100,000.00Progress ||  52.38%  [Elapsed: 0:00:00 ETA: 0:00:00] Portfolio Val: 100,000.00Progress ||  52.42%  [Elapsed: 0:00:00 ETA: 0:00:00] Portfolio Val: 100,000.00Progress ||  52.53%  [Elapsed: 0:00:00 ETA: 0:00:00] Portfolio Val: 100,000.00Progress ||  52.68%  [Elapsed: 0:00:00 ETA: 0:00:00] Portfolio Val: 100,000.00Progress ||  52.82%  [Elapsed: 0:00:00 ETA: 0:00:00] Portfolio Val: 100,000.00Progress ||  52.87%  [Elapsed: 0:00:00 ETA: 0:00:00] Portfolio Val: 100,000.00Progress ||  52.97%  [Elapsed: 0:00:00 ETA: 0:00:00] Portfolio Val: 100,000.00Progress ||  53.01%  [Elapsed: 0:00:00 ETA: 0:00:00] Portfolio Val: 100,000.00Progress ||  53.12%  [Elapsed: 0:00:00 ETA: 0:00:00] Portfolio Val: 100,000.00Progress ||  53.16%  [Elapsed: 0:00:00 ETA: 0:00:00] Portfolio Val: 100,000.00Progress ||  53.27%  [Elapsed: 0:00:00 ETA: 0:00:00] Portfolio Val: 100,000.00Progress ||  53.31%  [Elapsed: 0:00:00 ETA: 0:00:00] Portfolio Val: 100,000.00Progress ||  53.42%  [Elapsed: 0:00:00 ETA: 0:00:00] Portfolio Val: 100,000.00Progress ||  53.46%  [Elapsed: 0:00:00 ETA: 0:00:00] Portfolio Val: 100,000.00Progress ||  53.57%  [Elapsed: 0:00:00 ETA: 0:00:00] Portfolio Val: 100,000.00Progress ||  53.72%  [Elapsed: 0:00:00 ETA: 0:00:00] Portfolio Val: 100,000.00Progress ||  53.87%  [Elapsed: 0:00:00 ETA: 0:00:00] Portfolio Val: 100,000.00Progress ||  53.91%  [Elapsed: 0:00:00 ETA: 0:00:00] Portfolio Val: 100,000.00Progress ||  54.02%  [Elapsed: 0:00:00 ETA: 0:00:00] Portfolio Val: 100,000.00Progress ||  54.06%  [Elapsed: 0:00:00 ETA: 0:00:00] Portfolio Val: 100,000.00Progress ||  54.17%  [Elapsed: 0:00:00 ETA: 0:00:00] Portfolio Val: 100,000.00Progress ||  54.21%  [Elapsed: 0:00:00 ETA: 0:00:00] Portfolio Val: 100,000.00Progress ||  54.32%  [Elapsed: 0:00:00 ETA: 0:00:00] Portfolio Val: 100,000.00Progress ||  54.36%  [Elapsed: 0:00:00 ETA: 0:00:00] Portfolio Val: 100,000.00Progress ||  54.47%  [Elapsed: 0:00:00 ETA: 0:00:00] Portfolio Val: 100,000.00Progress ||  54.51%  [Elapsed: 0:00:00 ETA: 0:00:00] Portfolio Val: 100,000.00Progress ||  54.62%  [Elapsed: 0:00:00 ETA: 0:00:00] Portfolio Val: 100,000.00Progress ||  54.77%  [Elapsed: 0:00:00 ETA: 0:00:00] Portfolio Val: 100,000.00Progress ||  54.92%  [Elapsed: 0:00:00 ETA: 0:00:00] Portfolio Val: 100,000.00Progress ||  55.07%  [Elapsed: 0:00:00 ETA: 0:00:00] Portfolio Val: 100,000.00Progress ||  55.11%  [Elapsed: 0:00:00 ETA: 0:00:00] Portfolio Val: 100,000.00Progress ||  55.22%  [Elapsed: 0:00:00 ETA: 0:00:00] Portfolio Val: 100,000.00Progress ||  55.26%  [Elapsed: 0:00:00 ETA: 0:00:00] Portfolio Val: 100,000.00Progress ||  55.37%  [Elapsed: 0:00:00 ETA: 0:00:00] Portfolio Val: 100,000.00Progress ||  55.41%  [Elapsed: 0:00:00 ETA: 0:00:00] Portfolio Val: 100,000.00Progress ||  55.52%  [Elapsed: 0:00:00 ETA: 0:00:00] Portfolio Val: 100,000.00Progress ||  55.56%  [Elapsed: 0:00:00 ETA: 0:00:00] Portfolio Val: 100,000.00Progress ||  55.66%  [Elapsed: 0:00:00 ETA: 0:00:00] Portfolio Val: 100,000.00Progress ||  55.81%  [Elapsed: 0:00:00 ETA: 0:00:00] Portfolio Val: 100,000.00Progress ||  55.96%  [Elapsed: 0:00:00 ETA: 0:00:00] Portfolio Val: 100,000.00Progress ||  56.00%  [Elapsed: 0:00:00 ETA: 0:00:00] Portfolio Val: 100,000.00Progress ||  56.11%  [Elapsed: 0:00:00 ETA: 0:00:00] Portfolio Val: 100,000.00Progress ||  56.15%  [Elapsed: 0:00:00 ETA: 0:00:00] Portfolio Val: 100,000.00Progress ||  56.26%  [Elapsed: 0:00:00 ETA: 0:00:00] Portfolio Val: 100,000.00Progress ||  56.30%  [Elapsed: 0:00:00 ETA: 0:00:00] Portfolio Val: 100,000.00Progress ||  56.41%  [Elapsed: 0:00:00 ETA: 0:00:00] Portfolio Val: 100,000.00Progress ||  56.45%  [Elapsed: 0:00:00 ETA: 0:00:00] Portfolio Val: 100,000.00Progress ||  56.56%  [Elapsed: 0:00:00 ETA: 0:00:00] Portfolio Val: 100,000.00Progress ||  56.60%  [Elapsed: 0:00:00 ETA: 0:00:00] Portfolio Val: 100,000.00Progress ||  56.71%  [Elapsed: 0:00:00 ETA: 0:00:00] Portfolio Val: 100,000.00Progress ||  56.86%  [Elapsed: 0:00:00 ETA: 0:00:00] Portfolio Val: 100,000.00Progress ||  57.01%  [Elapsed: 0:00:00 ETA: 0:00:00] Portfolio Val: 100,000.00Progress ||  57.05%  [Elapsed: 0:00:00 ETA: 0:00:00] Portfolio Val: 100,000.00Progress ||  57.16%  [Elapsed: 0:00:00 ETA: 0:00:00] Portfolio Val: 100,000.00Progress ||  57.20%  [Elapsed: 0:00:00 ETA: 0:00:00] Portfolio Val: 100,000.00Progress ||  57.31%  [Elapsed: 0:00:00 ETA: 0:00:00] Portfolio Val: 100,000.00Progress ||  57.35%  [Elapsed: 0:00:00 ETA: 0:00:00] Portfolio Val: 100,000.00Progress ||  57.46%  [Elapsed: 0:00:00 ETA: 0:00:00] Portfolio Val: 100,000.00Progress ||  57.50%  [Elapsed: 0:00:00 ETA: 0:00:00] Portfolio Val: 100,000.00Progress ||  57.61%  [Elapsed: 0:00:00 ETA: 0:00:00] Portfolio Val: 100,000.00Progress ||  57.65%  [Elapsed: 0:00:00 ETA: 0:00:00] Portfolio Val: 100,000.00Progress ||  57.76%  [Elapsed: 0:00:00 ETA: 0:00:00] Portfolio Val: 100,000.00Progress ||  57.91%  [Elapsed: 0:00:00 ETA: 0:00:00] Portfolio Val: 100,000.00Progress ||  58.06%  [Elapsed: 0:00:00 ETA: 0:00:00] Portfolio Val: 100,000.00Progress ||  58.10%  [Elapsed: 0:00:00 ETA: 0:00:00] Portfolio Val: 100,000.00Progress ||  58.21%  [Elapsed: 0:00:00 ETA: 0:00:00] Portfolio Val: 100,000.00Progress ||  58.25%  [Elapsed: 0:00:00 ETA: 0:00:00] Portfolio Val: 100,000.00Progress ||  58.36%  [Elapsed: 0:00:00 ETA: 0:00:00] Portfolio Val: 100,000.00Progress ||  58.40%  [Elapsed: 0:00:00 ETA: 0:00:00] Portfolio Val: 100,000.00Progress ||  58.50%  [Elapsed: 0:00:00 ETA: 0:00:00] Portfolio Val: 100,000.00Progress ||  58.55%  [Elapsed: 0:00:00 ETA: 0:00:00] Portfolio Val: 100,000.00Progress ||  58.65%  [Elapsed: 0:00:00 ETA: 0:00:00] Portfolio Val: 100,000.00Progress ||  58.69%  [Elapsed: 0:00:00 ETA: 0:00:00] Portfolio Val: 100,000.00Progress ||  58.80%  [Elapsed: 0:00:00 ETA: 0:00:00] Portfolio Val: 100,000.00Progress ||  58.95%  [Elapsed: 0:00:00 ETA: 0:00:00] Portfolio Val: 100,000.00Progress ||  59.10%  [Elapsed: 0:00:00 ETA: 0:00:00] Portfolio Val: 100,000.00Progress ||  59.14%  [Elapsed: 0:00:00 ETA: 0:00:00] Portfolio Val: 100,000.00Progress ||  59.25%  [Elapsed: 0:00:00 ETA: 0:00:00] Portfolio Val: 100,000.00Progress ||  59.29%  [Elapsed: 0:00:00 ETA: 0:00:00] Portfolio Val: 100,000.00Progress ||  59.40%  [Elapsed: 0:00:00 ETA: 0:00:00] Portfolio Val: 100,000.00Progress ||  59.44%  [Elapsed: 0:00:00 ETA: 0:00:00] Portfolio Val: 100,000.00Progress ||  59.55%  [Elapsed: 0:00:00 ETA: 0:00:00] Portfolio Val: 100,000.00Progress ||  59.59%  [Elapsed: 0:00:00 ETA: 0:00:00] Portfolio Val: 100,000.00Progress ||  59.70%  [Elapsed: 0:00:00 ETA: 0:00:00] Portfolio Val: 100,000.00Progress ||  59.74%  [Elapsed: 0:00:00 ETA: 0:00:00] Portfolio Val: 100,000.00Progress ||  59.85%  [Elapsed: 0:00:00 ETA: 0:00:00] Portfolio Val: 100,000.00Progress ||  60.00%  [Elapsed: 0:00:00 ETA: 0:00:00] Portfolio Val: 100,000.00Progress ||  60.15%  [Elapsed: 0:00:00 ETA: 0:00:00] Portfolio Val: 100,000.00Progress ||  60.19%  [Elapsed: 0:00:00 ETA: 0:00:00] Portfolio Val: 100,000.00Progress ||  60.30%  [Elapsed: 0:00:00 ETA: 0:00:00] Portfolio Val: 100,000.00Progress ||  60.34%  [Elapsed: 0:00:00 ETA: 0:00:00] Portfolio Val: 100,000.00Progress ||  60.45%  [Elapsed: 0:00:00 ETA: 0:00:00] Portfolio Val: 100,000.00Progress ||  60.49%  [Elapsed: 0:00:00 ETA: 0:00:00] Portfolio Val: 100,000.00Progress ||  60.60%  [Elapsed: 0:00:00 ETA: 0:00:00] Portfolio Val: 100,000.00Progress ||  60.64%  [Elapsed: 0:00:00 ETA: 0:00:00] Portfolio Val: 100,000.00Progress ||  60.75%  [Elapsed: 0:00:00 ETA: 0:00:00] Portfolio Val: 100,000.00Progress ||  60.79%  [Elapsed: 0:00:00 ETA: 0:00:00] Portfolio Val: 100,000.00Progress ||  60.90%  [Elapsed: 0:00:00 ETA: 0:00:00] Portfolio Val: 100,000.00Progress ||  61.05%  [Elapsed: 0:00:00 ETA: 0:00:00] Portfolio Val: 100,000.00Progress ||  61.20%  [Elapsed: 0:00:00 ETA: 0:00:00] Portfolio Val: 100,000.00Progress ||  61.24%  [Elapsed: 0:00:00 ETA: 0:00:00] Portfolio Val: 100,000.00Progress ||  61.34%  [Elapsed: 0:00:00 ETA: 0:00:00] Portfolio Val: 100,000.00Progress ||  61.39%  [Elapsed: 0:00:00 ETA: 0:00:00] Portfolio Val: 100,000.00Progress ||  61.49%  [Elapsed: 0:00:00 ETA: 0:00:00] Portfolio Val: 100,000.00Progress ||  61.53%  [Elapsed: 0:00:00 ETA: 0:00:00] Portfolio Val: 100,000.00Progress ||  61.64%  [Elapsed: 0:00:00 ETA: 0:00:00] Portfolio Val: 100,000.00Progress ||  61.68%  [Elapsed: 0:00:00 ETA: 0:00:00] Portfolio Val: 100,000.00Progress ||  61.79%  [Elapsed: 0:00:00 ETA: 0:00:00] Portfolio Val: 100,000.00Progress ||  61.83%  [Elapsed: 0:00:00 ETA: 0:00:00] Portfolio Val: 100,000.00Progress ||  61.94%  [Elapsed: 0:00:00 ETA: 0:00:00] Portfolio Val: 100,000.00Progress ||  62.09%  [Elapsed: 0:00:00 ETA: 0:00:00] Portfolio Val: 100,000.00Progress ||  62.24%  [Elapsed: 0:00:00 ETA: 0:00:00] Portfolio Val: 100,000.00Progress ||  62.28%  [Elapsed: 0:00:00 ETA: 0:00:00] Portfolio Val: 100,000.00Progress ||  62.39%  [Elapsed: 0:00:00 ETA: 0:00:00] Portfolio Val: 100,000.00Progress ||  62.43%  [Elapsed: 0:00:00 ETA: 0:00:00] Portfolio Val: 100,000.00Progress ||  62.54%  [Elapsed: 0:00:00 ETA: 0:00:00] Portfolio Val: 100,000.00Progress ||  62.58%  [Elapsed: 0:00:00 ETA: 0:00:00] Portfolio Val: 100,000.00Progress ||  62.69%  [Elapsed: 0:00:00 ETA: 0:00:00] Portfolio Val: 100,000.00Progress ||  62.73%  [Elapsed: 0:00:00 ETA: 0:00:00] Portfolio Val: 100,000.00Progress ||  62.84%  [Elapsed: 0:00:00 ETA: 0:00:00] Portfolio Val: 100,000.00Progress ||  62.88%  [Elapsed: 0:00:00 ETA: 0:00:00] Portfolio Val: 100,000.00Progress ||  62.99%  [Elapsed: 0:00:00 ETA: 0:00:00] Portfolio Val: 100,000.00Progress ||  63.14%  [Elapsed: 0:00:00 ETA: 0:00:00] Portfolio Val: 100,000.00Progress ||  63.29%  [Elapsed: 0:00:00 ETA: 0:00:00] Portfolio Val: 100,000.00Progress ||  63.33%  [Elapsed: 0:00:00 ETA: 0:00:00] Portfolio Val: 100,000.00Progress ||  63.44%  [Elapsed: 0:00:00 ETA: 0:00:00] Portfolio Val: 100,000.00Progress ||  63.48%  [Elapsed: 0:00:00 ETA: 0:00:00] Portfolio Val: 100,000.00Progress ||  63.59%  [Elapsed: 0:00:00 ETA: 0:00:00] Portfolio Val: 100,000.00Progress ||  63.63%  [Elapsed: 0:00:00 ETA: 0:00:00] Portfolio Val: 100,000.00Progress ||  63.74%  [Elapsed: 0:00:00 ETA: 0:00:00] Portfolio Val: 100,000.00Progress ||  63.78%  [Elapsed: 0:00:00 ETA: 0:00:00] Portfolio Val: 100,000.00Progress ||  63.89%  [Elapsed: 0:00:00 ETA: 0:00:00] Portfolio Val: 100,000.00Progress ||  63.93%  [Elapsed: 0:00:00 ETA: 0:00:00] Portfolio Val: 100,000.00Progress ||  64.04%  [Elapsed: 0:00:00 ETA: 0:00:00] Portfolio Val: 100,000.00Progress ||  64.18%  [Elapsed: 0:00:00 ETA: 0:00:00] Portfolio Val: 100,000.00Progress ||  64.33%  [Elapsed: 0:00:00 ETA: 0:00:00] Portfolio Val: 100,000.00Progress ||  64.38%  [Elapsed: 0:00:00 ETA: 0:00:00] Portfolio Val: 100,000.00Progress ||  64.48%  [Elapsed: 0:00:00 ETA: 0:00:00] Portfolio Val: 100,000.00Progress ||  64.53%  [Elapsed: 0:00:00 ETA: 0:00:00] Portfolio Val: 100,000.00Progress ||  64.63%  [Elapsed: 0:00:00 ETA: 0:00:00] Portfolio Val: 100,000.00Progress ||  64.68%  [Elapsed: 0:00:00 ETA: 0:00:00] Portfolio Val: 100,000.00Progress ||  64.78%  [Elapsed: 0:00:00 ETA: 0:00:00] Portfolio Val: 100,000.00Progress ||  64.83%  [Elapsed: 0:00:00 ETA: 0:00:00] Portfolio Val: 100,000.00Progress ||  64.93%  [Elapsed: 0:00:00 ETA: 0:00:00] Portfolio Val: 100,000.00Progress ||  64.98%  [Elapsed: 0:00:00 ETA: 0:00:00] Portfolio Val: 100,000.00Progress ||  65.08%  [Elapsed: 0:00:00 ETA: 0:00:00] Portfolio Val: 100,000.00Progress ||  65.23%  [Elapsed: 0:00:00 ETA: 0:00:00] Portfolio Val: 100,000.00Progress ||  65.38%  [Elapsed: 0:00:00 ETA: 0:00:00] Portfolio Val: 100,000.00Progress ||  65.43%  [Elapsed: 0:00:00 ETA: 0:00:00] Portfolio Val: 100,000.00Progress ||  65.53%  [Elapsed: 0:00:00 ETA: 0:00:00] Portfolio Val: 100,000.00Progress ||  65.58%  [Elapsed: 0:00:00 ETA: 0:00:00] Portfolio Val: 100,000.00Progress ||  65.68%  [Elapsed: 0:00:00 ETA: 0:00:00] Portfolio Val: 100,000.00Progress ||  65.73%  [Elapsed: 0:00:00 ETA: 0:00:00] Portfolio Val: 100,000.00Progress ||  65.83%  [Elapsed: 0:00:00 ETA: 0:00:00] Portfolio Val: 100,000.00Progress ||  65.88%  [Elapsed: 0:00:00 ETA: 0:00:00] Portfolio Val: 100,000.00Progress ||  65.98%  [Elapsed: 0:00:00 ETA: 0:00:00] Portfolio Val: 100,000.00Progress ||  66.03%  [Elapsed: 0:00:00 ETA: 0:00:00] Portfolio Val: 100,000.00Progress ||  66.13%  [Elapsed: 0:00:00 ETA: 0:00:00] Portfolio Val: 100,000.00Progress ||  66.28%  [Elapsed: 0:00:00 ETA: 0:00:00] Portfolio Val: 100,000.00Progress ||  66.43%  [Elapsed: 0:00:00 ETA: 0:00:00] Portfolio Val: 100,000.00Progress ||  66.47%  [Elapsed: 0:00:00 ETA: 0:00:00] Portfolio Val: 100,000.00Progress ||  66.58%  [Elapsed: 0:00:00 ETA: 0:00:00] Portfolio Val: 100,000.00Progress ||  66.62%  [Elapsed: 0:00:00 ETA: 0:00:00] Portfolio Val: 100,000.00Progress ||  66.73%  [Elapsed: 0:00:00 ETA: 0:00:00] Portfolio Val: 100,000.00Progress ||  66.77%  [Elapsed: 0:00:00 ETA: 0:00:00] Portfolio Val: 100,000.00Progress ||  66.88%  [Elapsed: 0:00:00 ETA: 0:00:00] Portfolio Val: 100,000.00Progress ||  66.92%  [Elapsed: 0:00:00 ETA: 0:00:00] Portfolio Val: 100,000.00Progress ||  67.02%  [Elapsed: 0:00:00 ETA: 0:00:00] Portfolio Val: 100,000.00Progress ||  67.07%  [Elapsed: 0:00:00 ETA: 0:00:00] Portfolio Val: 100,000.00Progress ||  67.17%  [Elapsed: 0:00:00 ETA: 0:00:00] Portfolio Val: 100,000.00Progress ||  67.32%  [Elapsed: 0:00:00 ETA: 0:00:00] Portfolio Val: 100,000.00Progress ||  67.47%  [Elapsed: 0:00:00 ETA: 0:00:00] Portfolio Val: 100,000.00Progress ||  67.52%  [Elapsed: 0:00:00 ETA: 0:00:00] Portfolio Val: 100,000.00Progress ||  67.62%  [Elapsed: 0:00:00 ETA: 0:00:00] Portfolio Val: 100,000.00Progress ||  67.67%  [Elapsed: 0:00:00 ETA: 0:00:00] Portfolio Val: 100,000.00Progress ||  67.77%  [Elapsed: 0:00:00 ETA: 0:00:00] Portfolio Val: 100,000.00Progress ||  67.82%  [Elapsed: 0:00:00 ETA: 0:00:00] Portfolio Val: 100,000.00Progress ||  67.92%  [Elapsed: 0:00:00 ETA: 0:00:00] Portfolio Val: 100,000.00Progress ||  68.07%  [Elapsed: 0:00:00 ETA: 0:00:00] Portfolio Val: 100,000.00Progress ||  68.10%  [Elapsed: 0:00:00 ETA: 0:00:00] Portfolio Val: 100,000.00Progress ||  68.22%  [Elapsed: 0:00:00 ETA: 0:00:00] Portfolio Val: 100,000.00Progress ||  68.37%  [Elapsed: 0:00:00 ETA: 0:00:00] Portfolio Val: 100,000.00Progress ||  68.52%  [Elapsed: 0:00:00 ETA: 0:00:00] Portfolio Val: 100,000.00Progress ||  68.57%  [Elapsed: 0:00:00 ETA: 0:00:00] Portfolio Val: 100,000.00Progress ||  68.67%  [Elapsed: 0:00:00 ETA: 0:00:00] Portfolio Val: 100,000.00Progress ||  68.72%  [Elapsed: 0:00:00 ETA: 0:00:00] Portfolio Val: 100,000.00Progress ||  68.82%  [Elapsed: 0:00:00 ETA: 0:00:00] Portfolio Val: 100,000.00Progress ||  68.87%  [Elapsed: 0:00:00 ETA: 0:00:00] Portfolio Val: 100,000.00Progress ||  68.97%  [Elapsed: 0:00:00 ETA: 0:00:00] Portfolio Val: 100,000.00Progress ||  69.01%  [Elapsed: 0:00:00 ETA: 0:00:00] Portfolio Val: 100,000.00Progress ||  69.12%  [Elapsed: 0:00:00 ETA: 0:00:00] Portfolio Val: 100,000.00Progress ||  69.16%  [Elapsed: 0:00:00 ETA: 0:00:00] Portfolio Val: 100,000.00Progress ||  69.27%  [Elapsed: 0:00:00 ETA: 0:00:00] Portfolio Val: 100,000.00Progress ||  69.42%  [Elapsed: 0:00:00 ETA: 0:00:00] Portfolio Val: 100,000.00Progress ||  69.57%  [Elapsed: 0:00:00 ETA: 0:00:00] Portfolio Val: 100,000.00Progress ||  69.61%  [Elapsed: 0:00:00 ETA: 0:00:00] Portfolio Val: 100,000.00Progress ||  69.72%  [Elapsed: 0:00:00 ETA: 0:00:00] Portfolio Val: 100,000.00Progress ||  69.76%  [Elapsed: 0:00:00 ETA: 0:00:00] Portfolio Val: 100,000.00Progress ||  69.86%  [Elapsed: 0:00:00 ETA: 0:00:00] Portfolio Val: 100,000.00Progress ||  69.91%  [Elapsed: 0:00:00 ETA: 0:00:00] Portfolio Val: 100,000.00Progress ||  70.01%  [Elapsed: 0:00:00 ETA: 0:00:00] Portfolio Val: 100,000.00Progress ||  70.06%  [Elapsed: 0:00:00 ETA: 0:00:00] Portfolio Val: 100,000.00Progress ||  70.16%  [Elapsed: 0:00:00 ETA: 0:00:00] Portfolio Val: 100,000.00Progress ||  70.21%  [Elapsed: 0:00:00 ETA: 0:00:00] Portfolio Val: 100,000.00Progress ||  70.31%  [Elapsed: 0:00:00 ETA: 0:00:00] Portfolio Val: 100,000.00Progress ||  70.46%  [Elapsed: 0:00:00 ETA: 0:00:00] Portfolio Val: 100,000.00Progress ||  70.61%  [Elapsed: 0:00:00 ETA: 0:00:00] Portfolio Val: 100,000.00Progress ||  70.66%  [Elapsed: 0:00:00 ETA: 0:00:00] Portfolio Val: 100,000.00Progress ||  70.76%  [Elapsed: 0:00:00 ETA: 0:00:00] Portfolio Val: 100,000.00Progress ||  70.81%  [Elapsed: 0:00:00 ETA: 0:00:00] Portfolio Val: 100,000.00Progress ||  70.91%  [Elapsed: 0:00:00 ETA: 0:00:00] Portfolio Val: 100,000.00Progress ||  70.96%  [Elapsed: 0:00:00 ETA: 0:00:00] Portfolio Val: 100,000.00Progress ||  71.06%  [Elapsed: 0:00:00 ETA: 0:00:00] Portfolio Val: 100,000.00Progress ||  71.11%  [Elapsed: 0:00:00 ETA: 0:00:00] Portfolio Val: 100,000.00Progress ||  71.21%  [Elapsed: 0:00:00 ETA: 0:00:00] Portfolio Val: 100,000.00Progress ||  71.26%  [Elapsed: 0:00:00 ETA: 0:00:00] Portfolio Val: 100,000.00Progress ||  71.36%  [Elapsed: 0:00:00 ETA: 0:00:00] Portfolio Val: 100,000.00Progress ||  71.51%  [Elapsed: 0:00:00 ETA: 0:00:00] Portfolio Val: 100,000.00Progress ||  71.66%  [Elapsed: 0:00:00 ETA: 0:00:00] Portfolio Val: 100,000.00Progress ||  71.71%  [Elapsed: 0:00:00 ETA: 0:00:00] Portfolio Val: 100,000.00Progress ||  71.81%  [Elapsed: 0:00:00 ETA: 0:00:00] Portfolio Val: 100,000.00Progress ||  71.84%  [Elapsed: 0:00:00 ETA: 0:00:00] Portfolio Val: 100,000.00Progress ||  71.96%  [Elapsed: 0:00:00 ETA: 0:00:00] Portfolio Val: 100,000.00Progress ||  72.11%  [Elapsed: 0:00:00 ETA: 0:00:00] Portfolio Val: 100,000.00Progress ||  72.15%  [Elapsed: 0:00:00 ETA: 0:00:00] Portfolio Val: 100,000.00Progress ||  72.26%  [Elapsed: 0:00:00 ETA: 0:00:00] Portfolio Val: 100,000.00Progress ||  72.30%  [Elapsed: 0:00:00 ETA: 0:00:00] Portfolio Val: 100,000.00Progress ||  72.41%  [Elapsed: 0:00:00 ETA: 0:00:00] Portfolio Val: 100,000.00Progress ||  72.56%  [Elapsed: 0:00:00 ETA: 0:00:00] Portfolio Val: 100,000.00Progress ||  72.70%  [Elapsed: 0:00:00 ETA: 0:00:00] Portfolio Val: 100,000.00Progress ||  72.75%  [Elapsed: 0:00:00 ETA: 0:00:00] Portfolio Val: 100,000.00Progress ||  72.85%  [Elapsed: 0:00:00 ETA: 0:00:00] Portfolio Val: 100,000.00Progress ||  72.90%  [Elapsed: 0:00:00 ETA: 0:00:00] Portfolio Val: 100,000.00Progress ||  73.00%  [Elapsed: 0:00:00 ETA: 0:00:00] Portfolio Val: 100,000.00Progress ||  73.15%  [Elapsed: 0:00:00 ETA: 0:00:00] Portfolio Val: 100,000.00Progress ||  73.20%  [Elapsed: 0:00:00 ETA: 0:00:00] Portfolio Val: 100,000.00Progress ||  73.30%  [Elapsed: 0:00:00 ETA: 0:00:00] Portfolio Val: 100,000.00Progress ||  73.35%  [Elapsed: 0:00:00 ETA: 0:00:00] Portfolio Val: 100,000.00Progress ||  73.45%  [Elapsed: 0:00:00 ETA: 0:00:00] Portfolio Val: 100,000.00Progress ||  73.60%  [Elapsed: 0:00:00 ETA: 0:00:00] Portfolio Val: 100,000.00Progress ||  73.75%  [Elapsed: 0:00:00 ETA: 0:00:00] Portfolio Val: 100,000.00Progress ||  73.80%  [Elapsed: 0:00:00 ETA: 0:00:00] Portfolio Val: 100,000.00Progress ||  73.90%  [Elapsed: 0:00:00 ETA: 0:00:00] Portfolio Val: 100,000.00Progress ||  73.95%  [Elapsed: 0:00:00 ETA: 0:00:00] Portfolio Val: 100,000.00Progress ||  74.05%  [Elapsed: 0:00:00 ETA: 0:00:00] Portfolio Val: 100,000.00Progress ||  74.10%  [Elapsed: 0:00:00 ETA: 0:00:00] Portfolio Val: 100,000.00Progress ||  74.20%  [Elapsed: 0:00:00 ETA: 0:00:00] Portfolio Val: 100,000.00Progress ||  74.35%  [Elapsed: 0:00:00 ETA: 0:00:00] Portfolio Val: 100,000.00Progress ||  74.40%  [Elapsed: 0:00:00 ETA: 0:00:00] Portfolio Val: 100,000.00Progress ||  74.50%  [Elapsed: 0:00:00 ETA: 0:00:00] Portfolio Val: 100,000.00Progress ||  74.65%  [Elapsed: 0:00:00 ETA: 0:00:00] Portfolio Val: 100,000.00Progress ||  74.80%  [Elapsed: 0:00:00 ETA: 0:00:00] Portfolio Val: 100,000.00Progress ||  74.84%  [Elapsed: 0:00:00 ETA: 0:00:00] Portfolio Val: 100,000.00Progress ||  74.95%  [Elapsed: 0:00:00 ETA: 0:00:00] Portfolio Val: 100,000.00Progress ||  74.99%  [Elapsed: 0:00:00 ETA: 0:00:00] Portfolio Val: 100,000.00Progress ||  75.10%  [Elapsed: 0:00:00 ETA: 0:00:00] Portfolio Val: 100,000.00Progress ||  75.14%  [Elapsed: 0:00:00 ETA: 0:00:00] Portfolio Val: 100,000.00Progress ||  75.25%  [Elapsed: 0:00:00 ETA: 0:00:00] Portfolio Val: 100,000.00Progress ||  75.29%  [Elapsed: 0:00:00 ETA: 0:00:00] Portfolio Val: 100,000.00Progress ||  75.40%  [Elapsed: 0:00:00 ETA: 0:00:00] Portfolio Val: 100,000.00Progress ||  75.44%  [Elapsed: 0:00:00 ETA: 0:00:00] Portfolio Val: 100,000.00Progress ||  75.55%  [Elapsed: 0:00:00 ETA: 0:00:00] Portfolio Val: 100,000.00Progress ||  75.69%  [Elapsed: 0:00:00 ETA: 0:00:00] Portfolio Val: 100,000.00Progress ||  75.84%  [Elapsed: 0:00:00 ETA: 0:00:00] Portfolio Val: 100,000.00Progress ||  75.99%  [Elapsed: 0:00:00 ETA: 0:00:00] Portfolio Val: 100,000.00Progress ||  76.04%  [Elapsed: 0:00:00 ETA: 0:00:00] Portfolio Val: 100,000.00Progress ||  76.14%  [Elapsed: 0:00:00 ETA: 0:00:00] Portfolio Val: 100,000.00Progress ||  76.19%  [Elapsed: 0:00:00 ETA: 0:00:00] Portfolio Val: 100,000.00Progress ||  76.29%  [Elapsed: 0:00:00 ETA: 0:00:00] Portfolio Val: 100,000.00Progress ||  76.34%  [Elapsed: 0:00:00 ETA: 0:00:00] Portfolio Val: 100,000.00Progress ||  76.44%  [Elapsed: 0:00:00 ETA: 0:00:00] Portfolio Val: 100,000.00Progress ||  76.49%  [Elapsed: 0:00:00 ETA: 0:00:00] Portfolio Val: 100,000.00Progress ||  76.59%  [Elapsed: 0:00:00 ETA: 0:00:00] Portfolio Val: 100,000.00Progress ||  76.74%  [Elapsed: 0:00:00 ETA: 0:00:00] Portfolio Val: 100,000.00Progress ||  76.89%  [Elapsed: 0:00:00 ETA: 0:00:00] Portfolio Val: 100,000.00Progress ||  76.94%  [Elapsed: 0:00:00 ETA: 0:00:00] Portfolio Val: 100,000.00Progress ||  77.04%  [Elapsed: 0:00:00 ETA: 0:00:00] Portfolio Val: 100,000.00Progress ||  77.09%  [Elapsed: 0:00:00 ETA: 0:00:00] Portfolio Val: 100,000.00Progress ||  77.19%  [Elapsed: 0:00:00 ETA: 0:00:00] Portfolio Val: 100,000.00Progress ||  77.24%  [Elapsed: 0:00:00 ETA: 0:00:00] Portfolio Val: 100,000.00Progress ||  77.34%  [Elapsed: 0:00:00 ETA: 0:00:00] Portfolio Val: 100,000.00Progress ||  77.39%  [Elapsed: 0:00:00 ETA: 0:00:00] Portfolio Val: 100,000.00Progress ||  77.49%  [Elapsed: 0:00:00 ETA: 0:00:00] Portfolio Val: 100,000.00Progress ||  77.53%  [Elapsed: 0:00:00 ETA: 0:00:00] Portfolio Val: 100,000.00Progress ||  77.64%  [Elapsed: 0:00:00 ETA: 0:00:00] Portfolio Val: 100,000.00Progress ||  77.79%  [Elapsed: 0:00:00 ETA: 0:00:00] Portfolio Val: 100,000.00Progress ||  77.94%  [Elapsed: 0:00:00 ETA: 0:00:00] Portfolio Val: 100,000.00Progress ||  77.98%  [Elapsed: 0:00:00 ETA: 0:00:00] Portfolio Val: 100,000.00Progress ||  78.09%  [Elapsed: 0:00:00 ETA: 0:00:00] Portfolio Val: 100,000.00Progress ||  78.13%  [Elapsed: 0
[...]
,300.00Progress ||  88.74%  [Elapsed: 0:00:03 ETA: 0:00:00] Portfolio Val: 91,300.00Progress ||  88.85%  [Elapsed: 0:00:03 ETA: 0:00:00] Portfolio Val: 91,300.00Progress ||  88.89%  [Elapsed: 0:00:03 ETA: 0:00:00] Portfolio Val: 91,300.00Progress ||  89.00%  [Elapsed: 0:00:03 ETA: 0:00:00] Portfolio Val: 91,300.00Progress ||  89.15%  [Elapsed: 0:00:03 ETA: 0:00:00] Portfolio Val: 91,300.00Progress ||  89.30%  [Elapsed: 0:00:03 ETA: 0:00:00] Portfolio Val: 91,300.00Progress ||  89.45%  [Elapsed: 0:00:03 ETA: 0:00:00] Portfolio Val: 91,300.00Progress ||  89.49%  [Elapsed: 0:00:03 ETA: 0:00:00] Portfolio Val: 91,300.00Progress ||  89.60%  [Elapsed: 0:00:03 ETA: 0:00:00] Portfolio Val: 91,300.00Progress ||  89.64%  [Elapsed: 0:00:03 ETA: 0:00:00] Portfolio Val: 91,300.00Progress ||  89.75%  [Elapsed: 0:00:03 ETA: 0:00:00] Portfolio Val: 91,300.00Progress ||  89.79%  [Elapsed: 0:00:03 ETA: 0:00:00] Portfolio Val: 91,300.00Progress ||  89.89%  [Elapsed: 0:00:03 ETA: 0:00:00] Portfolio Val: 91,300.00Progress ||  89.94%  [Elapsed: 0:00:03 ETA: 0:00:00] Portfolio Val: 91,300.00Progress ||  90.04%  [Elapsed: 0:00:03 ETA: 0:00:00] Portfolio Val: 91,300.00Progress ||  90.08%  [Elapsed: 0:00:03 ETA: 0:00:00] Portfolio Val: 91,300.00Progress ||  90.19%  [Elapsed: 0:00:03 ETA: 0:00:00] Portfolio Val: 91,300.00Progress ||  90.34%  [Elapsed: 0:00:03 ETA: 0:00:00] Portfolio Val: 91,300.00Progress ||  90.49%  [Elapsed: 0:00:03 ETA: 0:00:00] Portfolio Val: 91,300.00Progress ||  90.53%  [Elapsed: 0:00:03 ETA: 0:00:00] Portfolio Val: 91,300.00Progress ||  90.64%  [Elapsed: 0:00:03 ETA: 0:00:00] Portfolio Val: 91,300.00Progress ||  90.68%  [Elapsed: 0:00:03 ETA: 0:00:00] Portfolio Val: 91,300.00Progress ||  90.79%  [Elapsed: 0:00:03 ETA: 0:00:00] Portfolio Val: 91,300.00Progress ||  90.83%  [Elapsed: 0:00:03 ETA: 0:00:00] Portfolio Val: 91,300.00Progress ||  90.94%  [Elapsed: 0:00:03 ETA: 0:00:00] Portfolio Val: 91,300.00Progress ||  90.98%  [Elapsed: 0:00:03 ETA: 0:00:00] Portfolio Val: 91,300.00Progress ||  91.09%  [Elapsed: 0:00:03 ETA: 0:00:00] Portfolio Val: 91,300.00Progress ||  91.13%  [Elapsed: 0:00:03 ETA: 0:00:00] Portfolio Val: 91,300.00Progress ||  91.24%  [Elapsed: 0:00:03 ETA: 0:00:00] Portfolio Val: 91,300.00Progress ||  91.39%  [Elapsed: 0:00:03 ETA: 0:00:00] Portfolio Val: 91,300.00Progress ||  91.54%  [Elapsed: 0:00:03 ETA: 0:00:00] Portfolio Val: 91,300.00Progress ||  91.58%  [Elapsed: 0:00:03 ETA: 0:00:00] Portfolio Val: 91,300.00Progress ||  91.69%  [Elapsed: 0:00:03 ETA: 0:00:00] Portfolio Val: 91,300.00Progress ||  91.73%  [Elapsed: 0:00:03 ETA: 0:00:00] Portfolio Val: 91,300.00Progress ||  91.84%  [Elapsed: 0:00:03 ETA: 0:00:00] Portfolio Val: 91,300.00Progress ||  91.88%  [Elapsed: 0:00:03 ETA: 0:00:00] Portfolio Val: 91,300.00Progress ||  91.99%  [Elapsed: 0:00:03 ETA: 0:00:00] Portfolio Val: 91,300.00Progress ||  92.03%  [Elapsed: 0:00:03 ETA: 0:00:00] Portfolio Val: 91,300.00Progress ||  92.14%  [Elapsed: 0:00:03 ETA: 0:00:00] Portfolio Val: 91,300.00Progress ||  92.18%  [Elapsed: 0:00:03 ETA: 0:00:00] Portfolio Val: 91,300.00Progress ||  92.29%  [Elapsed: 0:00:03 ETA: 0:00:00] Portfolio Val: 91,300.00Progress ||  92.44%  [Elapsed: 0:00:03 ETA: 0:00:00] Portfolio Val: 91,300.00Progress ||  92.59%  [Elapsed: 0:00:03 ETA: 0:00:00] Portfolio Val: 91,300.00Progress ||  92.63%  [Elapsed: 0:00:03 ETA: 0:00:00] Portfolio Val: 91,300.00Progress ||  92.73%  [Elapsed: 0:00:03 ETA: 0:00:00] Portfolio Val: 91,300.00Progress ||  92.78%  [Elapsed: 0:00:03 ETA: 0:00:00] Portfolio Val: 91,300.00Progress ||  92.88%  [Elapsed: 0:00:03 ETA: 0:00:00] Portfolio Val: 91,300.00Progress ||  92.92%  [Elapsed: 0:00:03 ETA: 0:00:00] Portfolio Val: 91,300.00Progress ||  93.03%  [Elapsed: 0:00:03 ETA: 0:00:00] Portfolio Val: 91,300.00Progress ||  93.07%  [Elapsed: 0:00:03 ETA: 0:00:00] Portfolio Val: 91,300.00Progress ||  93.18%  [Elapsed: 0:00:03 ETA: 0:00:00] Portfolio Val: 91,300.00Progress ||  93.22%  [Elapsed: 0:00:03 ETA: 0:00:00] Portfolio Val: 91,300.00Progress ||  93.33%  [Elapsed: 0:00:03 ETA: 0:00:00] Portfolio Val: 91,300.00Progress ||  93.48%  [Elapsed: 0:00:03 ETA: 0:00:00] Portfolio Val: 91,300.00Progress ||  93.63%  [Elapsed: 0:00:03 ETA: 0:00:00] Portfolio Val: 91,300.00Progress ||  93.67%  [Elapsed: 0:00:03 ETA: 0:00:00] Portfolio Val: 91,300.00Progress ||  93.78%  [Elapsed: 0:00:03 ETA: 0:00:00] Portfolio Val: 91,300.00Progress ||  93.82%  [Elapsed: 0:00:03 ETA: 0:00:00] Portfolio Val: 91,300.00Progress ||  93.93%  [Elapsed: 0:00:03 ETA: 0:00:00] Portfolio Val: 91,300.00Progress ||  93.97%  [Elapsed: 0:00:03 ETA: 0:00:00] Portfolio Val: 91,300.00Progress ||  94.08%  [Elapsed: 0:00:03 ETA: 0:00:00] Portfolio Val: 91,300.00Progress ||  94.12%  [Elapsed: 0:00:03 ETA: 0:00:00] Portfolio Val: 91,300.00Progress ||  94.23%  [Elapsed: 0:00:03 ETA: 0:00:00] Portfolio Val: 91,300.00Progress ||  94.27%  [Elapsed: 0:00:03 ETA: 0:00:00] Portfolio Val: 91,300.00Progress ||  94.38%  [Elapsed: 0:00:03 ETA: 0:00:00] Portfolio Val: 91,300.00Progress ||  94.53%  [Elapsed: 0:00:03 ETA: 0:00:00] Portfolio Val: 91,300.00Progress ||  94.68%  [Elapsed: 0:00:03 ETA: 0:00:00] Portfolio Val: 91,300.00Progress ||  94.83%  [Elapsed: 0:00:03 ETA: 0:00:00] Portfolio Val: 91,300.00Progress ||  94.87%  [Elapsed: 0:00:03 ETA: 0:00:00] Portfolio Val: 91,300.00Progress ||  94.98%  [Elapsed: 0:00:03 ETA: 0:00:00] Portfolio Val: 91,300.00Progress ||  95.02%  [Elapsed: 0:00:03 ETA: 0:00:00] Portfolio Val: 91,300.00Progress ||  95.13%  [Elapsed: 0:00:03 ETA: 0:00:00] Portfolio Val: 91,300.00Progress ||  95.17%  [Elapsed: 0:00:03 ETA: 0:00:00] Portfolio Val: 91,300.00Progress ||  95.28%  [Elapsed: 0:00:03 ETA: 0:00:00] Portfolio Val: 91,300.00Progress ||  95.32%  [Elapsed: 0:00:03 ETA: 0:00:00] Portfolio Val: 91,300.00Progress ||  95.43%  [Elapsed: 0:00:03 ETA: 0:00:00] Portfolio Val: 91,300.00Progress ||  95.57%  [Elapsed: 0:00:03 ETA: 0:00:00] Portfolio Val: 91,300.00Progress ||  95.72%  [Elapsed: 0:00:03 ETA: 0:00:00] Portfolio Val: 91,300.00Progress ||  95.76%  [Elapsed: 0:00:03 ETA: 0:00:00] Portfolio Val: 91,300.00Progress ||  95.87%  [Elapsed: 0:00:03 ETA: 0:00:00] Portfolio Val: 91,300.00Progress ||  95.91%  [Elapsed: 0:00:03 ETA: 0:00:00] Portfolio Val: 91,300.00Progress ||  96.02%  [Elapsed: 0:00:03 ETA: 0:00:00] Portfolio Val: 91,300.00Progress ||  96.06%  [Elapsed: 0:00:03 ETA: 0:00:00] Portfolio Val: 91,300.00Progress ||  96.17%  [Elapsed: 0:00:03 ETA: 0:00:00] Portfolio Val: 91,300.00Progress ||  96.21%  [Elapsed: 0:00:03 ETA: 0:00:00] Portfolio Val: 91,300.00Progress ||  96.32%  [Elapsed: 0:00:03 ETA: 0:00:00] Portfolio Val: 91,300.00Progress ||  96.36%  [Elapsed: 0:00:03 ETA: 0:00:00] Portfolio Val: 91,300.00Progress ||  96.47%  [Elapsed: 0:00:03 ETA: 0:00:00] Portfolio Val: 91,300.00Progress ||  96.62%  [Elapsed: 0:00:03 ETA: 0:00:00] Portfolio Val: 91,300.00Progress ||  96.77%  [Elapsed: 0:00:03 ETA: 0:00:00] Portfolio Val: 91,300.00Progress ||  96.81%  [Elapsed: 0:00:03 ETA: 0:00:00] Portfolio Val: 91,300.00Progress ||  96.92%  [Elapsed: 0:00:03 ETA: 0:00:00] Portfolio Val: 91,300.00Progress ||  96.96%  [Elapsed: 0:00:03 ETA: 0:00:00] Portfolio Val: 91,300.00Progress ||  97.07%  [Elapsed: 0:00:03 ETA: 0:00:00] Portfolio Val: 91,300.00Progress ||  97.11%  [Elapsed: 0:00:03 ETA: 0:00:00] Portfolio Val: 91,300.00Progress ||  97.22%  [Elapsed: 0:00:03 ETA: 0:00:00] Portfolio Val: 91,300.00Progress ||  97.26%  [Elapsed: 0:00:03 ETA: 0:00:00] Portfolio Val: 91,300.00Progress ||  97.37%  [Elapsed: 0:00:03 ETA: 0:00:00] Portfolio Val: 91,300.00Progress ||  97.41%  [Elapsed: 0:00:03 ETA: 0:00:00] Portfolio Val: 91,300.00Progress ||  97.52%  [Elapsed: 0:00:03 ETA: 0:00:00] Portfolio Val: 91,300.00Progress ||  97.67%  [Elapsed: 0:00:03 ETA: 0:00:00] Portfolio Val: 91,300.00Progress ||  97.82%  [Elapsed: 0:00:03 ETA: 0:00:00] Portfolio Val: 91,300.00Progress ||  97.86%  [Elapsed: 0:00:03 ETA: 0:00:00] Portfolio Val: 91,300.00Progress ||  97.97%  [Elapsed: 0:00:03 ETA: 0:00:00] Portfolio Val: 91,300.00Progress ||  98.01%  [Elapsed: 0:00:03 ETA: 0:00:00] Portfolio Val: 91,300.00Progress ||  98.12%  [Elapsed: 0:00:03 ETA: 0:00:00] Portfolio Val: 91,300.00Progress ||  98.16%  [Elapsed: 0:00:03 ETA: 0:00:00] Portfolio Val: 91,300.00Progress ||  98.27%  [Elapsed: 0:00:03 ETA: 0:00:00] Portfolio Val: 91,300.00Progress ||  98.42%  [Elapsed: 0:00:03 ETA: 0:00:00] Portfolio Val: 91,300.00Progress ||  98.46%  [Elapsed: 0:00:03 ETA: 0:00:00] Portfolio Val: 91,300.00Progress ||  98.56%  [Elapsed: 0:00:03 ETA: 0:00:00] Portfolio Val: 91,300.00Progress ||  98.71%  [Elapsed: 0:00:03 ETA: 0:00:00] Portfolio Val: 91,300.00Progress ||  98.86%  [Elapsed: 0:00:03 ETA: 0:00:00] Portfolio Val: 91,300.00Progress ||  98.90%  [Elapsed: 0:00:03 ETA: 0:00:00] Portfolio Val: 91,300.00Progress ||  99.01%  [Elapsed: 0:00:03 ETA: 0:00:00] Portfolio Val: 91,300.00Progress ||  99.05%  [Elapsed: 0:00:03 ETA: 0:00:00] Portfolio Val: 91,300.00Progress ||  99.16%  [Elapsed: 0:00:03 ETA: 0:00:00] Portfolio Val: 91,300.00Progress ||  99.20%  [Elapsed: 0:00:03 ETA: 0:00:00] Portfolio Val: 91,300.00Progress ||  99.31%  [Elapsed: 0:00:03 ETA: 0:00:00] Portfolio Val: 91,300.00Progress ||  99.35%  [Elapsed: 0:00:03 ETA: 0:00:00] Portfolio Val: 91,300.00Progress ||  99.46%  [Elapsed: 0:00:03 ETA: 0:00:00] Portfolio Val: 91,300.00Progress ||  99.50%  [Elapsed: 0:00:03 ETA: 0:00:00] Portfolio Val: 91,300.00Progress ||  99.61%  [Elapsed: 0:00:03 ETA: 0:00:00] Portfolio Val: 91,300.00Progress ||  99.76%  [Elapsed: 0:00:03 ETA: 0:00:00] Portfolio Val: 91,300.00Progress ||  99.91%  [Elapsed: 0:00:03 ETA: 0:00:00] Portfolio Val: 91,300.00Progress ||  99.95%  [Elapsed: 0:00:03 ETA: 0:00:00] Portfolio Val: 91,300.00Progress || 100.00%  [Elapsed: 0:00:03 ETA: 0:00:00] Portfolio Val: 91,300.00Progress || 100.00%  [Elapsed: 0:00:03 ETA: 0:00:00] Progress || 100.00%  [Elapsed: 0:00:03 ETA: 0:00:00] PASSED
tests/backtest/test_example_strategies.py::TestExampleStrategies::test_ccxt_backtesting SKIPPED
tests/backtest/test_failing_backtest.py::TestFailingBacktest::test_initialize_failure_raises_exception PASSED
tests/backtest/test_failing_backtest.py::TestFailingBacktest::test_trading_iteration_failure_raises_exception Progress ||  35.44%  [Elapsed: 0:00:00 ETA: 0:00:00] Progress ||  39.61%  [Elapsed: 0:00:00 ETA: 0:00:00] 2025-08-10 16:28:18,467 | ERROR | strategy_executor.py:run:1349 | [FailingTradingIterationStrategy] Intentional error in on_trading_iteration() for testing
2025-08-10 16:28:18,468 | ERROR | strategy_executor.py:run:1350 | [FailingTradingIterationStrategy] Traceback (most recent call last):
  File "/Users/martin/Documents/Work/lumibot/lumibot/strategies/strategy_executor.py", line 1345, in run
    self._run_trading_session()
    ~~~~~~~~~~~~~~~~~~~~~~~~~^^
  File "/Users/martin/Documents/Work/lumibot/lumibot/strategies/strategy_executor.py", line 1288, in _run_trading_session
    self._run_backtesting_loop(is_continuous_market, time_to_close)
    ~~~~~~~~~~~~~~~~~~~~~~~~~~^^^^^^^^^^^^^^^^^^^^^^^^^^^^^^^^^^^^^
  File "/Users/martin/Documents/Work/lumibot/lumibot/strategies/strategy_executor.py", line 1208, in _run_backtesting_loop
    self._on_trading_iteration()
    ~~~~~~~~~~~~~~~~~~~~~~~~~~^^
  File "/Users/martin/Documents/Work/lumibot/lumibot/strategies/strategy_executor.py", line 467, in func_output
    result = func_input(self, *args, **kwargs)
  File "/Users/martin/Documents/Work/lumibot/lumibot/strategies/strategy_executor.py", line 492, in func_output
    result = func_input(self, *args, **kwargs)
  File "/Users/martin/Documents/Work/lumibot/lumibot/strategies/strategy_executor.py", line 633, in _on_trading_iteration
    raise e
  File "/Users/martin/Documents/Work/lumibot/lumibot/strategies/strategy_executor.py", line 600, in _on_trading_iteration
    on_trading_iteration()
    ~~~~~~~~~~~~~~~~~~~~^^
  File "/Users/martin/Documents/Work/lumibot/lumibot/tools/decorators.py", line 62, in func_output
    frame, result = call_function_get_frame(func_input, *args, **kwargs)
                    ~~~~~~~~~~~~~~~~~~~~~~~^^^^^^^^^^^^^^^^^^^^^^^^^^^^^
  File "/Users/martin/Documents/Work/lumibot/lumibot/tools/decorators.py", line 30, in call_function_get_frame
    result = func(*args, **kwargs)
  File "/Users/martin/Documents/Work/lumibot/tests/backtest/test_failing_backtest.py", line 44, in on_trading_iteration
    raise RuntimeError("Intentional error in on_trading_iteration() for testing")
RuntimeError: Intentional error in on_trading_iteration() for testing
PASSED
tests/backtest/test_failing_backtest.py::TestFailingBacktest::test_backtest_classmethod_initialize_failure PASSED
tests/backtest/test_failing_backtest.py::TestFailingBacktest::test_backtest_classmethod_trading_iteration_failure Progress ||   0.05%  [Elapsed: 0:00:00 ETA: 0:14:55] Progress ||   0.06%  [Elapsed: 0:00:00 ETA: 0:22:17] 2025-08-10 16:28:23,266 | ERROR | strategy_executor.py:run:1349 | [FailingTradingIterationStrategy] Intentional error in on_trading_iteration() for testing
2025-08-10 16:28:23,266 | ERROR | strategy_executor.py:run:1350 | [FailingTradingIterationStrategy] Traceback (most recent call last):
  File "/Users/martin/Documents/Work/lumibot/lumibot/strategies/strategy_executor.py", line 1345, in run
    self._run_trading_session()
    ~~~~~~~~~~~~~~~~~~~~~~~~~^^
  File "/Users/martin/Documents/Work/lumibot/lumibot/strategies/strategy_executor.py", line 1288, in _run_trading_session
    self._run_backtesting_loop(is_continuous_market, time_to_close)
    ~~~~~~~~~~~~~~~~~~~~~~~~~~^^^^^^^^^^^^^^^^^^^^^^^^^^^^^^^^^^^^^
  File "/Users/martin/Documents/Work/lumibot/lumibot/strategies/strategy_executor.py", line 1208, in _run_backtesting_loop
    self._on_trading_iteration()
    ~~~~~~~~~~~~~~~~~~~~~~~~~~^^
  File "/Users/martin/Documents/Work/lumibot/lumibot/strategies/strategy_executor.py", line 467, in func_output
    result = func_input(self, *args, **kwargs)
  File "/Users/martin/Documents/Work/lumibot/lumibot/strategies/strategy_executor.py", line 492, in func_output
    result = func_input(self, *args, **kwargs)
  File "/Users/martin/Documents/Work/lumibot/lumibot/strategies/strategy_executor.py", line 633, in _on_trading_iteration
    raise e
  File "/Users/martin/Documents/Work/lumibot/lumibot/strategies/strategy_executor.py", line 600, in _on_trading_iteration
    on_trading_iteration()
    ~~~~~~~~~~~~~~~~~~~~^^
  File "/Users/martin/Documents/Work/lumibot/lumibot/tools/decorators.py", line 62, in func_output
    frame, result = call_function_get_frame(func_input, *args, **kwargs)
                    ~~~~~~~~~~~~~~~~~~~~~~~^^^^^^^^^^^^^^^^^^^^^^^^^^^^^
  File "/Users/martin/Documents/Work/lumibot/lumibot/tools/decorators.py", line 30, in call_function_get_frame
    result = func(*args, **kwargs)
  File "/Users/martin/Documents/Work/lumibot/tests/backtest/test_failing_backtest.py", line 44, in on_trading_iteration
    raise RuntimeError("Intentional error in on_trading_iteration() for testing")
RuntimeError: Intentional error in on_trading_iteration() for testing
PASSED
tests/backtest/test_pandas_backtest.py::TestPandasBacktest::test_pandas_data_fixture PASSED
tests/backtest/test_pandas_backtest.py::TestPandasBacktest::test_pandas_datasource_with_daily_data_in_backtest FAILED

=================================== FAILURES ===================================
____ TestPandasBacktest.test_pandas_datasource_with_daily_data_in_backtest _____

self = <tests.backtest.test_pandas_backtest.TestPandasBacktest object at 0x14b465bd0>
pandas_data_fixture = [<lumibot.entities.Data object at 0x14dcab950>, <lumibot.entities.Data object at 0x370640050>, <lumibot.entities.Data object at 0x370640180>]

    def test_pandas_datasource_with_daily_data_in_backtest(self, pandas_data_fixture):
        strategy_name = "LifecycleLogger"
        strategy_class = LifecycleLogger
        backtesting_start = DateTime(2019, 1, 14)
        backtesting_end = DateTime(2019, 1, 20)
    
>       result = strategy_class.backtest(
            datasource_class=PandasDataBacktesting,
            backtesting_start=backtesting_start,
            backtesting_end=backtesting_end,
            pandas_data=pandas_data_fixture,
            risk_free_rate=0,
            show_plot=False,
            save_tearsheet=False,
            show_tearsheet=False,
            show_indicators=False,
            save_logfile=False,
            name=strategy_name,
            budget=40000,
            show_progress_bar=False,
            quiet_logs=False,
        )

tests/backtest/test_pandas_backtest.py:24: 
_ _ _ _ _ _ _ _ _ _ _ _ _ _ _ _ _ _ _ _ _ _ _ _ _ _ _ _ _ _ _ _ _ _ _ _ _ _ _ _ 
lumibot/strategies/strategy.py:4133: in backtest
    results, strategy = self.run_backtest(
lumibot/strategies/_strategy.py:1373: in run_backtest
    strategy = self(
lumibot/strategies/_strategy.py:394: in __init__
    self.broker.data_source.load_data()
lumibot/data_sources/pandas_data.py:71: in load_data
    self._date_index = self.update_date_index()
_ _ _ _ _ _ _ _ _ _ _ _ _ _ _ _ _ _ _ _ _ _ _ _ _ _ _ _ _ _ _ _ _ _ _ _ _ _ _ _ 

self = <lumibot.backtesting.pandas_backtesting.PandasDataBacktesting object at 0x17f553cb0>

    def update_date_index(self):
        dt_index = None
        for asset, data in self._data_store.items():
            if dt_index is None:
                df = data.df
                dt_index = df.index
            else:
                dt_index = dt_index.join(data.df.index, how="outer")
    
        if dt_index is None:
            # Build a dummy index
            freq = "1min" if self._timestep == "minute" else "1D"
            dt_index = pd.date_range(start=self.datetime_start, end=self.datetime_end, freq=freq)
    
        else:
            if self.datetime_end < dt_index[0]:
                raise ValueError(
                    f"The ending date for the backtest was set for {self.datetime_end}. "
                    f"The earliest data entered is {dt_index[0]}. \nNo backtest can "
                    f"be run since there is no data before the backtest end date."
                )
            elif self.datetime_start > dt_index[-1]:
>               raise ValueError(
                    f"The starting date for the backtest was set for {self.datetime_start}. "
                    f"The latest data entered is {dt_index[-1]}. \nNo backtest can "
                    f"be run since there is no data after the backtest start date."
                )
E               ValueError: The starting date for the backtest was set for 2023-09-01 00:00:00-04:00. The latest data entered is 2019-12-31 00:00:00-05:00. 
E               No backtest can be run since there is no data after the backtest start date.

lumibot/data_sources/pandas_data.py:209: ValueError
=============================== warnings summary ===============================
.venv/lib/python3.13/site-packages/websockets/legacy/__init__.py:6
  /Users/martin/Documents/Work/lumibot/.venv/lib/python3.13/site-packages/websockets/legacy/__init__.py:6: DeprecationWarning: websockets.legacy is deprecated; see https://websockets.readthedocs.io/en/stable/howto/upgrade.html for upgrade instructions
    warnings.warn(  # deprecated in 14.0 - 2024-11-09

-- Docs: https://docs.pytest.org/en/stable/how-to/capture-warnings.html
=========================== short test summary info ============================
FAILED tests/backtest/test_pandas_backtest.py::TestPandasBacktest::test_pandas_datasource_with_daily_data_in_backtest - ValueError: The starting date for the backtest was set for 2023-09-01 00:00:00-04:00. The latest data entered is 2019-12-31 00:00:00-05:00. 
No backtest can be run since there is no data after the backtest start date.
!!!!!!!!!!!!!!!!!!!!!!!!!! stopping after 1 failures !!!!!!!!!!!!!!!!!!!!!!!!!!!
=== 1 failed, 9 passed, 6 skipped, 3 xfailed, 2 xpassed, 1 warning in 41.95s ===
