============================= test session starts ==============================
platform darwin -- Python 3.12.10, pytest-8.4.1, pluggy-1.6.0
rootdir: /Users/robertgrzesik/Documents/Development/lumivest_bot_server/strategies/lumibot
configfile: setup.cfg
testpaths: tests
plugins: asyncio-1.1.0, xdist-3.8.0, postmarker-1.0, anyio-4.10.0, cov-6.2.1, langsmith-0.4.13, mock-3.14.0
asyncio: mode=Mode.STRICT, asyncio_default_fixture_loop_scope=None, asyncio_default_test_loop_scope=function
collected 915 items / 3 skipped

tests/backtest/test_dividends.py ...                                     [  0%]
tests/backtest/test_example_strategies.py xXxxx.s                        [  1%]
tests/backtest/test_failing_backtest.py ....                             [  1%]
tests/backtest/test_pandas_backtest.py ...                               [  1%]
tests/backtest/test_passing_trader_into_backtest.py ..                   [  2%]
tests/backtest/test_polygon.py ..XX.....                                 [  3%]
tests/backtest/test_thetadata.py s                                       [  3%]
tests/backtest/test_yahoo.py x                                           [  3%]
tests/test_alpaca.py ....s..................                             [  5%]
tests/test_alpaca_auth_fix.py .......                                    [  6%]
tests/test_alpaca_backtesting.py .....................................   [ 10%]
tests/test_alpaca_data.py ......xxX....................                  [ 13%]
tests/test_alpaca_helpers.py .                                           [ 13%]
tests/test_alpaca_multileg_fix.py ....                                   [ 14%]
tests/test_alpaca_oauth.py ...............                               [ 15%]
tests/test_apscheduler_warnings.py ...                                   [ 16%]
tests/test_asset.py ...