<?xml version="1.0" encoding="utf-8"?><testsuites name="pytest tests"><testsuite name="pytest" errors="0" failures="30" skipped="25" tests="1021" time="2037.390" timestamp="2025-10-05T16:26:24.143602-04:00" hostname="Roberts-MacBook-Pro.local"><testcase classname="" name="tests.backtest.test_strategy_executor" time="0.000"><skipped message="collection skipped">('/Users/robertgrzesik/Documents/Development/lumivest_bot_server/strategies/lumibot/tests/backtest/test_strategy_executor.py', 11, 'Skipped: all tests still WIP')</skipped></testcase><testcase classname="" name="tests.test_projectx_live_flow" time="0.000"><skipped message="collection skipped">('/Users/robertgrzesik/Documents/Development/lumivest_bot_server/strategies/lumibot/tests/test_projectx_live_flow.py', 8, 'Skipped: Removed ProjectX live flow test (requires credentials)')</skipped></testcase><testcase classname="" name="tests.test_tradier_data" time="0.000"><skipped message="collection skipped">('/Users/robertgrzesik/Documents/Development/lumivest_bot_server/strategies/lumibot/tests/test_tradier_data.py', 22, 'Skipped: These tests require a Tradier API key')</skipped></testcase><testcase classname="tests.backtest.test_accuracy_verification.TestAccuracyVerification" name="test_one_year_amzn_accuracy" time="13.423"><failure message="AssertionError: Portfolio variance 6.7963% exceeds 0.01% threshold&#10;assert 6.796300000000002 &lt; 0.01">self = &lt;tests.backtest.test_accuracy_verification.TestAccuracyVerification object at 0x11be6d5b0&gt;

    def test_one_year_amzn_accuracy(self):
        """
        Test 1: Verify AMZN accuracy over 1 year (2023)
    
        Expected:
        - Portfolio variance &lt; 0.01% ($10 on $100k portfolio)
        - Price differences remain sub-penny
        - No systematic directional bias
        """
        backtesting_start = datetime.datetime(2023, 1, 3)  # First trading day of 2023
        backtesting_end = datetime.datetime(2023, 12, 29)  # Last trading day of 2023
    
        print("\n" + "="*80)
        print("TEST 1: ONE YEAR ACCURACY VERIFICATION - AMZN")
        print("="*80)
        print(f"Period: {backtesting_start.date()} to {backtesting_end.date()}")
        print(f"Symbol: AMZN")
        print(f"Trading days: ~252")
    
        # Run ThetaData backtest
        print("\n[1/2] Running ThetaData backtest...")
        theta_results, theta_strat = AccuracyTestStrategy.run_backtest(
            ThetaDataBacktesting,
            backtesting_start,
            backtesting_end,
            benchmark_asset="SPY",
            show_plot=False,
            show_tearsheet=False,
            save_tearsheet=False,
            parameters={"symbol": "AMZN", "quantity": 100},
            thetadata_username=THETADATA_USERNAME,
            thetadata_password=THETADATA_PASSWORD,
        )
    
        # Run Polygon backtest
        print("\n[2/2] Running Polygon backtest...")
        polygon_results, polygon_strat = AccuracyTestStrategy.run_backtest(
            PolygonDataBacktesting,
            backtesting_start,
            backtesting_end,
            benchmark_asset="SPY",
            show_plot=False,
            show_tearsheet=False,
            save_tearsheet=False,
            parameters={"symbol": "AMZN", "quantity": 100},
            polygon_api_key=POLYGON_API_KEY,
        )
    
        # Compare results - get final portfolio value from strategy
        theta_final = theta_strat.get_portfolio_value()
        polygon_final = polygon_strat.get_portfolio_value()
        difference = abs(theta_final - polygon_final)
        percent_diff = (difference / polygon_final) * 100
    
        print("\n" + "-"*80)
        print("RESULTS:")
        print("-"*80)
        print(f"ThetaData Final Portfolio Value:  ${theta_final:,.2f}")
        print(f"Polygon Final Portfolio Value:    ${polygon_final:,.2f}")
        print(f"Absolute Difference:              ${difference:,.2f}")
        print(f"Percentage Difference:            {percent_diff:.4f}%")
        print(f"Acceptance Threshold:             0.01% (${polygon_final * 0.0001:,.2f})")
    
        # Verify acceptance criteria
&gt;       assert percent_diff &lt; 0.01, f"Portfolio variance {percent_diff:.4f}% exceeds 0.01% threshold"
E       AssertionError: Portfolio variance 6.7963% exceeds 0.01% threshold
E       assert 6.796300000000002 &lt; 0.01

tests/backtest/test_accuracy_verification.py:124: AssertionError</failure></testcase><testcase classname="tests.backtest.test_accuracy_verification.TestAccuracyVerification" name="test_multi_symbol_price_ranges" time="56.740"><failure message="AssertionError: SPY: Variance 0.0135% exceeds 0.01%&#10;assert 0.013531849903992286 &lt; 0.01">self = &lt;tests.backtest.test_accuracy_verification.TestAccuracyVerification object at 0x11c241160&gt;

    def test_multi_symbol_price_ranges(self):
        """
        Test 2: Verify accuracy across different price ranges
    
        Tests 5 symbols with different price points:
        - AMZN: ~$180
        - AAPL: ~$175
        - GOOGL: ~$140
        - SPY: ~$450
        - BRK.B: ~$420
    
        Expected:
        - 0.5¢ variance is consistent percentage across all price ranges
        - Sub-penny differences for all symbols
        """
        backtesting_start = datetime.datetime(2024, 8, 1)
        backtesting_end = datetime.datetime(2024, 8, 5)  # 1 week for speed
    
        symbols = [
            ("AMZN", 10, 180),   # ~$180/share, 10 shares
            ("AAPL", 10, 175),   # ~$175/share, 10 shares
            ("GOOGL", 10, 140),  # ~$140/share, 10 shares
            ("SPY", 10, 450),    # ~$450/share, 10 shares
            ("BRK.B", 5, 420),   # ~$420/share, 5 shares
        ]
    
        print("\n" + "="*80)
        print("TEST 2: MULTI-SYMBOL PRICE RANGE VERIFICATION")
        print("="*80)
        print(f"Period: {backtesting_start.date()} to {backtesting_end.date()}")
        print(f"Symbols: {len(symbols)}")
    
        results_table = []
    
        for symbol, qty, approx_price in symbols:
            print(f"\n--- Testing {symbol} (~${approx_price}/share, {qty} shares) ---")
    
            # Run ThetaData backtest
            theta_results, theta_strat = AccuracyTestStrategy.run_backtest(
                ThetaDataBacktesting,
                backtesting_start,
                backtesting_end,
                benchmark_asset="SPY",
                show_plot=False,
                show_tearsheet=False,
                save_tearsheet=False,
                parameters={"symbol": symbol, "quantity": qty},
                thetadata_username=THETADATA_USERNAME,
                thetadata_password=THETADATA_PASSWORD,
            )
    
            # Run Polygon backtest
            polygon_results, polygon_strat = AccuracyTestStrategy.run_backtest(
                PolygonDataBacktesting,
                backtesting_start,
                backtesting_end,
                benchmark_asset="SPY",
                show_plot=False,
                show_tearsheet=False,
                save_tearsheet=False,
                parameters={"symbol": symbol, "quantity": qty},
                polygon_api_key=POLYGON_API_KEY,
            )
    
            # Compare final portfolio values
            theta_final = theta_strat.get_portfolio_value()
            polygon_final = polygon_strat.get_portfolio_value()
            difference = abs(theta_final - polygon_final)
            percent_diff = (difference / polygon_final) * 100
    
            results_table.append({
                "symbol": symbol,
                "price": approx_price,
                "qty": qty,
                "theta": theta_final,
                "polygon": polygon_final,
                "diff": difference,
                "pct": percent_diff
            })
    
            print(f"  ThetaData:  ${theta_final:,.2f}")
            print(f"  Polygon:    ${polygon_final:,.2f}")
            print(f"  Difference: ${difference:,.2f} ({percent_diff:.4f}%)")
    
            # Verify sub-0.01% variance for each symbol
&gt;           assert percent_diff &lt; 0.01, f"{symbol}: Variance {percent_diff:.4f}% exceeds 0.01%"
E           AssertionError: SPY: Variance 0.0135% exceeds 0.01%
E           assert 0.013531849903992286 &lt; 0.01

tests/backtest/test_accuracy_verification.py:214: AssertionError</failure></testcase><testcase classname="tests.backtest.test_backtesting_broker_processing" name="test_process_pending_orders_equity_appies_fee_once" time="0.171" /><testcase classname="tests.backtest.test_backtesting_broker_processing" name="test_process_pending_orders_crypto_keeps_cash_consistent" time="0.170" /><testcase classname="tests.backtest.test_backtesting_broker_processing" name="test_bracket_order_entry_and_exit_cash_consistency" time="0.176" /><testcase classname="tests.backtest.test_backtesting_broker_processing" name="test_buy_orders_fill_at_expected_prices[market_buy]" time="0.173" /><testcase classname="tests.backtest.test_backtesting_broker_processing" name="test_buy_orders_fill_at_expected_prices[limit_between_range]" time="0.172" /><testcase classname="tests.backtest.test_backtesting_broker_processing" name="test_buy_orders_fill_at_expected_prices[limit_gap_down]" time="0.173" /><testcase classname="tests.backtest.test_backtesting_broker_processing" name="test_buy_orders_fill_at_expected_prices[stop_gap_up]" time="0.171" /><testcase classname="tests.backtest.test_backtesting_broker_processing" name="test_buy_orders_fill_at_expected_prices[stop_limit_trigger]" time="0.183" /><testcase classname="tests.backtest.test_backtesting_broker_processing" name="test_buy_orders_fill_at_expected_prices[market_fractional]" time="0.181" /><testcase classname="tests.backtest.test_backtesting_broker_processing" name="test_buy_orders_fill_at_expected_prices[stop_fractional]" time="0.173" /><testcase classname="tests.backtest.test_backtesting_broker_processing" name="test_limit_order_remains_open_when_price_not_reached" time="0.171" /><testcase classname="tests.backtest.test_backtesting_broker_processing" name="test_sell_orders_fill_at_expected_prices[market_sell]" time="0.174" /><testcase classname="tests.backtest.test_backtesting_broker_processing" name="test_sell_orders_fill_at_expected_prices[limit_sell]" time="0.177" /><testcase classname="tests.backtest.test_backtesting_broker_processing" name="test_sell_orders_fill_at_expected_prices[stop_sell]" time="0.177" /><testcase classname="tests.backtest.test_backtesting_broker_processing" name="test_sell_orders_fill_at_expected_prices[stop_limit_sell]" time="0.177" /><testcase classname="tests.backtest.test_backtesting_broker_processing" name="test_sell_orders_fill_at_expected_prices[limit_fractional]" time="0.176" /><testcase classname="tests.backtest.test_backtesting_broker_processing" name="test_sell_orders_fill_at_expected_prices[stop_fractional]" time="0.175" /><testcase classname="tests.backtest.test_backtesting_broker_processing" name="test_trailing_stop_sell_triggers_after_price_drop" time="0.177" /><testcase classname="tests.backtest.test_backtesting_broker_processing" name="test_bracket_order_stop_exit_executes" time="0.171" /><testcase classname="tests.backtest.test_backtesting_broker_processing" name="test_bracket_order_trailing_exit_executes" time="0.175" /><testcase classname="tests.backtest.test_backtesting_broker_processing" name="test_crypto_market_sell_returns_quote_balance" time="0.173" /><testcase classname="tests.backtest.test_backtesting_broker_processing" name="test_crypto_limit_order_not_filled_when_price_not_hit" time="0.171" /><testcase classname="tests.backtest.test_backtesting_broker_processing" name="test_forex_market_buy_updates_positions" time="0.173" /><testcase classname="tests.backtest.test_backtesting_broker_processing" name="test_percent_fee_is_applied_once" time="0.171" /><testcase classname="tests.backtest.test_backtesting_broker_processing" name="test_flat_fee_is_applied_once" time="0.171" /><testcase classname="tests.backtest.test_backtesting_broker_processing" name="test_multiple_orders_in_single_cycle_all_fill" time="0.172" /><testcase classname="tests.backtest.test_backtesting_broker_processing" name="test_missing_bar_falls_back_to_last_available_price" time="0.172" /><testcase classname="tests.backtest.test_crypto_cash_regressions" name="test_crypto_cash_regression_no_fees[price_map0]" time="5.152" /><testcase classname="tests.backtest.test_crypto_cash_regressions" name="test_crypto_cash_regression_no_fees[price_map1]" time="4.636" /><testcase classname="tests.backtest.test_crypto_cash_regressions" name="test_crypto_cash_regression_with_fees" time="6.771" /><testcase classname="tests.backtest.test_daily_data_timestamp_comparison.TestDailyDataTimestampComparison" name="test_daily_data_full_month_pltr" time="4.336"><failure message="Failed: CRITICAL: ThetaData returned NO daily data for PLTR">self = &lt;tests.backtest.test_daily_data_timestamp_comparison.TestDailyDataTimestampComparison object at 0x11c1fbef0&gt;

    def test_daily_data_full_month_pltr(self):
        """Test PLTR daily data for full September 2023 - ZERO tolerance."""
&gt;       self._test_symbol_daily_data(
            symbol="PLTR",
            start_date=datetime.datetime(2023, 9, 1),
            end_date=datetime.datetime(2023, 9, 30),
            min_trading_days=19
        )

tests/backtest/test_daily_data_timestamp_comparison.py:42: 
_ _ _ _ _ _ _ _ _ _ _ _ _ _ _ _ _ _ _ _ _ _ _ _ _ _ _ _ _ _ _ _ _ _ _ _ _ _ _ _ 

self = &lt;tests.backtest.test_daily_data_timestamp_comparison.TestDailyDataTimestampComparison object at 0x11c1fbef0&gt;
symbol = 'PLTR', start_date = datetime.datetime(2023, 9, 1, 0, 0)
end_date = datetime.datetime(2023, 9, 30, 0, 0), min_trading_days = 19

    def _test_symbol_daily_data(self, symbol, start_date, end_date, min_trading_days):
        """
        Core test function that validates daily data for a symbol.
    
        CRITICAL CHECKS:
        1. Both sources return data
        2. Same number of trading days
        3. IDENTICAL timestamps (no shifts)
        4. OHLC within 0.01 (penny) tolerance
        5. Volume reasonable
        6. No duplicate dates
        7. No missing dates (within market calendar)
        """
        username = os.environ.get("THETADATA_USERNAME")
        password = os.environ.get("THETADATA_PASSWORD")
        polygon_api_key = os.environ.get("POLYGON_API_KEY")
    
        asset = Asset(symbol, asset_type="stock")
    
        print(f"\n{'='*80}")
        print(f"TESTING {symbol} DAILY DATA: {start_date.date()} to {end_date.date()}")
        print(f"{'='*80}")
    
        # ==== GET THETADATA DAILY DATA ====
        print(f"\n1. Fetching ThetaData daily data...")
        try:
            theta_df = thetadata_helper.get_price_data(
                username=username,
                password=password,
                asset=asset,
                start=start_date,
                end=end_date,
                timespan="day"
            )
        except Exception as e:
            pytest.fail(f"CRITICAL: ThetaData daily data FAILED for {symbol}: {e}")
    
        if theta_df is None or len(theta_df) == 0:
&gt;           pytest.fail(f"CRITICAL: ThetaData returned NO daily data for {symbol}")
E           Failed: CRITICAL: ThetaData returned NO daily data for PLTR

tests/backtest/test_daily_data_timestamp_comparison.py:114: Failed</failure></testcase><testcase classname="tests.backtest.test_daily_data_timestamp_comparison.TestDailyDataTimestampComparison" name="test_daily_data_full_month_spy" time="1.875"><failure message="Failed: CRITICAL: ThetaData returned NO daily data for SPY">self = &lt;tests.backtest.test_daily_data_timestamp_comparison.TestDailyDataTimestampComparison object at 0x11c1f9820&gt;

    def test_daily_data_full_month_spy(self):
        """Test SPY daily data for full September 2023 - ZERO tolerance."""
&gt;       self._test_symbol_daily_data(
            symbol="SPY",
            start_date=datetime.datetime(2023, 9, 1),
            end_date=datetime.datetime(2023, 9, 30),
            min_trading_days=19
        )

tests/backtest/test_daily_data_timestamp_comparison.py:51: 
_ _ _ _ _ _ _ _ _ _ _ _ _ _ _ _ _ _ _ _ _ _ _ _ _ _ _ _ _ _ _ _ _ _ _ _ _ _ _ _ 

self = &lt;tests.backtest.test_daily_data_timestamp_comparison.TestDailyDataTimestampComparison object at 0x11c1f9820&gt;
symbol = 'SPY', start_date = datetime.datetime(2023, 9, 1, 0, 0)
end_date = datetime.datetime(2023, 9, 30, 0, 0), min_trading_days = 19

    def _test_symbol_daily_data(self, symbol, start_date, end_date, min_trading_days):
        """
        Core test function that validates daily data for a symbol.
    
        CRITICAL CHECKS:
        1. Both sources return data
        2. Same number of trading days
        3. IDENTICAL timestamps (no shifts)
        4. OHLC within 0.01 (penny) tolerance
        5. Volume reasonable
        6. No duplicate dates
        7. No missing dates (within market calendar)
        """
        username = os.environ.get("THETADATA_USERNAME")
        password = os.environ.get("THETADATA_PASSWORD")
        polygon_api_key = os.environ.get("POLYGON_API_KEY")
    
        asset = Asset(symbol, asset_type="stock")
    
        print(f"\n{'='*80}")
        print(f"TESTING {symbol} DAILY DATA: {start_date.date()} to {end_date.date()}")
        print(f"{'='*80}")
    
        # ==== GET THETADATA DAILY DATA ====
        print(f"\n1. Fetching ThetaData daily data...")
        try:
            theta_df = thetadata_helper.get_price_data(
                username=username,
                password=password,
                asset=asset,
                start=start_date,
                end=end_date,
                timespan="day"
            )
        except Exception as e:
            pytest.fail(f"CRITICAL: ThetaData daily data FAILED for {symbol}: {e}")
    
        if theta_df is None or len(theta_df) == 0:
&gt;           pytest.fail(f"CRITICAL: ThetaData returned NO daily data for {symbol}")
E           Failed: CRITICAL: ThetaData returned NO daily data for SPY

tests/backtest/test_daily_data_timestamp_comparison.py:114: Failed</failure></testcase><testcase classname="tests.backtest.test_daily_data_timestamp_comparison.TestDailyDataTimestampComparison" name="test_daily_data_full_month_aapl" time="2.571"><failure message="Failed: CRITICAL: ThetaData returned NO daily data for AAPL">self = &lt;tests.backtest.test_daily_data_timestamp_comparison.TestDailyDataTimestampComparison object at 0x11c1fa4b0&gt;

    def test_daily_data_full_month_aapl(self):
        """Test AAPL daily data for full September 2023 - ZERO tolerance."""
&gt;       self._test_symbol_daily_data(
            symbol="AAPL",
            start_date=datetime.datetime(2023, 9, 1),
            end_date=datetime.datetime(2023, 9, 30),
            min_trading_days=19
        )

tests/backtest/test_daily_data_timestamp_comparison.py:60: 
_ _ _ _ _ _ _ _ _ _ _ _ _ _ _ _ _ _ _ _ _ _ _ _ _ _ _ _ _ _ _ _ _ _ _ _ _ _ _ _ 

self = &lt;tests.backtest.test_daily_data_timestamp_comparison.TestDailyDataTimestampComparison object at 0x11c1fa4b0&gt;
symbol = 'AAPL', start_date = datetime.datetime(2023, 9, 1, 0, 0)
end_date = datetime.datetime(2023, 9, 30, 0, 0), min_trading_days = 19

    def _test_symbol_daily_data(self, symbol, start_date, end_date, min_trading_days):
        """
        Core test function that validates daily data for a symbol.
    
        CRITICAL CHECKS:
        1. Both sources return data
        2. Same number of trading days
        3. IDENTICAL timestamps (no shifts)
        4. OHLC within 0.01 (penny) tolerance
        5. Volume reasonable
        6. No duplicate dates
        7. No missing dates (within market calendar)
        """
        username = os.environ.get("THETADATA_USERNAME")
        password = os.environ.get("THETADATA_PASSWORD")
        polygon_api_key = os.environ.get("POLYGON_API_KEY")
    
        asset = Asset(symbol, asset_type="stock")
    
        print(f"\n{'='*80}")
        print(f"TESTING {symbol} DAILY DATA: {start_date.date()} to {end_date.date()}")
        print(f"{'='*80}")
    
        # ==== GET THETADATA DAILY DATA ====
        print(f"\n1. Fetching ThetaData daily data...")
        try:
            theta_df = thetadata_helper.get_price_data(
                username=username,
                password=password,
                asset=asset,
                start=start_date,
                end=end_date,
                timespan="day"
            )
        except Exception as e:
            pytest.fail(f"CRITICAL: ThetaData daily data FAILED for {symbol}: {e}")
    
        if theta_df is None or len(theta_df) == 0:
&gt;           pytest.fail(f"CRITICAL: ThetaData returned NO daily data for {symbol}")
E           Failed: CRITICAL: ThetaData returned NO daily data for AAPL

tests/backtest/test_daily_data_timestamp_comparison.py:114: Failed</failure></testcase><testcase classname="tests.backtest.test_daily_data_timestamp_comparison.TestDailyDataTimestampComparison" name="test_daily_data_full_month_amzn" time="2.781"><failure message="AssertionError: CRITICAL: ThetaData has only 6 days, expected &gt;=19&#10;assert 6 &gt;= 19&#10; +  where 6 = len(                               open      high       low     close   volume  count\ndatetime                                                                         \n2024-07-26 13:29:00+00:00 180.98000 182.86000 177.42000 180.43500   685645  12112\n2024-07-29 13:29:00+00:00 182.76000 184.30000 179.70000 183.83000   476242   9588\n2024-07-30 13:29:00+00:00 182.88000 184.80000 182.74200 184.72000  2963971   6850\n2024-07-31 13:29:00+00:00 182.10000 186.59500 175.10000 185.05030  1315359  22716\n2024-08-01 13:29:00+00:00 190.84000 191.49000 184.62000 189.29000  1126950  23392\n2024-08-02 13:29:00+00:00 168.55000 189.74500 165.31000 166.79000  4929392  86719)">self = &lt;tests.backtest.test_daily_data_timestamp_comparison.TestDailyDataTimestampComparison object at 0x11c1fb230&gt;

    def test_daily_data_full_month_amzn(self):
        """Test AMZN daily data for full September 2023 - ZERO tolerance."""
&gt;       self._test_symbol_daily_data(
            symbol="AMZN",
            start_date=datetime.datetime(2023, 9, 1),
            end_date=datetime.datetime(2023, 9, 30),
            min_trading_days=19
        )

tests/backtest/test_daily_data_timestamp_comparison.py:69: 
_ _ _ _ _ _ _ _ _ _ _ _ _ _ _ _ _ _ _ _ _ _ _ _ _ _ _ _ _ _ _ _ _ _ _ _ _ _ _ _ 

self = &lt;tests.backtest.test_daily_data_timestamp_comparison.TestDailyDataTimestampComparison object at 0x11c1fb230&gt;
symbol = 'AMZN', start_date = datetime.datetime(2023, 9, 1, 0, 0)
end_date = datetime.datetime(2023, 9, 30, 0, 0), min_trading_days = 19

    def _test_symbol_daily_data(self, symbol, start_date, end_date, min_trading_days):
        """
        Core test function that validates daily data for a symbol.
    
        CRITICAL CHECKS:
        1. Both sources return data
        2. Same number of trading days
        3. IDENTICAL timestamps (no shifts)
        4. OHLC within 0.01 (penny) tolerance
        5. Volume reasonable
        6. No duplicate dates
        7. No missing dates (within market calendar)
        """
        username = os.environ.get("THETADATA_USERNAME")
        password = os.environ.get("THETADATA_PASSWORD")
        polygon_api_key = os.environ.get("POLYGON_API_KEY")
    
        asset = Asset(symbol, asset_type="stock")
    
        print(f"\n{'='*80}")
        print(f"TESTING {symbol} DAILY DATA: {start_date.date()} to {end_date.date()}")
        print(f"{'='*80}")
    
        # ==== GET THETADATA DAILY DATA ====
        print(f"\n1. Fetching ThetaData daily data...")
        try:
            theta_df = thetadata_helper.get_price_data(
                username=username,
                password=password,
                asset=asset,
                start=start_date,
                end=end_date,
                timespan="day"
            )
        except Exception as e:
            pytest.fail(f"CRITICAL: ThetaData daily data FAILED for {symbol}: {e}")
    
        if theta_df is None or len(theta_df) == 0:
            pytest.fail(f"CRITICAL: ThetaData returned NO daily data for {symbol}")
    
        print(f"   ✓ ThetaData: {len(theta_df)} daily bars")
        print(f"   Date range: {theta_df.index[0]} to {theta_df.index[-1]}")
    
        # ==== GET POLYGON DAILY DATA ====
        print(f"\n2. Fetching Polygon daily data...")
        try:
            polygon_df = polygon_get_price_data(
                api_key=polygon_api_key,
                asset=asset,
                start=start_date,
                end=end_date,
                timespan="day",
                quote_asset=Asset("USD", asset_type="forex")
            )
        except Exception as e:
            pytest.fail(f"CRITICAL: Polygon daily data FAILED for {symbol}: {e}")
    
        if polygon_df is None or len(polygon_df) == 0:
            pytest.fail(f"CRITICAL: Polygon returned NO daily data for {symbol}")
    
        print(f"   ✓ Polygon: {len(polygon_df)} daily bars")
        print(f"   Date range: {polygon_df.index[0]} to {polygon_df.index[-1]}")
    
        # ==== CHECK 1: Minimum Trading Days ====
        print(f"\n3. Verifying minimum trading days...")
&gt;       assert len(theta_df) &gt;= min_trading_days, \
            f"CRITICAL: ThetaData has only {len(theta_df)} days, expected &gt;={min_trading_days}"
E       AssertionError: CRITICAL: ThetaData has only 6 days, expected &gt;=19
E       assert 6 &gt;= 19
E        +  where 6 = len(                               open      high       low     close   volume  count\ndatetime                                                                         \n2024-07-26 13:29:00+00:00 180.98000 182.86000 177.42000 180.43500   685645  12112\n2024-07-29 13:29:00+00:00 182.76000 184.30000 179.70000 183.83000   476242   9588\n2024-07-30 13:29:00+00:00 182.88000 184.80000 182.74200 184.72000  2963971   6850\n2024-07-31 13:29:00+00:00 182.10000 186.59500 175.10000 185.05030  1315359  22716\n2024-08-01 13:29:00+00:00 190.84000 191.49000 184.62000 189.29000  1126950  23392\n2024-08-02 13:29:00+00:00 168.55000 189.74500 165.31000 166.79000  4929392  86719)

tests/backtest/test_daily_data_timestamp_comparison.py:141: AssertionError</failure></testcase><testcase classname="tests.backtest.test_databento.TestDatabentoBacktestFull" name="test_databento_continuous_futures_minute_data" time="10.980"><failure message="AssertionError: Expected valid price, got None&#10;assert (None is not None)">self = &lt;tests.backtest.test_databento.TestDatabentoBacktestFull object at 0x11c1bfce0&gt;

    @pytest.mark.apitest
    @pytest.mark.skipif(
        not DATABENTO_API_KEY,
        reason="This test requires a Databento API key"
    )
    @pytest.mark.skipif(
        DATABENTO_API_KEY == '&lt;your key here&gt;',
        reason="This test requires a Databento API key"
    )
    def test_databento_continuous_futures_minute_data(self):
        """
        Test Databento with continuous futures (ES) using minute-level data.
        Tests a 2-day period in 2025 to verify minute-level cadence works correctly.
        """
        # Use timezone-aware datetimes for futures trading
        tzinfo = pytz.timezone("America/New_York")
        backtesting_start = tzinfo.localize(datetime.datetime(2025, 1, 2, 9, 30))
        backtesting_end = tzinfo.localize(datetime.datetime(2025, 1, 3, 16, 0))
    
        data_source = DataBentoDataBacktesting(
            datetime_start=backtesting_start,
            datetime_end=backtesting_end,
            databento_key=DATABENTO_API_KEY,
        )
    
        broker = BacktestingBroker(data_source=data_source)
    
        strat_obj = SimpleContinuousFutures(
            broker=broker,
        )
    
        trader = Trader(logfile="", backtest=True)
        trader.add_strategy(strat_obj)
        results = trader.run_all(
            show_plot=False,
            show_tearsheet=False,
            show_indicators=False,
            save_tearsheet=False
        )
    
        # Verify results
        assert results is not None
        assert len(strat_obj.prices) &gt; 0, "Expected to collect some prices"
        assert len(strat_obj.times) &gt; 0, "Expected to collect some timestamps"
    
        # Verify minute-level cadence (should have many data points over 2 days)
        # With minute data from 9:30 to 16:00 (6.5 hours = 390 minutes per day)
        # Over 2 days we should have roughly 780 minutes of trading
        assert len(strat_obj.prices) &gt; 100, f"Expected many minute-level data points, got {len(strat_obj.prices)}"
    
        # Verify all prices are valid numbers
        for price in strat_obj.prices:
&gt;           assert price is not None and price &gt; 0, f"Expected valid price, got {price}"
E           AssertionError: Expected valid price, got None
E           assert (None is not None)

tests/backtest/test_databento.py:103: AssertionError</failure></testcase><testcase classname="tests.backtest.test_databento.TestDatabentoBacktestFull" name="test_databento_continuous_futures_minute_data_polars" time="15.970" /><testcase classname="tests.backtest.test_databento.TestDatabentoBacktestFull" name="test_databento_daily_continuous_futures" time="6.512" /><testcase classname="tests.backtest.test_databento_comprehensive_trading.TestDatabentoComprehensiveTrading" name="test_multiple_instruments_minute_data" time="41.564" /><testcase classname="tests.backtest.test_databento_comprehensive_trading.TestDatabentoComprehensiveTradingDaily" name="test_multiple_instruments_daily_data" time="40.199" /><testcase classname="tests.backtest.test_debug_avg_fill_price" name="test_debug_avg_fill_price" time="8.316" /><testcase classname="tests.backtest.test_dividends.TestDividends" name="test_yahoo_finance_dividends" time="6.530" /><testcase classname="tests.backtest.test_dividends.TestDividends" name="test_polygon_dividends" time="4.093" /><testcase classname="tests.backtest.test_dividends.TestDividends" name="test_compare_yahoo_vs_polygon_dividends" time="7.841" /><testcase classname="tests.backtest.test_example_strategies.TestExampleStrategies" name="test_stock_bracket" time="0.398"><failure message="assert np.float64(0.0) &gt; 0">self = &lt;tests.backtest.test_example_strategies.TestExampleStrategies object at 0x11c276b70&gt;

    def test_stock_bracket(self):
        """
        Test the example strategy StockBracket by running a backtest and checking that the strategy object is returned
        along with the correct results
        """
    
        # Parameters
        backtesting_start = datetime.datetime(2023, 3, 3)
        backtesting_end = datetime.datetime(2023, 3, 10)
    
        # Execute Backtest
        results, strat_obj = StockBracket.run_backtest(
            YahooDataBacktesting,
            backtesting_start,
            backtesting_end,
            benchmark_asset=None,
            show_plot=False,
            show_tearsheet=False,
            save_tearsheet=False,
            show_indicators=False,
        )
        assert results
        assert isinstance(strat_obj, StockBracket)
        assert strat_obj.submitted_bracket_order is not None
    
        trades_df = strat_obj.broker._trade_event_log_df
    
        # Get all the filled limit orders
        filled_orders = trades_df[(trades_df["status"] == "fill")]
    
        # Check that the second order was a lmit order with a price of $405 or more and a quantity of 10
        assert filled_orders.iloc[1]["type"] == "limit"
        assert filled_orders.iloc[1]["filled_quantity"] == 10
        assert filled_orders.iloc[1]["price"] &gt;= 405
    
        all_orders = strat_obj.broker.get_all_orders()
        assert len(all_orders) == 3
        entry_order = [o for o in all_orders if o.order_type == Order.OrderType.MARKET][0]
        limit_order = [o for o in all_orders if o.order_type == Order.OrderType.LIMIT][0]
        stop_order = [o for o in all_orders if o.order_type == Order.OrderType.STOP][0]
    
        assert entry_order.quantity == 10
        assert limit_order.quantity == 10
        assert stop_order.quantity == 10
    
        assert strat_obj.submitted_bracket_order.is_filled(), "Should be same as entry order"
        assert entry_order.is_filled()
        assert limit_order.is_filled()
        assert stop_order.is_canceled()
    
        assert entry_order.get_fill_price() &gt; 1
        assert limit_order.get_fill_price() &gt;= 405
    
        buy_fill = filled_orders[filled_orders["side"] == "buy"].iloc[0]
        exit_fill = filled_orders[filled_orders["side"].str.startswith("sell")].iloc[0]
    
&gt;       assert buy_fill["trade_cost"] &gt; 0
E       assert np.float64(0.0) &gt; 0

tests/backtest/test_example_strategies.py:80: AssertionError</failure></testcase><testcase classname="tests.backtest.test_example_strategies.TestExampleStrategies" name="test_stock_oco" time="0.450" /><testcase classname="tests.backtest.test_example_strategies.TestExampleStrategies" name="test_stock_buy_and_hold" time="0.516"><failure message="assert np.float64(51.0) &gt;= 2500.0&#10; +  where np.float64(51.0) = round((np.float64(0.5095898201859943) * 100), 1)">self = &lt;tests.backtest.test_example_strategies.TestExampleStrategies object at 0x11c277020&gt;

    def test_stock_buy_and_hold(self):
        """
        Test the example strategy BuyAndHold by running a backtest and checking that the strategy object is returned
        along with the correct results
        """
    
        # Parameters
        backtesting_start = datetime.datetime(2023, 7, 10)
        backtesting_end = datetime.datetime(2023, 7, 13)
    
        # Execute Backtest
        results, strat_obj = BuyAndHold.run_backtest(
            YahooDataBacktesting,
            backtesting_start,
            backtesting_end,
            benchmark_asset=None,
            show_plot=False,
            show_tearsheet=False,
            show_indicators=False,
            save_tearsheet=False,
        )
        assert results
        assert isinstance(strat_obj, BuyAndHold)
    
        # Check that the results are correct
&gt;       assert round(results["cagr"] * 100, 1) &gt;= 2500.0
E       assert np.float64(51.0) &gt;= 2500.0
E        +  where np.float64(51.0) = round((np.float64(0.5095898201859943) * 100), 1)

tests/backtest/test_example_strategies.py:185: AssertionError</failure></testcase><testcase classname="tests.backtest.test_example_strategies.TestExampleStrategies" name="test_stock_diversified_leverage" time="1.108"><failure message="assert np.float64(2905.5) &gt;= 400000.0&#10; +  where np.float64(2905.5) = round((np.float64(29.05496137943266) * 100), 1)">self = &lt;tests.backtest.test_example_strategies.TestExampleStrategies object at 0x11c277260&gt;

    def test_stock_diversified_leverage(self):
        """
        Test the example strategy DiversifiedLeverage by running a backtest and checking that the strategy object is
        returned along with the correct results.
        """
    
        # Parameters
        backtesting_start = datetime.datetime(2023, 7, 10)
        backtesting_end = datetime.datetime(2023, 7, 13)
    
        # Execute Backtest
        results, strat_obj = DiversifiedLeverage.run_backtest(
            YahooDataBacktesting,
            backtesting_start,
            backtesting_end,
            benchmark_asset=None,
            show_plot=False,
            show_tearsheet=False,
            show_indicators=False,
            save_tearsheet=False,
        )
        assert results
        assert isinstance(strat_obj, DiversifiedLeverage)
    
        # Check that the results are correct
&gt;       assert round(results["cagr"] * 100, 1) &gt;= 400000.0
E       assert np.float64(2905.5) &gt;= 400000.0
E        +  where np.float64(2905.5) = round((np.float64(29.05496137943266) * 100), 1)

tests/backtest/test_example_strategies.py:214: AssertionError</failure></testcase><testcase classname="tests.backtest.test_example_strategies.TestExampleStrategies" name="test_limit_and_trailing_stops" time="0.423"><failure message="assert 0 == 1&#10; +  where 0 = len(Empty DataFrame\nColumns: [time, strategy, identifier, symbol, side, type, status, multiplier, time_in_force, asset.strike, asset.multiplier, asset.asset_type, price, filled_quantity, trade_cost]\nIndex: [])">self = &lt;tests.backtest.test_example_strategies.TestExampleStrategies object at 0x11c2774a0&gt;

    def test_limit_and_trailing_stops(self):
        """
        Test the example strategy LimitAndTrailingStop by running a backtest and checking that the strategy object is
        returned along with the correct results.
        """
    
        # Parameters
        backtesting_start = datetime.datetime(2023, 3, 3)
        backtesting_end = datetime.datetime(2023, 3, 10)
    
        # Execute Backtest
        results, strat_obj = LimitAndTrailingStop.run_backtest(
            YahooDataBacktesting,
            backtesting_start,
            backtesting_end,
            benchmark_asset=None,
            show_plot=False,
            show_tearsheet=False,
            show_indicators=False,
            save_tearsheet=False,
        )
    
        assert results
        assert isinstance(strat_obj, LimitAndTrailingStop)
    
        trades_df = strat_obj.broker._trade_event_log_df
        assert not trades_df.empty
    
        # Get all the filled limit orders
        filled_limit_orders = trades_df[(trades_df["status"] == "fill") &amp; (trades_df["type"] == "limit")]
    
        # The first limit order should have filled at $399.71 and a quantity of 100
        assert round(filled_limit_orders.iloc[0]["price"], 2) == 399.71
        assert filled_limit_orders.iloc[0]["filled_quantity"] == 100
    
        # The second limit order should have filled at $399.74 and a quantity of 100
        assert round(filled_limit_orders.iloc[1]["price"], 2) == 407
        assert filled_limit_orders.iloc[1]["filled_quantity"] == 100
    
        # Get all the filled trailing stop orders
        filled_trailing_stop_orders = trades_df[
            (trades_df["status"] == "fill") &amp; (trades_df["type"] == "trailing_stop")
        ]
    
        # Check if we have an order with a rounded price of 2 decimals of 400.45 and a quantity of 50
        order1 = filled_trailing_stop_orders[
            (round(filled_trailing_stop_orders["price"], 2) == 400.45)
            &amp; (filled_trailing_stop_orders["filled_quantity"] == 50)
        ]
&gt;       assert len(order1) == 1
E       assert 0 == 1
E        +  where 0 = len(Empty DataFrame\nColumns: [time, strategy, identifier, symbol, side, type, status, multiplier, time_in_force, asset.strike, asset.multiplier, asset.asset_type, price, filled_quantity, trade_cost]\nIndex: [])

tests/backtest/test_example_strategies.py:267: AssertionError</failure></testcase><testcase classname="tests.backtest.test_example_strategies.TestExampleStrategies" name="test_options_hold_to_expiry" time="0.589" /><testcase classname="tests.backtest.test_example_strategies.TestExampleStrategies" name="test_ccxt_backtesting" time="2.077"><failure message="duckdb.duckdb.SerializationException: Serialization Error: Failed to deserialize: expected end of object, but found field id: 100">self = &lt;tests.backtest.test_example_strategies.TestExampleStrategies object at 0x11c277a40&gt;

    def test_ccxt_backtesting(self):
        """
        Test the example strategy StockBracket by running a backtest and checking that the strategy object is returned
        along with the correct results
        """
    
        base_symbol = "ETH"
        quote_symbol = "USDT"
        # Shortened from 1-year backtest to 1-month backtest for faster testing
        backtesting_start = datetime.datetime(2023, 10, 1)
        backtesting_end = datetime.datetime(2023, 10, 31)
        asset = (Asset(symbol=base_symbol, asset_type="crypto"),
                Asset(symbol=quote_symbol, asset_type="crypto"))
    
        exchange_id = "kraken"  #"kucoin" #"bybit" #"okx" #"bitmex" # "binance"
    
        # CcxtBacktesting default data download limit is 50,000
        # If you want to change the maximum data download limit, you can do so by using 'max_data_download_limit'.
        kwargs = {
            # "max_data_download_limit":10000, # optional
            "exchange_id":exchange_id,
        }
        CcxtBacktesting.MIN_TIMESTEP = "day"
&gt;       results, strat_obj = CcxtBacktestingExampleStrategy.run_backtest(
            CcxtBacktesting,
            backtesting_start,
            backtesting_end,
            benchmark_asset=f"{base_symbol}/{quote_symbol}",
            show_plot=False,
            show_tearsheet=False,
            show_indicators=False,
            save_tearsheet=False,
            risk_free_rate=0.0,
            parameters={
            "asset":asset,
            "cash_at_risk":.25,
            "window":21},
            **kwargs
        )

tests/backtest/test_example_strategies.py:347: 
_ _ _ _ _ _ _ _ _ _ _ _ _ _ _ _ _ _ _ _ _ _ _ _ _ _ _ _ _ _ _ _ _ _ _ _ _ _ _ _ 

self = &lt;class 'lumibot.example_strategies.ccxt_backtesting_example.CcxtBacktestingExampleStrategy'&gt;
datasource_class = &lt;class 'lumibot.backtesting.ccxt_backtesting.CcxtBacktesting'&gt;
backtesting_start = datetime.datetime(2023, 10, 1, 0, 0, tzinfo=&lt;DstTzInfo 'America/New_York' EDT-1 day, 20:00:00 DST&gt;)
backtesting_end = datetime.datetime(2023, 10, 31, 0, 0, tzinfo=&lt;DstTzInfo 'America/New_York' EDT-1 day, 20:00:00 DST&gt;)
minutes_before_closing = 5, minutes_before_opening = 60, sleeptime = 1
stats_file = 'logs/CcxtBacktestingExampleStrategy_2025-10-05_16-30_0X3x4s_stats.csv'
risk_free_rate = 0.0, logfile = None, config = None, auto_adjust = False
name = 'CcxtBacktestingExampleStrategy', budget = None
benchmark_asset = 'ETH/USDT', analyze_backtest = True, plot_file_html = None
trades_file = None, settings_file = None, pandas_data = None, quote_asset = USD
starting_positions = None, show_plot = False, tearsheet_file = None
save_tearsheet = False, show_tearsheet = False
parameters = {'asset': (ETH, USDT), 'cash_at_risk': 0.25, 'window': 21}
buy_trading_fees = [], sell_trading_fees = []
polygon_api_key = 'fbzKxeskSamLjKi82NLrQPUvSzvlYVK0'
use_other_option_source = False, thetadata_username = 'rob@lumiwealth.com'
thetadata_password = 'x@t&amp;0&lt;M%Z70!pp*M*86J', indicators_file = None
show_indicators = False, save_logfile = False, use_quote_data = False
show_progress_bar = True, quiet_logs = True
trader_class = &lt;class 'lumibot.traders.trader.Trader'&gt;
include_cash_positions = False, save_stats_file = True
kwargs = {'exchange_id': 'kraken'}

    @classmethod
    def run_backtest(
        self,
        datasource_class,
        backtesting_start: datetime = None,
        backtesting_end: datetime = None,
        minutes_before_closing = 5,
        minutes_before_opening = 60,
        sleeptime = 1,
        stats_file = None,
        risk_free_rate = None,
        logfile = None,
        config = None,
        auto_adjust = False,
        name = None,
        budget = None,
        benchmark_asset: str | Asset | None="SPY",
        analyze_backtest: bool = True,
        plot_file_html = None,
        trades_file = None,
        settings_file = None,
        pandas_data: Union[List, Dict[Asset, Data]] = None,
        quote_asset = Asset(symbol="USD", asset_type="forex"),
        starting_positions = None,
        show_plot = None,
        tearsheet_file = None,
        save_tearsheet = True,
        show_tearsheet = None,
        parameters = {},
        buy_trading_fees = [],
        sell_trading_fees = [],
        polygon_api_key = None,
        use_other_option_source = False,
        thetadata_username = None,
        thetadata_password = None,
        indicators_file = None,
        show_indicators = None,
        save_logfile = False,
        use_quote_data = False,
        show_progress_bar = True,
        quiet_logs = False,
        trader_class = Trader,
        include_cash_positions=False,
        save_stats_file = True,
        **kwargs,
    ):
        """Backtest a strategy.
    
        Parameters
        ----------
        datasource_class : class
            The datasource class to use. For example, if you want to use the yahoo finance datasource,
            then you would pass YahooDataBacktesting as the datasource_class.
        backtesting_start : datetime
            The start date of the backtesting period.
        backtesting_end : datetime
            The end date of the backtesting period.
        minutes_before_closing : int
            The number of minutes before closing that the minutes_before_closing strategy method will be called.
        minutes_before_opening : int
            The number of minutes before opening that the minutes_before_opening strategy method will be called.
        sleeptime : int
            The number of seconds to sleep between each iteration of the backtest.
        stats_file : str
            The file to write the stats to.
        risk_free_rate : float
            The risk-free rate to use.
        logfile : str
            The file to write the log to.
        config : dict
            The config to use to set up the brokers in live trading.
        auto_adjust : bool
            Whether to automatically adjust the strategy.
        name : str
            The name of the strategy.
        budget : float
            The initial budget to use for the backtest.
        benchmark_asset : str or Asset or None
            The benchmark asset to use for the backtest to compare to. If it is a string then it will be converted
            to a stock Asset object. If it is None, no benchmarking will occur.
        analyze_backtest: bool = True
            Run the backtest_analysis method on the strategy.
        plot_file_html : str
            The file to write the plot html to.
        trades_file : str
            The file to write the trades to.
        pandas_data : list
            A list of Data objects that are used when the datasource_class object is set to PandasDataBacktesting.
            This contains all the data that will be used in backtesting.
        quote_asset : Asset (crypto)
            An Asset object for the cryptocurrency that will get used
            as a valuation asset for measuring overall porfolio values.
            Usually USDT, USD, USDC.
        starting_positions : dict
            A dictionary of starting positions for each asset. For example,
            if you want to start with $100 of SPY, and $200 of AAPL, then you
            would pass in starting_positions={'SPY': 100, 'AAPL': 200}.
        show_plot : bool
            Whether to show the plot.
        show_tearsheet : bool
            Whether to show the tearsheet.
        save_tearsheet : bool
            Whether to save the tearsheet.
        parameters : dict
            A dictionary of parameters to pass to the strategy. These parameters
            must be set up within the initialize() method.
        buy_trading_fees : list of TradingFee objects
            A list of TradingFee objects to apply to the buy orders during backtests.
        sell_trading_fees : list of TradingFee objects
            A list of TradingFee objects to apply to the sell orders during backtests.
        polygon_api_key : str
            The polygon api key to use for polygon data. Only required if you are using PolygonDataBacktesting as
            the datasource_class.
        indicators_file : str
            The file to write the indicators to.
        show_indicators : bool
            Whether to show the indicators plot.
        save_logfile : bool
            Whether to save the logfile. Defaults to False. If True, the logfile will be saved to the logs directory. Turning on this option will slow down the backtest.
        use_quote_data : bool
            Whether to use quote data for the backtest. Defaults to False. If True, the backtest will use quote data for the backtest. (Currently this is specific to ThetaData)
            When set to true this requests Quote data in addition to OHLC which adds time to backtests.
        show_progress_bar : bool
            Whether to show the progress bar during the backtest. Defaults to True.
        quiet_logs : bool
            Whether to quiet the logs during the backtest. Defaults to True.
        trader_class : class
            The class to use for the trader. Defaults to Trader.
    
        Returns
        -------
        tuple of (dict, Strategy)
            A tuple of the analysis dictionary and the strategy object. The analysis dictionary contains the
            analysis of the strategy returns. The strategy object is the strategy object that was backtested, where
            you can access the strategy returns and other attributes.
    
        Examples
        --------
    
        &gt;&gt;&gt; from datetime import datetime
        &gt;&gt;&gt; from lumibot.backtesting import YahooDataBacktesting
        &gt;&gt;&gt; from lumibot.strategies import Strategy
        &gt;&gt;&gt;
        &gt;&gt;&gt; # A simple strategy that buys AAPL on the first day
        &gt;&gt;&gt; class MyStrategy(Strategy):
        &gt;&gt;&gt;    def on_trading_iteration(self):
        &gt;&gt;&gt;        if self.first_iteration:
        &gt;&gt;&gt;            order = self.create_order("AAPL", quantity=1, side="buy")
        &gt;&gt;&gt;            self.submit_order(order)
        &gt;&gt;&gt;
        &gt;&gt;&gt; # Create a backtest
        &gt;&gt;&gt; backtesting_start = datetime(2018, 1, 1)
        &gt;&gt;&gt; backtesting_end = datetime(2018, 1, 31)
        &gt;&gt;&gt;
        &gt;&gt;&gt; # The benchmark asset to use for the backtest to compare to
        &gt;&gt;&gt; benchmark_asset = Asset(symbol="QQQ", asset_type="stock")
        &gt;&gt;&gt;
        &gt;&gt;&gt; backtest = MyStrategy.backtest(
        &gt;&gt;&gt;     datasource_class=YahooDataBacktesting,
        &gt;&gt;&gt;     backtesting_start=backtesting_start,
        &gt;&gt;&gt;     backtesting_end=backtesting_end,
        &gt;&gt;&gt;     benchmark_asset=benchmark_asset,
        &gt;&gt;&gt; )
        """
    
        if name is None:
            name = self.__name__
    
        self._name = name
        self._analyze_backtest = analyze_backtest
    
        # Set backtesting_start: priority 1 - passed argument, 2 - BACKTESTING_START env var, 3 - default to 1 year ago
        if backtesting_start is not None:
            pass
        elif BACKTESTING_START is not None:
            backtesting_start = BACKTESTING_START
        else:
            backtesting_start = datetime.datetime.now() - datetime.timedelta(days=365)
            get_logger(__name__).warning(
            colored(
                "backtesting_start is set to one year ago by default. You can set it to a specific date by passing in the backtesting_start parameter or by setting the BACKTESTING_START environment variable.",
                "yellow"
            )
            )
    
        # Set backtesting_end: priority 1 - passed argument, 2 - BACKTESTING_END env var, 3 - default to yesterday
        if backtesting_end is not None:
            pass
        elif BACKTESTING_END is not None:
            backtesting_end = BACKTESTING_END
        else:
            backtesting_end = datetime.datetime.now() - datetime.timedelta(days=1)
            get_logger(__name__).warning(
            colored(
                "backtesting_end is set to the current date by default. You can set it to a specific date by passing in the backtesting_end parameter or by setting the BACKTESTING_END environment variable.",
                "yellow"
            )
            )
    
        # Create an adapter with 'strategy_name' set to the instance's name
        if not hasattr(self, "logger") or self.logger is None:
            self.logger = get_strategy_logger(__name__, self._name)
    
        # If show_plot is None, then set it to True
        if show_plot is None:
            show_plot = SHOW_PLOT
    
        # If show_tearsheet is None, then set it to True
        if show_tearsheet is None:
            show_tearsheet = SHOW_TEARSHEET
    
        # If show_indicators is None, then set it to True
        if show_indicators is None:
            show_indicators = SHOW_INDICATORS
    
        # Auto-select datasource from environment variable if None
        if datasource_class is None:
            from lumibot.credentials import BACKTESTING_DATA_SOURCE
            from lumibot.backtesting import (
                PolygonDataBacktesting,
                ThetaDataBacktesting,
                YahooDataBacktesting,
                AlpacaBacktesting,
                CcxtBacktesting,
                DataBentoDataBacktesting,
            )
    
            datasource_map = {
                "polygon": PolygonDataBacktesting,
                "thetadata": ThetaDataBacktesting,
                "yahoo": YahooDataBacktesting,
                "alpaca": AlpacaBacktesting,
                "ccxt": CcxtBacktesting,
                "databento": DataBentoDataBacktesting,
            }
    
            datasource_name = BACKTESTING_DATA_SOURCE.lower()
            if datasource_name not in datasource_map:
                raise ValueError(
                    f"Unknown BACKTESTING_DATA_SOURCE: '{BACKTESTING_DATA_SOURCE}'. "
                    f"Valid options: {list(datasource_map.keys())}"
                )
    
            datasource_class = datasource_map[datasource_name]
            get_logger(__name__).info(colored(
                f"Auto-selected backtesting data source from BACKTESTING_DATA_SOURCE env var: {BACKTESTING_DATA_SOURCE}",
                "green"
            ))
    
        # Make sure polygon_api_key is set if using PolygonDataBacktesting
        polygon_api_key = polygon_api_key if polygon_api_key is not None else POLYGON_API_KEY
        if datasource_class.__name__ == 'PolygonDataBacktesting' and polygon_api_key is None:
            raise ValueError(
                "Please set `POLYGON_API_KEY` to your API key from polygon.io as an environment variable if "
                "you are using PolygonDataBacktesting. If you don't have one, you can get a free API key "
                "from https://polygon.io/."
            )
    
        # Make sure thetadata_username and thetadata_password are set if using ThetaDataBacktesting
        if thetadata_username is None or thetadata_password is None:
            # Try getting the Theta Data credentials from credentials
            thetadata_username = THETADATA_CONFIG.get('THETADATA_USERNAME')
            thetadata_password = THETADATA_CONFIG.get('THETADATA_PASSWORD')
    
            # Check again if theta data username and pass are set (before checking dict)
            if datasource_class.__name__ == 'ThetaDataBacktesting' and (thetadata_username is None or thetadata_password is None):
                raise ValueError(
                    "Please set `thetadata_username` and `thetadata_password` in the backtest() function if "
                    "you are using ThetaDataBacktesting. If you don't have one, you can do registeration "
                    "from https://www.thetadata.net/."
                )
    
        # check if datasource_class is a class or a dictionary
        if isinstance(datasource_class, dict):
            optionsource_class = datasource_class["OPTION"]
            datasource_class = datasource_class["STOCK"]
            # check if optionsource_class and datasource_class are the same type of class
            if optionsource_class == datasource_class:
                use_other_option_source = False
            else:
                use_other_option_source = True
    
            # Check ThetaData credentials for optionsource_class after dict extraction
            if optionsource_class.__name__ == 'ThetaDataBacktesting' and (thetadata_username is None or thetadata_password is None):
                raise ValueError(
                    "Please set `thetadata_username` and `thetadata_password` in the backtest() function if "
                    "you are using ThetaDataBacktesting. If you don't have one, you can do registeration "
                    "from https://www.thetadata.net/."
                )
        else:
            optionsource_class = None
            use_other_option_source = False
    
        # Make a string with 6 random numbers/letters (upper and lowercase) to avoid overwriting
        random_string = "".join(random.choices(string.ascii_letters + string.digits, k=6))
    
        datestring = datetime.datetime.now().strftime("%Y-%m-%d_%H-%M")
        base_filename = f"{name + '_' if name is not None else ''}{datestring}_{random_string}"
    
        logdir = "logs"
        if logfile is None and save_logfile:
            logfile = f"{logdir}/{base_filename}_logs.csv"
        if stats_file is None and save_stats_file:
            stats_file = f"{logdir}/{base_filename}_stats.csv"
    
        # #############################################
        # Check the data types of the parameters
        # #############################################
    
        # Check datasource_class
        if not isinstance(datasource_class, type):
            raise ValueError(f"`datasource_class` must be a class. You passed in {datasource_class}")
    
        # Check optionsource_class
        if use_other_option_source and not isinstance(optionsource_class, type):
            raise ValueError(f"`optionsource_class` must be a class. You passed in {optionsource_class}")
    
        self.verify_backtest_inputs(backtesting_start, backtesting_end)
    
        if not self.IS_BACKTESTABLE:
            get_logger(__name__).warning(f"Strategy {name + ' ' if name is not None else ''}cannot be " f"backtested at the moment")
            return None
    
        try:
            backtesting_start = to_datetime_aware(backtesting_start)
            backtesting_end = to_datetime_aware(backtesting_end)
        except AttributeError:
            get_logger(__name__).error(
                "`backtesting_start` and `backtesting_end` must be datetime objects. \n"
                "You are receiving this error most likely because you are using \n"
                "the original positional arguments for backtesting. \n\n"
            )
            return None
    
        if BACKTESTING_QUIET_LOGS is not None:
            quiet_logs = BACKTESTING_QUIET_LOGS
    
        if BACKTESTING_SHOW_PROGRESS_BAR is not None:
            show_progress_bar = BACKTESTING_SHOW_PROGRESS_BAR
    
        self._trader = trader_class(logfile=logfile, backtest=True, quiet_logs=quiet_logs)
    
        if datasource_class.__name__ == 'PolygonDataBacktesting':
            data_source = datasource_class(
                backtesting_start,
                backtesting_end,
                config=config,
                auto_adjust=auto_adjust,
                api_key=polygon_api_key,
                pandas_data=pandas_data,
                show_progress_bar=show_progress_bar,
                max_memory=POLYGON_MAX_MEMORY_BYTES,
                log_backtest_progress_to_file=LOG_BACKTEST_PROGRESS_TO_FILE,
                **kwargs,
            )
        elif datasource_class.__name__ == 'ThetaDataBacktesting' or (optionsource_class and optionsource_class.__name__ == 'ThetaDataBacktesting'):
            data_source = datasource_class(
                backtesting_start,
                backtesting_end,
                config=config,
                auto_adjust=auto_adjust,
                username=thetadata_username,
                password=thetadata_password,
                pandas_data=pandas_data,
                use_quote_data=use_quote_data,
                show_progress_bar=show_progress_bar,
                log_backtest_progress_to_file=LOG_BACKTEST_PROGRESS_TO_FILE,
                **kwargs,
            )
        elif datasource_class == InteractiveBrokersRESTBacktesting:
            data_source = datasource_class(
                backtesting_start,
                backtesting_end,
                config=INTERACTIVE_BROKERS_REST_CONFIG,
                auto_adjust=auto_adjust,
                pandas_data=pandas_data,
                show_progress_bar=show_progress_bar,
                log_backtest_progress_to_file=LOG_BACKTEST_PROGRESS_TO_FILE,
                **kwargs,
            )
        else:
            data_source = datasource_class(
                datetime_start=backtesting_start,
                datetime_end=backtesting_end,
                config=config,
                auto_adjust=auto_adjust,
                pandas_data=pandas_data,
                show_progress_bar=show_progress_bar,
                log_backtest_progress_to_file=LOG_BACKTEST_PROGRESS_TO_FILE,
                **kwargs,
            )
    
        if not use_other_option_source:
            backtesting_broker = BacktestingBroker(data_source)
        else:
            options_source = optionsource_class(
                backtesting_start,
                backtesting_end,
                config=config,
                auto_adjust=auto_adjust,
                username=thetadata_username,
                password=thetadata_password,
                pandas_data=pandas_data,
                show_progress_bar=show_progress_bar,
                **kwargs,
            )
            backtesting_broker = BacktestingBroker(data_source, options_source)
    
        strategy = self(
            backtesting_broker,
            minutes_before_closing=minutes_before_closing,
            minutes_before_opening=minutes_before_opening,
            sleeptime=sleeptime,
            risk_free_rate=risk_free_rate,
            stats_file=stats_file,
            benchmark_asset=benchmark_asset,
            analyze_backtest=analyze_backtest,
            backtesting_start=backtesting_start,
            backtesting_end=backtesting_end,
            pandas_data=pandas_data,
            quote_asset=quote_asset,
            starting_positions=starting_positions,
            name=name,
            budget=budget,
            parameters=parameters,
            buy_trading_fees=buy_trading_fees,
            sell_trading_fees=sell_trading_fees,
            save_logfile=save_logfile,
            include_cash_positions=include_cash_positions,
            **kwargs,
        )
        self._trader.add_strategy(strategy)
    
        self.logger.info("Starting backtest...")
        start = datetime.datetime.now()
    
&gt;       result = self._trader.run_all(
            show_plot=show_plot,
            show_tearsheet=show_tearsheet,
            save_tearsheet=save_tearsheet,
            show_indicators=show_indicators,
            tearsheet_file=tearsheet_file,
            base_filename=base_filename,
        )

lumibot/strategies/_strategy.py:1485: 
_ _ _ _ _ _ _ _ _ _ _ _ _ _ _ _ _ _ _ _ _ _ _ _ _ _ _ _ _ _ _ _ _ _ _ _ _ _ _ _ 

self = &lt;lumibot.traders.trader.Trader object at 0x14095f4d0&gt;, async_ = False
show_plot = False, show_tearsheet = False, save_tearsheet = False
show_indicators = False, tearsheet_file = None
base_filename = 'CcxtBacktestingExampleStrategy_2025-10-05_16-30_0X3x4s'

    def run_all(
            self,
            async_=False,
            show_plot=True,
            show_tearsheet=True,
            save_tearsheet=True,
            show_indicators=True,
            tearsheet_file=None,
            base_filename=None,
            ):
        """
        run all strategies
    
        Parameters
        ----------
        async_: bool
            Whether to run the strategies asynchronously or not. This is not implemented yet.
    
        show_plot: bool
            Whether to disply the plot in the user's web browser. This is only used for backtesting.
    
        show_tearsheet: bool
            Whether to display the tearsheet in user's web browser. This is only used for backtesting.
    
        save_tearsheet: bool
            Whether to save the tearsheet or not. This is only used for backtesting.
    
        show_indicators: bool
            Whether to display the indicators (markers and lines) in the user's web browser. This is only used for backtesting.
    
        tearsheet_file: str
            The path to save the tearsheet. This is only used for backtesting.
    
        base_filename: str
            The base filename to save the tearsheet, plot, indicators, etc. This is only used for backtesting.
    
        Returns
        -------
        dict
            A dictionary with the keys being the strategy names and the values being the strategy analysis.
        """
        if not self._strategies:
            raise RuntimeError(
                "No strategies to run. You must call trader.add_strategy(strategy) " "before trader.run_all()."
            )
    
        if self.is_backtest_broker != self.backtest:
            raise RuntimeError(
                f"You cannot mix backtesting and live strategies. You passed in "
                f"Trader(backtest={self.backtest}) but the strategies are configured with "
                f"broker_backtesting={self.is_backtest_broker}."
            )
    
        if len(self._strategies) != 1:
            if self.is_backtest_broker:
                raise Exception(
                    f"Received {len(self._strategies)} strategies for backtesting."
                    f"You can only backtest one at a time."
                )
            else:
                raise NotImplementedError(
                    f"Running multiple live strategies is not implemented yet. You passed "
                    f"in {len(self._strategies)} strategies."
                )
    
        strat = self._strategies[0]
        # NOTE: Market auto-detection now happens inside Broker.__init__.
        # This previous redundancy has been removed to ensure a single
        # source of truth for market inference (futures / crypto / 24-7).
        if self.is_backtest_broker:
            strat.verify_backtest_inputs(strat.backtesting_start, strat.backtesting_end)
            logger.info("Backtesting starting...")
    
        signal.signal(signal.SIGINT, self._stop_pool)
        self._set_logger()
        self._init_pool()
        self._start_pool()
        if not async_:
&gt;           self._join_pool()

lumibot/traders/trader.py:142: 
_ _ _ _ _ _ _ _ _ _ _ _ _ _ _ _ _ _ _ _ _ _ _ _ _ _ _ _ _ _ _ _ _ _ _ _ _ _ _ _ 

self = &lt;lumibot.traders.trader.Trader object at 0x14095f4d0&gt;

    def _join_pool(self):
        for strategy_thread in self._pool:
            strategy_thread.join()
    
        # For backtesting, check if any strategy failed and raise exception
        if self.is_backtest_broker:
            for strategy_thread in self._pool:
                # Check if the thread stored an exception
                if hasattr(strategy_thread, 'exception') and strategy_thread.exception is not None:
&gt;                   raise strategy_thread.exception

lumibot/traders/trader.py:226: 
_ _ _ _ _ _ _ _ _ _ _ _ _ _ _ _ _ _ _ _ _ _ _ _ _ _ _ _ _ _ _ _ _ _ _ _ _ _ _ _ 

self = &lt;StrategyExecutor(Thread-58, stopped daemon 13832826880)&gt;

    def run(self):
        try:
            # Overloading the broker sleep method
            self.broker.sleep = self.safe_sleep
    
            # Set the strategy name at the broker
            self.broker.set_strategy_name(self.strategy._name)
    
            self._initialize()
    
            # Get the trading days based on the market that the strategy is trading on
            market = self.broker.market
    
            # Initialize broker calendar and caches using trading days
            self.broker.initialize_market_calendars(get_trading_days(market))
    
            #####
            # Main strategy execution loop
            ####
    
            # Determine market type once to avoid repeated lookups
            market_name = getattr(self.broker, "market", None)
            is_continuous_market = market_name and self._is_continuous_market(market_name)
    
            while self.broker.should_continue() and self.should_continue:
                try:
                    self._run_trading_session()
    
                except Exception as e:
                    # The bot crashed so log the error, call the on_bot_crash method, and continue
                    self.strategy.logger.error(e)
                    self.strategy.logger.error(traceback.format_exc())
                    try:
                        self._on_bot_crash(e)
                    except Exception as e1:
                        self.strategy.logger.error(e1)
                        self.strategy.logger.error(traceback.format_exc())
    
                    # In BackTesting, we want to stop the bot if it crashes so there isn't an infinite loop
                    if self.strategy.is_backtesting:
&gt;                       raise e  # Re-raise original exception to preserve error message for tests
                        ^^^^^^^

lumibot/strategies/strategy_executor.py:1538: 
_ _ _ _ _ _ _ _ _ _ _ _ _ _ _ _ _ _ _ _ _ _ _ _ _ _ _ _ _ _ _ _ _ _ _ _ _ _ _ _ 

self = &lt;StrategyExecutor(Thread-58, stopped daemon 13832826880)&gt;

    def run(self):
        try:
            # Overloading the broker sleep method
            self.broker.sleep = self.safe_sleep
    
            # Set the strategy name at the broker
            self.broker.set_strategy_name(self.strategy._name)
    
            self._initialize()
    
            # Get the trading days based on the market that the strategy is trading on
            market = self.broker.market
    
            # Initialize broker calendar and caches using trading days
            self.broker.initialize_market_calendars(get_trading_days(market))
    
            #####
            # Main strategy execution loop
            ####
    
            # Determine market type once to avoid repeated lookups
            market_name = getattr(self.broker, "market", None)
            is_continuous_market = market_name and self._is_continuous_market(market_name)
    
            while self.broker.should_continue() and self.should_continue:
                try:
&gt;                   self._run_trading_session()

lumibot/strategies/strategy_executor.py:1524: 
_ _ _ _ _ _ _ _ _ _ _ _ _ _ _ _ _ _ _ _ _ _ _ _ _ _ _ _ _ _ _ _ _ _ _ _ _ _ _ _ 

self = &lt;StrategyExecutor(Thread-58, stopped daemon 13832826880)&gt;

    def _run_trading_session(self):
        """This is really intraday trading method. Timeframes of less than a day, seconds,
        minutes, hours.
        """
    
        has_data_source = hasattr(self.broker, "_data_source")
        market_name = getattr(self.broker, "market", None)
        is_continuous_market = market_name and self._is_continuous_market(market_name)
    
        # Process pandas daily and get out.
        if self._is_pandas_daily_data_source():
            self._process_pandas_daily_data()
            return
    
        # Set up market session and determine time_to_close
        if not is_continuous_market:
            # Set up market session and check if we should continue
            if not self._setup_market_session(has_data_source):
                return
            time_to_close = self.broker.get_time_to_close()
        else:
            time_to_close = float("inf")
    
        if not self.strategy.is_backtesting:
            # Start APScheduler for the trading session.
            self._setup_live_trading_scheduler()
    
            # Calculate if we should stop based on market timing
            should_we_stop = self._calculate_should_we_stop()
    
            # Clean up any existing check_queue thread before starting new one
            if hasattr(self, 'check_queue_thread') and self.check_queue_thread is not None:
                if self.check_queue_thread.is_alive():
                    self.check_queue_stop_event.set()
                    self.check_queue_thread.join(timeout=5.0)
    
            # Reset the stop event for the new thread
            self.check_queue_stop_event.clear()
    
            # Start the check_queue thread which will run continuously in the background, checking if any items have
            # been added to the queue and executing them.
            self.check_queue_thread = Thread(target=self.check_queue)
            self.check_queue_thread.start()
    
            next_run_time = self.get_next_ap_scheduler_run_time()
            if next_run_time is not None:
                # Format the date to be used in the log message.
                dt_str = next_run_time.strftime("%Y-%m-%d %I:%M:%S %p %Z")
                self.strategy.log_message(f"Strategy will check in again at: {dt_str}", color="blue")
    
            # Loop until the strategy should stop.
            loop_count = 0
            while True:
                loop_count += 1
    
                # Log every 60 iterations (roughly every minute) to track loop activity
                if loop_count % 60 == 1:
                    self.strategy.logger.debug(f"Main loop iteration #{loop_count} - Market closed status check")
    
                # Send data to cloud every minute FIRST - regardless of market status
                should_send_cloud_update = (not hasattr(self, '_last_updated_cloud')) or ((datetime.now() - self._last_updated_cloud) &gt;= timedelta(minutes=1))
                if should_send_cloud_update:
                    time_since_last = "never" if not hasattr(self, '_last_updated_cloud') else str(datetime.now() - self._last_updated_cloud)
                    self.strategy.logger.debug(f"Sending cloud update (last update: {time_since_last} ago)")
                    self.strategy.send_update_to_cloud()
                    self._last_updated_cloud = datetime.now()
    
                # Get the current jobs from the scheduler (may be None if gracefully exited previously)
                if self.scheduler is None:
                    self.strategy.log_message("⚠️ Scheduler is None, attempting to recreate", color="yellow")
                    # Attempt to re-create and start the scheduler
                    self._setup_live_trading_scheduler()
    
                jobs = self.scheduler.get_jobs() if self.scheduler is not None else []
    
                # Log scheduler status every minute
                if loop_count % 60 == 1:
                    self.strategy.logger.debug(f"Scheduler jobs: {len(jobs)} active")
    
                # Check if we should continue trading loop
                should_continue = self._should_continue_trading_loop(jobs, is_continuous_market, should_we_stop)
                if not should_continue:
                    self.strategy.logger.debug(f"Trading loop should stop: jobs={len(jobs)}, continuous={is_continuous_market}, should_stop={should_we_stop}")
                    break
    
                # Handle LifeCycle methods
                self._handle_lifecycle_methods()
    
                time.sleep(1)  # Sleep to save CPU
    
        #####
        # The main loop for backtesting if strategy is 24 hours
        ####
        # TODO: speed up this loop for backtesting (it's a major bottleneck)
    
        if self.strategy.is_backtesting:
&gt;           self._run_backtesting_loop(is_continuous_market, time_to_close)

lumibot/strategies/strategy_executor.py:1473: 
_ _ _ _ _ _ _ _ _ _ _ _ _ _ _ _ _ _ _ _ _ _ _ _ _ _ _ _ _ _ _ _ _ _ _ _ _ _ _ _ 

self = &lt;StrategyExecutor(Thread-58, stopped daemon 13832826880)&gt;
is_continuous_market = True, time_to_close = inf

    def _run_backtesting_loop(self, is_continuous_market, time_to_close):
        """Execute the main backtesting iteration loop"""
        iteration_count = 0
    
        while is_continuous_market or (time_to_close is not None and (time_to_close &gt; self.strategy.minutes_before_closing * 60)):
            iteration_count += 1
    
            # Stop after we pass the backtesting end date
            if self.broker.IS_BACKTESTING_BROKER and self.broker.datetime &gt; self.broker.data_source.datetime_end:
                break
    
&gt;           self._on_trading_iteration()

lumibot/strategies/strategy_executor.py:1359: 
_ _ _ _ _ _ _ _ _ _ _ _ _ _ _ _ _ _ _ _ _ _ _ _ _ _ _ _ _ _ _ _ _ _ _ _ _ _ _ _ 

self = &lt;StrategyExecutor(Thread-58, stopped daemon 13832826880)&gt;, args = ()
kwargs = {}

    @wraps(func_input)
    def func_output(self, *args, **kwargs):
        if self.should_continue:
            self._before_lifecycle_method()
&gt;           result = func_input(self, *args, **kwargs)
                     ^^^^^^^^^^^^^^^^^^^^^^^^^^^^^^^^^

lumibot/strategies/strategy_executor.py:554: 
_ _ _ _ _ _ _ _ _ _ _ _ _ _ _ _ _ _ _ _ _ _ _ _ _ _ _ _ _ _ _ _ _ _ _ _ _ _ _ _ 

self = &lt;StrategyExecutor(Thread-58, stopped daemon 13832826880)&gt;, args = ()
kwargs = {}
snapshot_before = {'asset': (ETH, USDT), 'backup_table_name': 'vars_backup', 'base': ETH, 'buy_trading_fees': [], ...}

    @wraps(func_input)
    def func_output(self, *args, **kwargs):
        self.strategy._update_portfolio_value()
        snapshot_before = self.strategy._copy_dict()
&gt;       result = func_input(self, *args, **kwargs)
                 ^^^^^^^^^^^^^^^^^^^^^^^^^^^^^^^^^

lumibot/strategies/strategy_executor.py:579: 
_ _ _ _ _ _ _ _ _ _ _ _ _ _ _ _ _ _ _ _ _ _ _ _ _ _ _ _ _ _ _ _ _ _ _ _ _ _ _ _ 

self = &lt;StrategyExecutor(Thread-58, stopped daemon 13832826880)&gt;

    @lifecycle_method
    @trace_stats
    def _on_trading_iteration(self):
        self._in_trading_iteration = True
    
        # If we are running live, we need to check if it's time to execute the trading iteration.
        if not self.strategy.is_backtesting:
            # Increase the cron count by 1.
            self.cron_count += 1
    
            # If the cron count is equal to the cron count target, reset the cron count to 0 and continue (execute
            # the on_trading_iteration method).
            if self.cron_count &gt;= self.cron_count_target:
                self.cron_count = 0
            else:
                # If the cron count is not equal to the cron count target, return and do not execute the
                # on_trading_iteration method.
                return
    
        # Check if self.strategy.sleeptime is a number or a string.
        if isinstance(self.strategy.sleeptime, (int, float)):
            sleep_units = "m"
        else:
            sleep_units = self.strategy.sleeptime[-1].lower()
        start_dt = datetime.now()
        self.sync_broker()
    
        # Check if we are in market hours.
        if not self.broker.is_market_open():
            if not self._market_closed_logged:
                self.strategy.log_message("The market is not currently open, skipping this trading iteration", color="blue")
                self._market_closed_logged = True
            return
        else:
            self._market_closed_logged = False  # Reset when market opens
    
        # Send the account summary to Discord
        self.strategy.send_account_summary_to_discord()
    
        self._strategy_context = None
        # Optimization: Use astimezone instead of localize for better performance
        # datetime.now() already returns a naive datetime, so we can use astimezone
        # This avoids the expensive localize operation that's called 355k times
        if start_dt.tzinfo is None:
            # If naive, use the faster replace+astimezone approach
            start_dt_tz = start_dt.replace(tzinfo=LUMIBOT_DEFAULT_PYTZ)
        else:
            # If already has timezone, just convert
            start_dt_tz = start_dt.astimezone(LUMIBOT_DEFAULT_PYTZ)
        start_str = start_dt_tz.strftime("%Y-%m-%d %I:%M:%S %p %Z")
[...]
kwargs = {'passwd': 'test_password', 'username': 'test_user'}
msg = "Expected 'ThetaClient' to be called once. Called 0 times."

    def assert_called_once_with(self, /, *args, **kwargs):
        """assert that the mock was called exactly once and that that call was
        with the specified arguments."""
        if not self.call_count == 1:
            msg = ("Expected '%s' to be called once. Called %s times.%s"
                   % (self._mock_name or 'mock',
                      self.call_count,
                      self._calls_repr()))
&gt;           raise AssertionError(msg)
E           AssertionError: Expected 'ThetaClient' to be called once. Called 0 times.

/opt/homebrew/Cellar/python@3.12/3.12.10/Frameworks/Python.framework/Versions/3.12/lib/python3.12/unittest/mock.py:960: AssertionError

During handling of the above exception, another exception occurred:

mock_ThetaClient = &lt;MagicMock name='ThetaClient' id='21547205648'&gt;
mock_get = &lt;MagicMock name='get' id='21733980640'&gt;

    @patch('lumibot.tools.thetadata_helper.requests.get')  # Mock the requests.get call
    @patch('lumibot.tools.thetadata_helper.ThetaClient')  # Mock the ThetaClient class
    def test_start_theta_data_client(mock_ThetaClient,mock_get):
        # Arrange
        mock_get.return_value = MagicMock(status_code=200)
        mock_client_instance = MagicMock()
        mock_ThetaClient.return_value = mock_client_instance
        BASE_URL = "http://127.0.0.1:25510"
        # Act
        client = thetadata_helper.start_theta_data_client("test_user", "test_password")
    
        # Assert
        mock_get.assert_called_once_with(f"{BASE_URL}/v2/system/terminal/shutdown")
&gt;       mock_ThetaClient.assert_called_once_with(username="test_user", passwd="test_password")
E       AssertionError: Expected 'ThetaClient' to be called once. Called 0 times.

tests/test_thetadata_helper.py:574: AssertionError</failure></testcase><testcase classname="tests.test_thetadata_helper" name="test_check_connection" time="1.026" /><testcase classname="tests.test_thetadata_helper" name="test_check_connection_with_exception" time="1.028" /><testcase classname="tests.test_thetadata_helper" name="test_get_request_successful" time="1.009"><failure message="KeyError: 'response'">mock_get = &lt;MagicMock name='get' id='21736379680'&gt;
mock_check_connection = &lt;MagicMock name='check_connection' id='21733987088'&gt;

    @patch('lumibot.tools.thetadata_helper.check_connection')
    @patch('lumibot.tools.thetadata_helper.requests.get')
    def test_get_request_successful(mock_get, mock_check_connection):
        # Arrange
        mock_response = MagicMock()
        mock_response.status_code = 200
        mock_response.json.return_value = {
            "header": {
                "error_type": "null"
            },
            "data": "some_data"
        }
        mock_get.return_value = mock_response
    
        url = "http://test.com"
        headers = {"Authorization": "Bearer test_token"}
        querystring = {"param1": "value1"}
    
        # Act
&gt;       response = thetadata_helper.get_request(url, headers, querystring, "test_user", "test_password")
                   ^^^^^^^^^^^^^^^^^^^^^^^^^^^^^^^^^^^^^^^^^^^^^^^^^^^^^^^^^^^^^^^^^^^^^^^^^^^^^^^^^^^^^

tests/test_thetadata_helper.py:639: 
_ _ _ _ _ _ _ _ _ _ _ _ _ _ _ _ _ _ _ _ _ _ _ _ _ _ _ _ _ _ _ _ _ _ _ _ _ _ _ _ 

url = 'http://test.com', headers = {'Authorization': 'Bearer test_token'}
querystring = {'param1': 'value1'}, username = 'test_user'
password = 'test_password'

                con_text = res.text
    
                if con_text == "CONNECTED":
                    logger.debug("Connected to Theta Data!")
                    connected = True
                    break
                elif con_text == "DISCONNECTED":
                    logger.debug("Disconnected from Theta Data!")
                    counter += 1
                else:
                    logger.info(f"Unknown connection status: {con_text}, starting theta data client")
                    client = start_theta_data_client(username=username, password=password)
                    counter += 1
            except Exception as e:
                # Process might have died or network issue
                if not is_process_alive():
                    logger.warning(f"ThetaTerminal process died during connection check: {e}")
                client = start_theta_data_client(username=username, password=password)
                counter += 1
    
            if counter &gt; MAX_RETRIES:
                logger.error("Cannot connect to Theta Data!")
                break
    
        return client, connected
    
    
    def get_request(url: str, headers: dict, querystring: dict, username: str, password: str):
        all_responses = []
        next_page_url = None
        page_count = 0
    
        while True:
            counter = 0
            # Use next_page URL if available, otherwise use original URL with querystring
            request_url = next_page_url if next_page_url else url
            request_params = None if next_page_url else querystring
    
            while True:
                try:
                    response = requests.get(request_url, headers=headers, params=request_params)
                    # If status code is not 200, then we are not connected
                    if response.status_code != 200:
&gt;                       check_connection(username=username, password=password)
                                 ^^^^^^^^^^^^^^^^^^^^^
E                       KeyError: 'response'

lumibot/tools/thetadata_helper.py:495: KeyError</failure></testcase><testcase classname="tests.test_thetadata_helper" name="test_get_request_non_200_status_code" time="1.025" /><testcase classname="tests.test_thetadata_helper" name="test_get_request_error_in_json" time="1.014" /><testcase classname="tests.test_thetadata_helper" name="test_get_request_exception_handling" time="1.010" /><testcase classname="tests.test_thetadata_helper" name="test_get_historical_data_stock" time="1.008"><failure message="AssertionError: assert ['open', 'hig...ume', 'count'] == ['open', 'hig... 'count', ...]&#10;  &#10;  Right contains one more item: 'datetime'&#10;  &#10;  Full diff:&#10;    [&#10;        'open',&#10;        'high',...&#10;  &#10;  ...Full output truncated (6 lines hidden), use '-vv' to show">mock_get_request = &lt;MagicMock name='get_request' id='21734682320'&gt;

    @patch('lumibot.tools.thetadata_helper.get_request')
    def test_get_historical_data_stock(mock_get_request):
        # Arrange
        mock_json_response = {
            "header": {"format": ["date", "ms_of_day", "open", "high", "low", "close", "volume", "count"]},
            "response": [
                {"date": 20230701, "ms_of_day": 3600000, "open": 100, "high": 110, "low": 95, "close": 105, "volume": 1000, "count": 10},
                {"date": 20230702, "ms_of_day": 7200000, "open": 110, "high": 120, "low": 105, "close": 115, "volume": 2000, "count": 20}
            ]
        }
        mock_get_request.return_value = mock_json_response
    
        #asset = MockAsset(asset_type="stock", symbol="AAPL")
        asset = Asset("AAPL")
        start_dt = datetime.datetime(2023, 7, 1)
        end_dt = datetime.datetime(2023, 7, 2)
        ivl = 60000
    
        # Act
        df = thetadata_helper.get_historical_data(asset, start_dt, end_dt, ivl, "test_user", "test_password")
    
        # Assert
        assert isinstance(df, pd.DataFrame)
        assert not df.empty
&gt;       assert list(df.columns) == ["open", "high", "low", "close", "volume", "count", "datetime"]
E       AssertionError: assert ['open', 'hig...ume', 'count'] == ['open', 'hig... 'count', ...]
E         
E         Right contains one more item: 'datetime'
E         
E         Full diff:
E           [
E               'open',
E               'high',...
E         
E         ...Full output truncated (6 lines hidden), use '-vv' to show

tests/test_thetadata_helper.py:749: AssertionError</failure></testcase><testcase classname="tests.test_thetadata_helper" name="test_get_historical_data_option" time="1.017"><failure message="AssertionError: assert ['open', 'hig...ume', 'count'] == ['open', 'hig... 'count', ...]&#10;  &#10;  Right contains one more item: 'datetime'&#10;  &#10;  Full diff:&#10;    [&#10;        'open',&#10;        'high',...&#10;  &#10;  ...Full output truncated (6 lines hidden), use '-vv' to show">mock_get_request = &lt;MagicMock name='get_request' id='21734677712'&gt;

    @patch('lumibot.tools.thetadata_helper.get_request')
    def test_get_historical_data_option(mock_get_request):
        # Arrange
        mock_json_response = {
            "header": {"format": ["date", "ms_of_day", "open", "high", "low", "close", "volume", "count"]},
            "response": [
                {"date": 20230701, "ms_of_day": 3600000, "open": 1, "high": 1.1, "low": 0.95, "close": 1.05, "volume": 100, "count": 10},
                {"date": 20230702, "ms_of_day": 7200000, "open": 1.1, "high": 1.2, "low": 1.05, "close": 1.15, "volume": 200, "count": 20}
            ]
        }
        mock_get_request.return_value = mock_json_response
    
        asset = Asset(
            asset_type="option", symbol="AAPL", expiration=datetime.datetime(2023, 9, 30), strike=140, right="CALL"
        )
        start_dt = datetime.datetime(2023, 7, 1)
        end_dt = datetime.datetime(2023, 7, 2)
        ivl = 60000
    
        # Act
        df = thetadata_helper.get_historical_data(asset, start_dt, end_dt, ivl, "test_user", "test_password")
    
        # Assert
        assert isinstance(df, pd.DataFrame)
        assert not df.empty
&gt;       assert list(df.columns) == ["open", "high", "low", "close", "volume", "count", "datetime"]
E       AssertionError: assert ['open', 'hig...ume', 'count'] == ['open', 'hig... 'count', ...]
E         
E         Right contains one more item: 'datetime'
E         
E         Full diff:
E           [
E               'open',
E               'high',...
E         
E         ...Full output truncated (6 lines hidden), use '-vv' to show

tests/test_thetadata_helper.py:781: AssertionError</failure></testcase><testcase classname="tests.test_thetadata_helper" name="test_get_historical_data_empty_response" time="1.020" /><testcase classname="tests.test_thetadata_helper" name="test_get_historical_data_quote_style" time="1.009" /><testcase classname="tests.test_thetadata_helper" name="test_get_historical_data_ohlc_style_with_zero_in_response" time="1.008" /><testcase classname="tests.test_thetadata_helper" name="test_get_expirations_normal_operation" time="1.016" /><testcase classname="tests.test_thetadata_helper" name="test_get_expirations_empty_response" time="1.021" /><testcase classname="tests.test_thetadata_helper" name="test_get_expirations_dates_before_after_date" time="1.015" /><testcase classname="tests.test_thetadata_helper" name="test_get_strikes_normal_operation" time="0.992" /><testcase classname="tests.test_thetadata_helper" name="test_get_strikes_empty_response" time="0.997" /><testcase classname="tests.test_tradier.TestTradierBrokerAPI" name="test_get_last_price" time="0.994"><skipped type="pytest.skip" message="These tests require a Tradier API key">/Users/robertgrzesik/Documents/Development/lumivest_bot_server/strategies/lumibot/tests/test_tradier.py:40: These tests require a Tradier API key</skipped></testcase><testcase classname="tests.test_tradier.TestTradierBrokerAPI" name="test_submit_order" time="1.008"><skipped type="pytest.skip" message="These tests require a Tradier API key">/Users/robertgrzesik/Documents/Development/lumivest_bot_server/strategies/lumibot/tests/test_tradier.py:46: These tests require a Tradier API key</skipped></testcase><testcase classname="tests.test_tradier.TestTradierBroker" name="test_basics" time="1.004" /><testcase classname="tests.test_tradier.TestTradierBroker" name="test_modify_order" time="0.991" /><testcase classname="tests.test_tradier.TestTradierBroker" name="test_tradier_side2lumi" time="0.985" /><testcase classname="tests.test_tradier.TestTradierBroker" name="test_lumi_side2tradier" time="0.989" /><testcase classname="tests.test_tradier.TestTradierBroker" name="test_pull_broker_all_orders" time="0.994" /><testcase classname="tests.test_tradier.TestTradierBroker" name="test_parse_broker_order" time="0.987" /><testcase classname="tests.test_tradier.TestTradierBroker" name="test_oco_parse_broker_order" time="0.999" /><testcase classname="tests.test_tradier.TestTradierBroker" name="test_do_polling" time="0.000"><skipped type="pytest.skip" message="Complex test that requires proper stream setup - skipping to fix CI timeout">/Users/robertgrzesik/Documents/Development/lumivest_bot_server/strategies/lumibot/tests/test_tradier.py:365: Complex test that requires proper stream setup - skipping to fix CI timeout</skipped></testcase><testcase classname="tests.test_tradingfee.TestTradingFee" name="test_init" time="0.989" /><testcase classname="tests.test_tradovate.TestTradovateImports" name="test_tradovate_broker_import" time="1.000" /><testcase classname="tests.test_tradovate.TestTradovateImports" name="test_tradovate_data_source_import" time="1.003" /><testcase classname="tests.test_tradovate.TestTradovateImports" name="test_tradovate_exception_import" time="0.996" /><testcase classname="tests.test_tradovate.TestTradovateImports" name="test_old_misspelling_not_accessible" time="1.008" /><testcase classname="tests.test_tradovate.TestTradovateConfiguration" name="test_tradovate_config_structure" time="1.013" /><testcase classname="tests.test_tradovate.TestTradovateConfiguration" name="test_tradovate_config_default_values" time="1.001" /><testcase classname="tests.test_tradovate.TestTradovateConfiguration" name="test_environment_variable_names" time="0.000"><skipped type="pytest.skip" message="Test reloads credentials module which triggers actual API calls in CI">/Users/robertgrzesik/Documents/Development/lumivest_bot_server/strategies/lumibot/tests/test_tradovate.py:90: Test reloads credentials module which triggers actual API calls in CI</skipped></testcase><testcase classname="tests.test_tradovate.TestTradovateConfiguration" name="test_tradovate_env_var_prefix" time="0.991" /><testcase classname="tests.test_tradovate.TestTradovateBroker" name="test_broker_class_attributes" time="0.991" /><testcase classname="tests.test_tradovate.TestTradovateBroker" name="test_broker_has_required_methods" time="1.008" /><testcase classname="tests.test_tradovate.TestTradovateBroker" name="test_broker_config_validation" time="0.996" /><testcase classname="tests.test_tradovate.TestTradovateBroker" name="test_broker_handles_missing_credentials" time="1.013" /><testcase classname="tests.test_tradovate.TestTradovateDataSource" name="test_data_source_attributes" time="1.000" /><testcase classname="tests.test_tradovate.TestTradovateDataSource" name="test_data_source_initialization" time="0.993" /><testcase classname="tests.test_tradovate.TestTradovateSymbolConversion" name="test_continuous_futures_symbol_resolution" time="1.022" /><testcase classname="tests.test_tradovate.TestTradovateSymbolConversion" name="test_order_symbol_extraction" time="1.006" /><testcase classname="tests.test_tradovate.TestTradovateIntegration" name="test_end_to_end_order_flow" time="0.982" /><testcase classname="tests.test_tradovate.TestTradovateSymbolResolution" name="test_tradovate_symbol_format" time="0.993" /><testcase classname="tests.test_tradovate.TestTradovateSymbolResolution" name="test_tradovate_converts_specific_contract_to_single_digit" time="1.010" /><testcase classname="tests.test_tradovate.TestTradovateSymbolResolution" name="test_tradovate_vs_standard_symbol_difference" time="1.005" /><testcase classname="tests.test_tradovate.TestTradovateAPIPayload" name="test_limit_order_payload_format" time="1.000" /><testcase classname="tests.test_tradovate.TestTradovateAPIPayload" name="test_stop_order_payload_format" time="0.984" /><testcase classname="tests.test_tradovate.TestTradovateTokenRenewal" name="test_token_renewal_on_expiry" time="0.979" /><testcase classname="tests.test_tradovate.TestTradovateTokenRenewal" name="test_automatic_retry_on_401" time="0.983" /><testcase classname="tests.test_tradovate.TestTradovateTokenRenewal" name="test_get_balances_with_token_renewal" time="0.000"><skipped type="pytest.skip" message="This test requires Tradovate credentials">/Users/robertgrzesik/Documents/Development/lumivest_bot_server/strategies/lumibot/tests/test_tradovate.py:715: This test requires Tradovate credentials</skipped></testcase><testcase classname="tests.test_tradovate.TestTradovateTokenRenewal" name="test_proactive_token_check" time="0.980" /><testcase classname="tests.test_tradovate.TestTradovateTokenRenewal" name="test_token_not_renewed_when_fresh" time="1.021" /><testcase classname="tests.test_unified_logger.TestBasicLogging" name="test_logger_hierarchy" time="0.981" /><testcase classname="tests.test_unified_logger.TestBasicLogging" name="test_logger_already_starts_with_lumibot" time="0.992" /><testcase classname="tests.test_unified_logger.TestBasicLogging" name="test_strategy_logger_prefix" time="0.980" /><testcase classname="tests.test_unified_logger.TestBasicLogging" name="test_strategy_logger_update_name" time="1.011" /><testcase classname="tests.test_unified_logger.TestCSVErrorHandler" name="test_csv_handler_initialization" time="0.975" /><testcase classname="tests.test_unified_logger.TestCSVErrorHandler" name="test_csv_file_creation" time="0.979" /><testcase classname="tests.test_unified_logger.TestCSVErrorHandler" name="test_error_deduplication" time="0.981" /><testcase classname="tests.test_unified_logger.TestCSVErrorHandler" name="test_error_details_normalization" time="0.985" /><testcase classname="tests.test_unified_logger.TestLoggerConfiguration" name="test_set_log_level" time="0.987" /><testcase classname="tests.test_unified_logger.TestLoggerConfiguration" name="test_invalid_log_level" time="0.988" /><testcase classname="tests.test_unified_logger.TestLoggerFormatter" name="test_formatter_creates_different_formats" time="0.989" /><testcase classname="tests.test_unified_logger.TestLoggerFormatter" name="test_message_cleaning" time="1.006" /><testcase classname="tests.test_unified_logger.TestThreadSafety" name="test_concurrent_csv_logging" time="1.127" /><testcase classname="tests.test_unified_logger.TestEnvironmentVariables" name="test_backtesting_quiet_logs" time="0.990" /><testcase classname="tests.test_vix_helper.TestVixHelperImport" name="test_numpy_nan_compatibility" time="1.090" /><testcase classname="tests.test_vix_helper.TestVixHelperImport" name="test_pandas_ta_import_with_numpy_2" time="0.988" /><testcase classname="tests.test_vix_helper.TestVixHelper" name="test_check_max_vix_1d" time="0.990" /><testcase classname="tests.test_vix_helper.TestVixHelper" name="test_get_vix_rsi_value" time="0.987" /><testcase classname="tests.test_vix_helper.TestVixHelper" name="test_get_vix_value" time="0.995" /><testcase classname="tests.test_vix_helper.TestVixHelper" name="test_vix_helper_initialization" time="0.979" /><testcase classname="tests.test_vix_helper.TestVixHelper" name="test_vix_percentile_calculation" time="0.982" /><testcase classname="tests.test_vix_helper.TestNumPyCompatibility" name="test_module_import_order_independence" time="1.000" /><testcase classname="tests.test_vix_helper.TestNumPyCompatibility" name="test_numpy_nan_alias_creation" time="0.999" /><testcase classname="tests.test_vix_helper.TestNumPyCompatibility" name="test_pandas_operations_with_nan" time="6.179" /></testsuite></testsuites>