============================= test session starts ==============================
platform darwin -- Python 3.12.10, pytest-8.4.1, pluggy-1.6.0 -- /opt/homebrew/opt/python@3.12/bin/python3.12
cachedir: .pytest_cache
rootdir: /Users/robertgrzesik/Documents/Development/lumivest_bot_server/strategies/lumibot
configfile: setup.cfg
plugins: asyncio-1.1.0, xdist-3.8.0, postmarker-1.0, timeout-2.4.0, anyio-4.10.0, cov-6.2.1, langsmith-0.4.13, mock-3.14.0, forked-1.6.0
asyncio: mode=Mode.STRICT, asyncio_default_fixture_loop_scope=None, asyncio_default_test_loop_scope=function
collecting ... collected 1038 items / 3 skipped

backtest/test_accuracy_verification.py::TestAccuracyVerification::test_one_year_amzn_accuracy PASSED [  0%]
backtest/test_accuracy_verification.py::TestAccuracyVerification::test_multi_symbol_price_ranges PASSED [  0%]
backtest/test_backtesting_broker_processing.py::test_process_pending_orders_equity_appies_fee_once PASSED [  0%]
backtest/test_backtesting_broker_processing.py::test_process_pending_orders_crypto_keeps_cash_consistent PASSED [  0%]
backtest/test_backtesting_broker_processing.py::test_bracket_order_entry_and_exit_cash_consistency PASSED [  0%]
backtest/test_backtesting_broker_processing.py::test_buy_orders_fill_at_expected_prices[market_buy] PASSED [  0%]
backtest/test_backtesting_broker_processing.py::test_buy_orders_fill_at_expected_prices[limit_between_range] PASSED [  0%]
backtest/test_backtesting_broker_processing.py::test_buy_orders_fill_at_expected_prices[limit_gap_down] PASSED [  0%]
backtest/test_backtesting_broker_processing.py::test_buy_orders_fill_at_expected_prices[stop_gap_up] PASSED [  0%]
backtest/test_backtesting_broker_processing.py::test_buy_orders_fill_at_expected_prices[stop_limit_trigger] PASSED [  0%]
backtest/test_backtesting_broker_processing.py::test_buy_orders_fill_at_expected_prices[market_fractional] PASSED [  1%]
backtest/test_backtesting_broker_processing.py::test_buy_orders_fill_at_expected_prices[stop_fractional] PASSED [  1%]
backtest/test_backtesting_broker_processing.py::test_limit_order_remains_open_when_price_not_reached PASSED [  1%]
backtest/test_backtesting_broker_processing.py::test_sell_orders_fill_at_expected_prices[market_sell] PASSED [  1%]
backtest/test_backtesting_broker_processing.py::test_sell_orders_fill_at_expected_prices[limit_sell] PASSED [  1%]
backtest/test_backtesting_broker_processing.py::test_sell_orders_fill_at_expected_prices[stop_sell] PASSED [  1%]
backtest/test_backtesting_broker_processing.py::test_sell_orders_fill_at_expected_prices[stop_limit_sell] PASSED [  1%]
backtest/test_backtesting_broker_processing.py::test_sell_orders_fill_at_expected_prices[limit_fractional] PASSED [  1%]
backtest/test_backtesting_broker_processing.py::test_sell_orders_fill_at_expected_prices[stop_fractional] PASSED [  1%]
backtest/test_backtesting_broker_processing.py::test_trailing_stop_sell_triggers_after_price_drop PASSED [  1%]
backtest/test_backtesting_broker_processing.py::test_bracket_order_stop_exit_executes PASSED [  2%]
backtest/test_backtesting_broker_processing.py::test_bracket_order_trailing_exit_executes PASSED [  2%]
backtest/test_backtesting_broker_processing.py::test_crypto_market_sell_returns_quote_balance PASSED [  2%]
backtest/test_backtesting_broker_processing.py::test_crypto_limit_order_not_filled_when_price_not_hit PASSED [  2%]
backtest/test_backtesting_broker_processing.py::test_forex_market_buy_updates_positions PASSED [  2%]
backtest/test_backtesting_broker_processing.py::test_percent_fee_is_applied_once PASSED [  2%]
backtest/test_backtesting_broker_processing.py::test_flat_fee_is_applied_once PASSED [  2%]
backtest/test_backtesting_broker_processing.py::test_multiple_orders_in_single_cycle_all_fill PASSED [  2%]
backtest/test_backtesting_broker_processing.py::test_missing_bar_falls_back_to_last_available_price PASSED [  2%]
backtest/test_crypto_cash_regressions.py::test_crypto_cash_regression_no_fees[price_map0] PASSED [  2%]
backtest/test_crypto_cash_regressions.py::test_crypto_cash_regression_no_fees[price_map1] PASSED [  2%]
backtest/test_crypto_cash_regressions.py::test_crypto_cash_regression_with_fees PASSED [  3%]
backtest/test_daily_data_timestamp_comparison.py::TestDailyDataTimestampComparison::test_daily_data_full_month_pltr PASSED [  3%]
backtest/test_daily_data_timestamp_comparison.py::TestDailyDataTimestampComparison::test_daily_data_full_month_spy PASSED [  3%]
backtest/test_daily_data_timestamp_comparison.py::TestDailyDataTimestampComparison::test_daily_data_full_month_aapl PASSED [  3%]
backtest/test_daily_data_timestamp_comparison.py::TestDailyDataTimestampComparison::test_daily_data_full_month_amzn PASSED [  3%]
backtest/test_daily_data_timestamp_comparison.py::TestDailyDataTimestampComparison::test_daily_data_full_month_spx_index PASSED [  3%]
backtest/test_daily_data_timestamp_comparison.py::TestDailyDataTimestampComparison::test_daily_data_full_month_vix_index PASSED [  3%]
backtest/test_daily_data_timestamp_comparison.py::TestDailyDataTimestampComparison::test_daily_data_full_month_ndx_index PASSED [  3%]
backtest/test_daily_data_timestamp_comparison.py::TestDailyDataTimestampComparison::test_daily_data_spy_call_option PASSED [  3%]
backtest/test_daily_data_timestamp_comparison.py::TestDailyDataTimestampComparison::test_daily_data_spy_put_option PASSED [  3%]
backtest/test_daily_data_timestamp_comparison.py::TestIntradayDataComparison::test_theta_vs_polygon_intervals[5minute-5min-78] PASSED [  4%]
backtest/test_daily_data_timestamp_comparison.py::TestIntradayDataComparison::test_theta_vs_polygon_intervals[10minute-10min-39] PASSED [  4%]
backtest/test_daily_data_timestamp_comparison.py::TestIntradayDataComparison::test_theta_vs_polygon_intervals[15minute-15min-26] PASSED [  4%]
backtest/test_daily_data_timestamp_comparison.py::TestIntradayDataComparison::test_theta_vs_polygon_intervals[30minute-30min-13] PASSED [  4%]
backtest/test_daily_data_timestamp_comparison.py::TestIntradayDataComparison::test_theta_vs_polygon_intervals[hour-1h-7] PASSED [  4%]
backtest/test_databento.py::TestDatabentoBacktestFull::test_databento_continuous_futures_minute_data PASSED [  4%]
backtest/test_databento.py::TestDatabentoBacktestFull::test_databento_continuous_futures_minute_data_polars PASSED [  4%]
backtest/test_databento.py::TestDatabentoBacktestFull::test_databento_daily_continuous_futures PASSED [  4%]
backtest/test_databento_comprehensive_trading.py::TestDatabentoComprehensiveTrading::test_multiple_instruments_minute_data PASSED [  4%]
backtest/test_databento_comprehensive_trading.py::TestDatabentoComprehensiveTradingDaily::test_multiple_instruments_daily_data PASSED [  4%]
backtest/test_databento_comprehensive_trading.py::TestDatabentoComprehensiveTradingDaily::test_multiple_instruments_pandas_version PASSED [  5%]
backtest/test_debug_avg_fill_price.py::test_debug_avg_fill_price PASSED  [  5%]
backtest/test_dividends.py::TestDividends::test_yahoo_finance_dividends PASSED [  5%]
backtest/test_dividends.py::TestDividends::test_polygon_dividends PASSED [  5%]
backtest/test_dividends.py::TestDividends::test_compare_yahoo_vs_polygon_dividends PASSED [  5%]
backtest/test_example_strategies.py::TestExampleStrategies::test_stock_bracket PASSED [  5%]
backtest/test_example_strategies.py::TestExampleStrategies::test_stock_oco PASSED [  5%]
backtest/test_example_strategies.py::TestExampleStrategies::test_stock_buy_and_hold PASSED [  5%]
backtest/test_example_strategies.py::TestExampleStrategies::test_stock_diversified_leverage PASSED [  5%]
backtest/test_example_strategies.py::TestExampleStrategies::test_limit_and_trailing_stops PASSED [  5%]
backtest/test_example_strategies.py::TestExampleStrategies::test_options_hold_to_expiry PASSED [  5%]
backtest/test_example_strategies.py::TestExampleStrategies::test_ccxt_backtesting SKIPPED [  6%]
backtest/test_failing_backtest.py::TestFailingBacktest::test_initialize_failure_raises_exception PASSED [  6%]
backtest/test_failing_backtest.py::TestFailingBacktest::test_trading_iteration_failure_raises_exception PASSED [  6%]
backtest/test_failing_backtest.py::TestFailingBacktest::test_backtest_classmethod_initialize_failure PASSED [  6%]
backtest/test_failing_backtest.py::TestFailingBacktest::test_backtest_classmethod_trading_iteration_failure PASSED [  6%]
backtest/test_futures_edge_cases.py::TestFuturesEdgeCases::test_short_selling PASSED [  6%]
backtest/test_futures_edge_cases.py::TestFuturesEdgeCases::test_multiple_simultaneous_positions PASSED [  6%]
backtest/test_futures_single_trade.py::TestFuturesSingleTrade::test_single_mes_trade_tracking PASSED [  6%]
backtest/test_futures_ultra_simple.py::test_ultra_simple_buy_hold_sell PASSED [  6%]
backtest/test_index_data_verification.py::TestIndexDataVerification::test_spx_data_accessible PASSED [  6%]
backtest/test_index_data_verification.py::TestIndexDataVerification::test_vix_data_accessible PASSED [  7%]
backtest/test_index_data_verification.py::TestIndexDataVerification::test_index_timestamp_accuracy PASSED [  7%]
backtest/test_index_data_verification.py::TestIndexDataVerification::test_spx_vs_polygon_comparison PASSED [  7%]
backtest/test_index_data_verification.py::TestIndexDataVerification::test_vix_vs_polygon_comparison PASSED [  7%]
backtest/test_index_data_verification.py::TestIndexDataVerification::test_index_ohlc_consistency PASSED [  7%]
backtest/test_index_data_verification.py::TestIndexDataVerification::test_index_no_missing_bars PASSED [  7%]
backtest/test_multileg_backtest.py::test_multileg_spread_backtest_cash_and_parent_fill PASSED [  7%]
backtest/test_pandas_backtest.py::TestPandasBacktest::test_pandas_data_fixture PASSED [  7%]
backtest/test_pandas_backtest.py::TestPandasBacktest::test_pandas_datasource_with_daily_data_in_backtest PASSED [  7%]
backtest/test_pandas_backtest.py::test_bracket_orders_apply_entry_and_exit_fees PASSED [  7%]
backtest/test_passing_trader_into_backtest.py::TestPassingTraderIntoBacktest::test_not_passing_trader_class_into_backtest_creates_generic_trader PASSED [  7%]
backtest/test_passing_trader_into_backtest.py::TestPassingTraderIntoBacktest::test_passing_trader_class_into_backtest_creates_trader_class PASSED [  8%]
backtest/test_polygon.py::TestPolygonBacktestFull::test_polygon_restclient PASSED [  8%]
backtest/test_polygon.py::TestPolygonBacktestFull::test_intraday_daterange PASSED [  8%]
backtest/test_polygon.py::TestPolygonBacktestFull::test_polygon_legacy_backtest PASSED [  8%]
backtest/test_polygon.py::TestPolygonBacktestFull::test_polygon_legacy_backtest2 PASSED [  8%]
backtest/test_polygon.py::TestPolygonBacktestFull::test_pull_source_symbol_bars_with_api_call PASSED [  8%]
backtest/test_polygon.py::TestPolygonDataSource::test_get_historical_prices PASSED [  8%]
backtest/test_polygon.py::TestPolygonDataSource::test_get_chains_spy_expected_data PASSED [  8%]
backtest/test_polygon.py::TestPolygonDataSource::test_get_last_price_unchanged PASSED [  8%]
backtest/test_polygon.py::TestPolygonDataSource::test_get_historical_prices_unchanged_for_amzn PASSED [  8%]
backtest/test_thetadata.py::TestThetaDataBacktestFull::test_thetadata_restclient PASSED [  9%]
backtest/test_thetadata.py::TestThetaDataBacktestFull::test_intraday_daterange PASSED [  9%]
backtest/test_thetadata.py::TestThetaDataSource::test_get_historical_prices PASSED [  9%]
backtest/test_thetadata.py::TestThetaDataSource::test_get_chains_spy_expected_data PASSED [  9%]
backtest/test_thetadata.py::TestThetaDataSource::test_get_last_price_unchanged PASSED [  9%]
backtest/test_thetadata.py::TestThetaDataSource::test_get_historical_prices_unchanged_for_amzn PASSED [  9%]
backtest/test_thetadata.py::TestThetaDataSource::test_pull_source_symbol_bars_with_api_call PASSED [  9%]
backtest/test_thetadata_comprehensive.py::TestThetaDataStocks::test_first_10_minutes_timestamps_and_prices PASSED [  9%]
backtest/test_thetadata_comprehensive.py::TestThetaDataStocks::test_noon_period_accuracy PASSED [  9%]
backtest/test_thetadata_comprehensive.py::TestThetaDataStocks::test_multiple_symbols PASSED [  9%]
backtest/test_thetadata_comprehensive.py::TestThetaDataMethods::test_get_quote PASSED [ 10%]
backtest/test_thetadata_comprehensive.py::TestThetaDataMethods::test_get_chains PASSED [ 10%]
backtest/test_thetadata_comprehensive.py::TestThetaDataOptions::test_atm_call_and_put PASSED [ 10%]
backtest/test_thetadata_comprehensive.py::TestThetaDataIndexes::test_spx_pricing PASSED [ 10%]
backtest/test_thetadata_comprehensive.py::TestThetaDataExtendedHours::test_premarket_data PASSED [ 10%]
backtest/test_thetadata_comprehensive.py::TestThetaDataQuoteContinuity::test_multi_day_option_quote_coverage PASSED [ 10%]
backtest/test_thetadata_comprehensive.py::TestThetaDataHelperLive::test_get_price_data_regular_vs_extended PASSED [ 10%]
backtest/test_thetadata_comprehensive.py::TestThetaDataHelperLive::test_get_price_data_multi_chunk_fetch PASSED [ 10%]
backtest/test_thetadata_comprehensive.py::TestThetaDataHelperLive::test_get_historical_data_option_live PASSED [ 10%]
backtest/test_thetadata_comprehensive.py::TestThetaDataHelperLive::test_get_historical_data_index_live PASSED [ 10%]
backtest/test_thetadata_comprehensive.py::TestThetaDataHelperLive::test_get_historical_data_quote_style PASSED [ 10%]
backtest/test_thetadata_comprehensive.py::TestThetaDataHelperLive::test_get_historical_data_no_data_returns_none PASSED [ 11%]
backtest/test_thetadata_comprehensive.py::TestThetaDataHelperLive::test_get_expirations_and_strikes_live PASSED [ 11%]
backtest/test_thetadata_comprehensive.py::TestThetaDataPagination::test_pagination_with_mock PASSED [ 11%]
backtest/test_thetadata_vs_polygon.py::TestThetaDataVsPolygonComparison::test_stock_price_comparison PASSED [ 11%]
backtest/test_thetadata_vs_polygon.py::TestThetaDataVsPolygonComparison::test_option_price_comparison PASSED [ 11%]
backtest/test_thetadata_vs_polygon.py::TestThetaDataVsPolygonComparison::test_index_price_comparison PASSED [ 11%]
backtest/test_thetadata_vs_polygon.py::TestThetaDataVsPolygonComparison::test_fill_price_comparison PASSED [ 11%]
backtest/test_thetadata_vs_polygon.py::TestThetaDataVsPolygonComparison::test_portfolio_value_comparison PASSED [ 11%]
backtest/test_thetadata_vs_polygon.py::TestThetaDataVsPolygonComparison::test_cash_comparison PASSED [ 11%]
backtest/test_yahoo.py::TestYahooBacktestFull::test_yahoo_last_price PASSED [ 11%]
test_alpaca.py::TestAlpacaBroker::test_initialize_broker_legacy PASSED   [ 12%]
test_alpaca.py::TestAlpacaBroker::test_submit_order_calls_conform_order PASSED [ 12%]
test_alpaca.py::TestAlpacaBroker::test_limit_order_conforms_when_limit_price_gte_one_dollar PASSED [ 12%]
test_alpaca.py::TestAlpacaBroker::test_limit_order_conforms_when_limit_price_lte_one_dollar PASSED [ 12%]
test_alpaca.py::TestAlpacaBroker::test_option_get_last_price SKIPPED     [ 12%]
test_alpaca.py::TestAlpacaBroker::test_stock_get_last_price PASSED       [ 12%]
test_alpaca.py::TestAlpacaBroker::test_crypto_get_last_price PASSED      [ 12%]
test_alpaca.py::TestAlpacaBroker::test_get_historical_prices PASSED      [ 12%]
test_alpaca.py::TestAlpacaBroker::test_option_get_historical_prices PASSED [ 12%]
test_alpaca.py::TestAlpacaBroker::test_oauth_broker_initialization PASSED [ 12%]
test_alpaca.py::TestAlpacaBroker::test_oauth_mixed_credentials PASSED    [ 13%]
test_alpaca.py::TestAlpacaBroker::test_oauth_fallback_to_api_keys PASSED [ 13%]
test_alpaca.py::TestAlpacaBroker::test_oauth_error_on_missing_credentials PASSED [ 13%]
test_alpaca.py::TestAlpacaBroker::test_oauth_stream_object_creation PASSED [ 13%]
test_alpaca.py::TestAlpacaBroker::test_oauth_polling_interval PASSED     [ 13%]
test_alpaca.py::TestAlpacaBroker::test_custom_params_extended_hours PASSED [ 13%]
test_alpaca.py::TestAlpacaBroker::test_custom_params_multiple_params PASSED [ 13%]
test_alpaca.py::TestAlpacaBroker::test_custom_params_none PASSED         [ 13%]
test_alpaca.py::TestAlpacaBroker::test_parse_broker_order_with_none_quantity PASSED [ 13%]
test_alpaca.py::TestAlpacaBroker::test_parse_broker_order_with_valid_quantity PASSED [ 13%]
test_alpaca.py::TestAlpacaBroker::test_parse_broker_order_with_zero_quantity PASSED [ 13%]
test_alpaca.py::TestAlpacaBroker::test_parse_broker_order_with_avg_fill_price_and_date_created PASSED [ 14%]
test_alpaca.py::TestAlpacaBroker::test_parse_broker_order_without_avg_fill_price_and_date_created PASSED [ 14%]
test_alpaca_auth_fix.py::TestAlpacaAuthFix::test_auth_failed_flag_not_set_for_network_errors PASSED [ 14%]
test_alpaca_auth_fix.py::TestAlpacaAuthFix::test_auth_failed_flag_set_for_real_auth_errors PASSED [ 14%]
test_alpaca_auth_fix.py::TestAlpacaAuthFix::test_reset_auth_failure_method PASSED [ 14%]
test_alpaca_auth_fix.py::TestAlpacaAuthFix::test_client_initialization_with_network_error PASSED [ 14%]
test_alpaca_auth_fix.py::TestAlpacaAuthFix::test_client_initialization_with_auth_error PASSED [ 14%]
test_alpaca_auth_fix.py::TestAlpacaAuthFix::test_get_chains_blocked_after_auth_failure PASSED [ 14%]
test_alpaca_auth_fix.py::TestAlpacaAuthFix::test_different_auth_error_patterns PASSED [ 14%]
test_alpaca_backtesting.py::TestAlpacaBacktesting::test_create_data_source PASSED [ 14%]
test_alpaca_backtesting.py::TestAlpacaBacktesting::test_basic_key_generation_crypto PASSED [ 15%]
test_alpaca_backtesting.py::TestAlpacaBacktesting::test_basic_key_generation_stock PASSED [ 15%]
test_alpaca_backtesting.py::TestAlpacaBacktesting::test_with_auto_adjust PASSED [ 15%]
test_alpaca_backtesting.py::TestAlpacaBacktesting::test_empty_market_false_auto_adjust PASSED [ 15%]
test_alpaca_backtesting.py::TestAlpacaBacktesting::test_different_timezones PASSED [ 15%]
test_alpaca_backtesting.py::TestAlpacaBacktesting::test_refresh_cache PASSED [ 15%]
test_alpaca_backtesting.py::TestAlpacaBacktesting::test_no_refresh_cache PASSED [ 15%]
test_alpaca_backtesting.py::TestAlpacaBacktesting::test_reindex_and_fill_day_when_all_data_exists PASSED [ 15%]
test_alpaca_backtesting.py::TestAlpacaBacktesting::test_reindex_and_fill_day_when_missing_dates PASSED [ 15%]
test_alpaca_backtesting.py::TestAlpacaBacktesting::test_reindex_and_fill_day_when_missing_dates_beginning PASSED [ 15%]
test_alpaca_backtesting.py::TestAlpacaBacktesting::test_reindex_and_fill_minute_when_missing_dates PASSED [ 15%]
test_alpaca_backtesting.py::TestAlpacaBacktesting::test_amzn_day_1d PASSED [ 16%]
test_alpaca_backtesting.py::TestAlpacaBacktesting::test_amzn_day_1d_5 PASSED [ 16%]
test_alpaca_backtesting.py::TestAlpacaBacktesting::test_amzn_minute_1d PASSED [ 16%]
test_alpaca_backtesting.py::TestAlpacaBacktesting::test_amzn_minute_1d_5 PASSED [ 16%]
test_alpaca_backtesting.py::TestAlpacaBacktesting::test_amzn_minute_30m_5 PASSED [ 16%]
test_alpaca_backtesting.py::TestAlpacaBacktesting::test_btc_day_1d_utc PASSED [ 16%]
test_alpaca_backtesting.py::TestAlpacaBacktesting::test_btc_minute_1d PASSED [ 16%]
test_alpaca_backtesting.py::TestAlpacaBacktesting::test_btc_minute_1d_5 PASSED [ 16%]
test_alpaca_backtesting.py::TestAlpacaBacktesting::test_btc_minute_30m_5 PASSED [ 16%]
test_alpaca_backtesting.py::TestAlpacaBacktesting::test_amzn_day_1d_dump_benchmark_stats PASSED [ 16%]
test_alpaca_backtesting.py::TestAlpacaBacktesting::test_amzn_day_1d_benchmark_asset_loaded_when_benchmark_asset_not_in_strategy PASSED [ 17%]
test_alpaca_backtesting.py::TestAlpacaBacktesting::test_amzn_day_1d_benchmark_asset_loaded_when_benchmark_asset_is_crypto PASSED [ 17%]
test_alpaca_backtesting.py::TestAlpacaBacktesting::test_amzn_day_1m_dump_benchmark_stats PASSED [ 17%]
test_alpaca_backtesting.py::TestAlpacaBacktesting::test_oauth_config_backtesting PASSED [ 17%]
test_alpaca_backtesting.py::TestAlpacaBacktesting::test_oauth_mixed_config_backtesting PASSED [ 17%]
test_alpaca_backtesting.py::TestAlpacaBacktesting::test_oauth_fallback_backtesting PASSED [ 17%]
test_alpaca_backtesting.py::TestAlpacaBacktestingDataSource::test_get_last_price_daily_bars_stock PASSED [ 17%]
test_alpaca_backtesting.py::TestAlpacaBacktestingDataSource::test_get_last_price_daily_bars_crypto PASSED [ 17%]
test_alpaca_backtesting.py::TestAlpacaBacktestingDataSource::test_get_last_price_minute_bars_stock PASSED [ 17%]
test_alpaca_backtesting.py::TestAlpacaBacktestingDataSource::test_get_last_price_minute_bars_crypto PASSED [ 17%]
test_alpaca_backtesting.py::TestAlpacaBacktestingDataSource::test_get_historical_prices_minute_bars_stock PASSED [ 18%]
test_alpaca_backtesting.py::TestAlpacaBacktestingDataSource::test_get_historical_prices_minute_bars_stock_remove_incomplete_current_bar PASSED [ 18%]
test_alpaca_backtesting.py::TestAlpacaBacktestingDataSource::test_get_historical_prices_minute_bars_crypto PASSED [ 18%]
test_alpaca_backtesting.py::TestAlpacaBacktestingDataSource::test_get_historical_prices_daily_bars_stock PASSED [ 18%]
test_alpaca_backtesting.py::TestAlpacaBacktestingDataSource::test_get_historical_prices_daily_bars_crypto PASSED [ 18%]
test_alpaca_data.py::TestAlpacaData::test_get_last_price_crypto PASSED   [ 18%]
test_alpaca_data.py::TestAlpacaData::test_get_last_price_stock PASSED    [ 18%]
test_alpaca_data.py::TestAlpacaData::test_get_historical_prices_daily_bars_stock PASSED [ 18%]
test_alpaca_data.py::TestAlpacaData::test_get_historical_prices_daily_bars_stock_remove_incomplete_current_bar PASSED [ 18%]
test_alpaca_data.py::TestAlpacaData::test_get_historical_prices_daily_bars_stock_tuple PASSED [ 18%]
test_alpaca_data.py::TestAlpacaData::test_get_historical_prices_daily_bars_stock_split_adjusted PASSED [ 18%]
test_alpaca_data.py::TestAlpacaData::test_get_historical_prices_daily_bars_crypto XFAIL [ 19%]
test_alpaca_data.py::TestAlpacaData::test_get_historical_prices_daily_bars_crypto_tuple XFAIL [ 19%]
test_alpaca_data.py::TestAlpacaData::test_get_historical_prices_daily_bars_crypto_utc XPASS [ 19%]
test_alpaca_data.py::TestAlpacaData::test_get_historical_prices_minute_bars_stock_regular_hours PASSED [ 19%]
test_alpaca_data.py::TestAlpacaData::test_get_historical_prices_minute_bars_crypto_utc PASSED [ 19%]
test_alpaca_data.py::TestAlpacaData::test_get_historical_option_prices PASSED [ 19%]
test_alpaca_data.py::TestAlpacaData::test_get_quote_stock PASSED         [ 19%]
test_alpaca_data.py::TestAlpacaData::test_get_quote_crypto PASSED        [ 19%]
test_alpaca_data.py::TestAlpacaData::test_get_quote_when_stock_bid_is_zero PASSED [ 19%]
test_alpaca_data.py::TestAlpacaData::test_get_quote_when_stock_ask_is_zero PASSED [ 19%]
test_alpaca_data.py::TestAlpacaData::test_get_last_price_stock_when_bid_is_zero PASSED [ 20%]
test_alpaca_data.py::TestAlpacaData::test_get_last_price_stock_when_ask_is_zero PASSED [ 20%]
test_alpaca_data.py::TestAlpacaData::test_get_last_price_stock_when_last PASSED [ 20%]
test_alpaca_data.py::TestAlpacaData::test_get_quote_when_stock_bid_and_ask PASSED [ 20%]
test_alpaca_data.py::TestAlpacaData::test_oauth_data_source_initialization PASSED [ 20%]
test_alpaca_data.py::TestAlpacaData::test_oauth_client_initialization PASSED [ 20%]
test_alpaca_data.py::TestAlpacaData::test_api_key_priority_over_oauth PASSED [ 20%]
test_alpaca_data.py::TestAlpacaData::test_oauth_empty_fallback_to_api_key PASSED [ 20%]
test_alpaca_data.py::TestAlpacaData::test_oauth_none_fallback_to_api_key PASSED [ 20%]
test_alpaca_data.py::TestAlpacaData::test_oauth_no_credentials_error PASSED [ 20%]
test_alpaca_data.py::TestAlpacaData::test_oauth_missing_api_secret_error PASSED [ 21%]
test_alpaca_data.py::TestAlpacaData::test_default_delay_value PASSED     [ 21%]
test_alpaca_data.py::TestAlpacaData::test_data_source_delay_env_var PASSED [ 21%]
test_alpaca_helpers.py::test_sanitize_base_and_quote_asset PASSED        [ 21%]
test_alpaca_multileg_fix.py::TestAlpacaMultiLegOrders::test_multileg_order_class_is_correct PASSED [ 21%]
test_alpaca_multileg_fix.py::TestAlpacaMultiLegOrders::test_multileg_order_has_required_fields PASSED [ 21%]
test_alpaca_multileg_fix.py::TestAlpacaMultiLegOrders::test_side_mapping_for_multileg_orders PASSED [ 21%]
test_alpaca_multileg_fix.py::TestAlpacaMultiLegOrders::test_multileg_order_with_limit_price PASSED [ 21%]
test_alpaca_oauth.py::TestAlpacaOAuth::test_api_key_broker_initialization PASSED [ 21%]
test_alpaca_oauth.py::TestAlpacaOAuth::test_api_key_client_creation PASSED [ 21%]
test_alpaca_oauth.py::TestAlpacaOAuth::test_api_key_data_source_initialization PASSED [ 21%]
test_alpaca_oauth.py::TestAlpacaOAuth::test_api_key_stream_object PASSED [ 22%]
test_alpaca_oauth.py::TestAlpacaOAuth::test_mixed_credentials_broker PASSED [ 22%]
test_alpaca_oauth.py::TestAlpacaOAuth::test_mixed_credentials_data_source PASSED [ 22%]
test_alpaca_oauth.py::TestAlpacaOAuth::test_no_credentials_error PASSED  [ 22%]
test_alpaca_oauth.py::TestAlpacaOAuth::test_oauth_broker_initialization PASSED [ 22%]
test_alpaca_oauth.py::TestAlpacaOAuth::test_oauth_client_creation PASSED [ 22%]
test_alpaca_oauth.py::TestAlpacaOAuth::test_oauth_constants PASSED       [ 22%]
test_alpaca_oauth.py::TestAlpacaOAuth::test_oauth_data_source_initialization PASSED [ 22%]
test_alpaca_oauth.py::TestAlpacaOAuth::test_oauth_error_handling_stops_execution PASSED [ 22%]
test_alpaca_oauth.py::TestAlpacaOAuth::test_oauth_only_stream_object PASSED [ 22%]
test_alpaca_oauth.py::TestAlpacaOAuth::test_oauth_polling_interval_custom PASSED [ 23%]
test_alpaca_oauth.py::TestAlpacaOAuth::test_strategy_none_handling PASSED [ 23%]
test_apscheduler_warnings.py::test_sleeptime_10s_max_instances PASSED    [ 23%]
test_apscheduler_warnings.py::test_sleeptime_1m_default_max_instances PASSED [ 23%]
test_apscheduler_warnings.py::test_calculate_max_instances_for_sleeptime PASSED [ 23%]
test_asset.py::test_check_default_asset_name PASSED                      [ 23%]
test_asset.py::test_check_default_asset_type PASSED                      [ 23%]
test_asset.py::test_check_defaults_with_stock PASSED                     [ 23%]
test_asset.py::test_is_hashable PASSED                                   [ 23%]
test_asset.py::test_extra_attributes_at_initialization PASSED            [ 23%]
test_asset.py::test_instances_equal PASSED                               [ 23%]
test_asset.py::test_symbol2asset PASSED                                  [ 24%]
test_asset.py::test_right_validator[not_call_or_CALL] PASSED             [ 24%]
test_asset.py::test_right_validator[not_put_or_PUT] PASSED               [ 24%]
test_asset.py::test_right_validator[CALLS] PASSED                        [ 24%]
test_asset.py::test_right_validator[PUTS] PASSED                         [ 24%]
test_asset.py::test_asset_types_validator[bonds] PASSED                  [ 24%]
test_asset.py::test_asset_types_validator[cash] PASSED                   [ 24%]
test_asset.py::test_asset_types_validator[swaptions] PASSED              [ 24%]
test_asset.py::test_continuous_futures_asset_creation PASSED             [ 24%]
test_asset.py::test_resolve_continuous_futures_contract PASSED           [ 24%]
test_asset.py::test_resolve_continuous_futures_contract_year_digits PASSED [ 25%]
test_asset.py::test_resolve_continuous_futures_contract_rolls_mid_month PASSED [ 25%]
test_asset.py::test_get_potential_futures_contracts PASSED               [ 25%]
test_asset.py::test_futures_contract_resolution_monthly_cycles PASSED    [ 25%]
test_asset.py::test_different_futures_symbols PASSED                     [ 25%]
test_asset.py::test_continuous_futures_equality PASSED                   [ 25%]
test_asset.py::test_continuous_futures_inequality PASSED                 [ 25%]
test_asset.py::test_futures_contract_with_year_rollover PASSED           [ 25%]
test_asset.py::test_asset_type_enum_values PASSED                        [ 25%]
test_asset.py::test_continuous_futures_string_representation PASSED      [ 25%]
test_asset_auto_expiry.py::TestAssetAutoExpiry::test_asset_creation_with_auto_expiry_front_month PASSED [ 26%]
test_asset_auto_expiry.py::TestAssetAutoExpiry::test_asset_creation_with_auto_expiry_next_quarter PASSED [ 26%]
test_asset_auto_expiry.py::TestAssetAutoExpiry::test_asset_creation_with_auto_expiry_true PASSED [ 26%]
test_asset_auto_expiry.py::TestAssetAutoExpiry::test_asset_creation_with_auto_expiry_auto PASSED [ 26%]
test_asset_auto_expiry.py::TestAssetAutoExpiry::test_manual_expiration_overrides_auto_expiry PASSED [ 26%]
test_asset_auto_expiry.py::TestAssetAutoExpiry::test_auto_expiry_only_applies_to_futures PASSED [ 26%]
test_asset_auto_expiry.py::TestAssetAutoExpiry::test_front_month_calculation_march PASSED [ 26%]
test_asset_auto_expiry.py::TestAssetAutoExpiry::test_front_month_calculation_after_expiry PASSED [ 26%]
test_asset_auto_expiry.py::TestAssetAutoExpiry::test_front_month_calculation_january PASSED [ 26%]
test_asset_auto_expiry.py::TestAssetAutoExpiry::test_front_month_calculation_december PASSED [ 26%]
test_asset_auto_expiry.py::TestAssetAutoExpiry::test_third_friday_calculation PASSED [ 26%]
test_asset_auto_expiry.py::TestAssetAutoExpiry::test_invalid_auto_expiry_defaults_to_front_month PASSED [ 27%]
test_asset_auto_expiry.py::TestAssetAutoExpiry::test_asset_with_datetime_expiration_conversion PASSED [ 27%]
test_asset_auto_expiry.py::TestAssetAutoExpiry::test_asset_string_representation_with_auto_expiry PASSED [ 27%]
test_asset_auto_expiry.py::TestAssetAutoExpiry::test_asset_equality_with_auto_expiry PASSED [ 27%]
test_asset_auto_expiry.py::TestAssetAutoExpiry::test_next_quarter_same_as_front_month PASSED [ 27%]
test_asset_auto_expiry.py::TestAssetAutoExpiry::test_continuous_futures_creation PASSED [ 27%]
test_asset_auto_expiry.py::TestAssetAutoExpiry::test_continuous_futures_vs_auto_expiry PASSED [ 27%]
test_asset_auto_expiry.py::TestAssetAutoExpiryIntegration::test_auto_expiry_with_symbol_parsing PASSED [ 27%]
test_asset_auto_expiry.py::TestAssetAutoExpiryIntegration::test_auto_expiry_with_multiplier PASSED [ 27%]
test_asset_auto_expiry.py::TestAssetAutoExpiryIntegration::test_auto_expiry_preserved_in_asset_attributes PASSED [ 27%]
test_asset_auto_expiry.py::TestAssetAutoExpiryIntegration::test_asset_validation_with_auto_expiry PASSED [ 28%]
test_auto_market_inference.py::test_projectx_sets_us_futures PASSED      [ 28%]
test_auto_market_inference.py::test_tradovate_sets_us_futures PASSED     [ 28%]
test_auto_market_inference.py::test_ccxt_sets_24_7 PASSED                [ 28%]
test_auto_market_inference.py::test_no_change_if_configured PASSED       [ 28%]
test_backtesting_broker.py::TestBacktestingBroker::test_limit_fills PASSED [ 28%]
test_backtesting_broker.py::TestBacktestingBroker::test_stop_fills PASSED [ 28%]
test_backtesting_broker.py::TestBacktestingBroker::test_submit_order_calls_conform_order PASSED [ 28%]
test_backtesting_broker.py::TestBacktestingBrokerTimeAdvance::test_await_close_during_market_hours_no_buffer PASSED [ 28%]
test_backtesting_broker.py::TestBacktestingBrokerTimeAdvance::test_await_close_get_time_to_close_returns_none PASSED [ 28%]
test_backtesting_broker.py::TestBacktestingBrokerTimeAdvance::test_await_close_when_already_past_close_no_buffer PASSED [ 28%]
test_backtesting_broker.py::TestBacktestingBrokerTimeAdvance::test_await_close_with_buffer PASSED [ 29%]
test_backtesting_broker.py::TestBacktestingBrokerTimeAdvance::test_await_open_before_market_opens_no_buffer PASSED [ 29%]
test_backtesting_broker.py::TestBacktestingBrokerTimeAdvance::test_await_open_when_market_already_open PASSED [ 29%]
test_backtesting_broker.py::TestBacktestingBrokerTimeAdvance::test_await_open_with_buffer PASSED [ 29%]
test_backtesting_broker.py::TestBacktestingBrokerTimeAdvance::test_await_open_with_buffer_making_time_negative PASSED [ 29%]
test_backtesting_broker_await_close.py::TestBacktestingBrokerAwaitClose::test_await_close_during_market_hours_no_buffer PASSED [ 29%]
test_backtesting_broker_await_close.py::TestBacktestingBrokerAwaitClose::test_await_close_get_time_to_close_returns_none PASSED [ 29%]
test_backtesting_broker_await_close.py::TestBacktestingBrokerAwaitClose::test_await_close_when_already_past_close_no_buffer PASSED [ 29%]
test_backtesting_broker_await_close.py::TestBacktestingBrokerAwaitClose::test_await_close_with_buffer PASSED [ 29%]
test_backtesting_broker_await_close.py::TestBacktestingBrokerAwaitClose::test_await_close_with_buffer_making_time_negative PASSED [ 29%]
test_backtesting_broker_time_advance.py::TestBacktestingBrokerTimeAdvance::test_await_close_during_market_hours_no_buffer PASSED [ 30%]
test_backtesting_broker_time_advance.py::TestBacktestingBrokerTimeAdvance::test_await_close_get_time_to_close_returns_none PASSED [ 30%]
test_backtesting_broker_time_advance.py::TestBacktestingBrokerTimeAdvance::test_await_close_when_already_past_close_no_buffer PASSED [ 30%]
test_backtesting_broker_time_advance.py::TestBacktestingBrokerTimeAdvance::test_await_close_with_buffer PASSED [ 30%]
test_backtesting_crypto_cash_unit.py::test_crypto_forex_buy_updates_cash_once PASSED [ 30%]
test_backtesting_crypto_cash_unit.py::test_crypto_forex_round_trip_restores_cash_on_sell PASSED [ 30%]
test_backtesting_crypto_cash_unit.py::test_crypto_crypto_pair_uses_quote_position_not_cash PASSED [ 30%]
test_backtesting_crypto_cash_unit.py::test_filled_order_payload_contains_quantity_and_trade_cost PASSED [ 30%]
test_backtesting_crypto_cash_unit.py::test_percent_fee_applied_once_to_cash_and_order PASSED [ 30%]
test_backtesting_crypto_cash_unit.py::test_multiple_orders_same_cycle_keep_cash_consistent PASSED [ 30%]
test_backtesting_crypto_cash_unit.py::test_option_round_trip_applies_multiplier PASSED [ 31%]
test_backtesting_data_source_env.py::TestBacktestingDataSourceEnv::test_auto_select_polygon_case_insensitive PASSED [ 31%]
test_backtesting_data_source_env.py::TestBacktestingDataSourceEnv::test_auto_select_thetadata_case_insensitive PASSED [ 31%]
test_backtesting_data_source_env.py::TestBacktestingDataSourceEnv::test_auto_select_yahoo PASSED [ 31%]
test_backtesting_data_source_env.py::TestBacktestingDataSourceEnv::test_invalid_data_source_raises_error PASSED [ 31%]
test_backtesting_data_source_env.py::TestBacktestingDataSourceEnv::test_explicit_datasource_overrides_env PASSED [ 31%]
test_backtesting_data_source_env.py::TestBacktestingDataSourceEnv::test_default_thetadata_when_no_env_set PASSED [ 31%]
test_backtesting_flow_control.py::TestBacktestingFlowControl::test_handles_complex_order_updates PASSED [ 31%]
test_backtesting_flow_control.py::TestBacktestingFlowControl::test_handles_data_gaps PASSED [ 31%]
test_backtesting_flow_control.py::TestBacktestingFlowControl::test_handles_strategy_exception PASSED [ 31%]
test_backtesting_multileg_unit.py::test_multileg_parent_fills_after_all_children_complete PASSED [ 31%]
test_backtesting_multileg_unit.py::test_multileg_parent_waits_if_any_child_pending PASSED [ 32%]
test_backtesting_multileg_unit.py::test_multileg_child_fills_adjust_cash_once_and_parent_is_cash_neutral PASSED [ 32%]
test_backtesting_quiet_logs_complete.py::test_default_backtesting_quiet_logs_is_true PASSED [ 32%]
test_backtesting_quiet_logs_complete.py::test_quiet_logs_true_console_only_shows_progress_bar_and_errors PASSED [ 32%]
test_backtesting_quiet_logs_complete.py::test_quiet_logs_true_file_only_shows_errors PASSED [ 32%]
test_backtesting_quiet_logs_complete.py::test_quiet_logs_false_shows_all_info_plus PASSED [ 32%]
test_backtesting_quiet_logs_complete.py::test_live_trading_always_shows_console_messages PASSED [ 32%]
test_backtesting_quiet_logs_complete.py::test_progress_bar_always_shows_regardless_of_quiet_logs PASSED [ 32%]
test_backtesting_quiet_logs_complete.py::test_bot_manager_compatibility PASSED [ 32%]
test_backtesting_quiet_logs_complete.py::test_environment_variable_vs_function_parameter PASSED [ 32%]
test_backtesting_quiet_logs_complete.py::test_error_level_equivalence PASSED [ 33%]
test_bars_aggregate_frequency_normalization.py::test_aggregate_accepts_lowercase_minute_variants PASSED [ 33%]
test_bars_aggregate_frequency_normalization.py::test_aggregate_rejects_unsupported_frequency PASSED [ 33%]
test_bars_aggregation_timeunits.py::test_aggregate_bars_epoch_int_timestamp_minutes_failure_current PASSED [ 33%]
test_bars_aggregation_timeunits.py::test_aggregate_bars_alias_variants_minutes PASSED [ 33%]
test_bars_frequency_flex.py::test_arbitrary_minute_frequency PASSED      [ 33%]
test_bars_frequency_flex.py::test_hour_and_second_frequencies PASSED     [ 33%]
test_bars_frequency_flex.py::test_invalid_frequency_raises PASSED        [ 33%]
test_bars_frequency_flex.py::test_bars_datetime_index_normalized_to_default_timezone PASSED [ 33%]
test_botspot_handler.py::test_botspot_handler_dedup_and_aggregation PASSED [ 33%]
test_botspot_handler.py::test_botspot_handler_distinct_fingerprints PASSED [ 34%]
test_botspot_logger.py::TestBotspotErrorHandler::test_handler_initialization_without_api_key PASSED [ 34%]
test_botspot_logger.py::TestBotspotErrorHandler::test_handler_initialization_with_api_key PASSED [ 34%]
test_botspot_logger.py::TestBotspotErrorHandler::test_log_level_to_severity_mapping PASSED [ 34%]
test_botspot_logger.py::TestBotspotErrorHandler::test_extract_error_info_basic PASSED [ 34%]
test_botspot_logger.py::TestBotspotErrorHandler::test_extract_error_info_with_strategy PASSED [ 34%]
test_botspot_logger.py::TestBotspotErrorHandler::test_extract_error_info_structured_format PASSED [ 34%]
test_botspot_logger.py::TestBotspotErrorHandler::test_extract_error_info_strategy_with_structured_format PASSED [ 34%]
test_botspot_logger.py::TestBotspotErrorHandler::test_extract_error_info_strategy_name_in_message PASSED [ 34%]
test_botspot_logger.py::TestBotspotErrorHandler::test_extract_error_info_no_double_spacing PASSED [ 34%]
test_botspot_logger.py::TestBotspotErrorHandler::test_report_to_botspot_success PASSED [ 34%]
test_botspot_logger.py::TestBotspotErrorHandler::test_emit_without_api_key PASSED [ 35%]
test_botspot_logger.py::TestBotspotErrorHandler::test_emit_below_warning_level PASSED [ 35%]
test_botspot_logger.py::TestBotspotErrorHandler::test_duplicate_aggregation PASSED [ 35%]
test_botspot_logger.py::TestBotspotErrorHandler::test_rate_limit_window PASSED [ 35%]
test_botspot_logger.py::TestBotspotErrorHandler::test_max_errors_per_minute PASSED [ 35%]
test_botspot_logger.py::TestBotspotErrorHandler::test_rate_limit_counter_reset PASSED [ 35%]
test_botspot_logger.py::TestBotspotErrorHandler::test_api_error_uses_logging_not_print PASSED [ 35%]
test_botspot_logger.py::TestBotspotErrorHandler::test_api_exception_uses_logging_not_print PASSED [ 35%]
test_botspot_logger.py::TestBotspotIntegration::test_handler_not_added_without_api_key PASSED [ 35%]
test_botspot_logger.py::TestBotspotIntegration::test_strategy_logger_integration PASSED [ 35%]
test_broker_bitunix.py::TestBitunixBroker::test_get_balances_at_broker PASSED [ 36%]
test_broker_bitunix.py::TestBitunixBroker::test_initialization_missing_keys PASSED [ 36%]
test_broker_bitunix.py::TestBitunixBroker::test_initialization_success PASSED [ 36%]
test_broker_bitunix.py::TestBitunixBroker::test_map_status_from_bitunix PASSED [ 36%]
test_broker_bitunix.py::TestBitunixBroker::test_parse_broker_order PASSED [ 36%]
test_broker_bitunix.py::TestBitunixBroker::test_parse_source_timestep PASSED [ 36%]
test_broker_bitunix.py::TestBitunixBroker::test_pull_positions_success PASSED [ 36%]
test_broker_cleanup.py::TestBrokerCleanup::test_cleanup_age_based_retention PASSED [ 36%]
test_broker_cleanup.py::TestBrokerCleanup::test_cleanup_count_based_retention PASSED [ 36%]
test_broker_cleanup.py::TestBrokerCleanup::test_cleanup_disabled PASSED  [ 36%]
test_broker_cleanup.py::TestBrokerCleanup::test_cleanup_preserves_recent_items PASSED [ 36%]
test_broker_cleanup.py::TestBrokerCleanup::test_cleanup_respects_min_keep PASSED [ 37%]
test_broker_cleanup.py::TestBrokerCleanup::test_cleanup_thread_safety PASSED [ 37%]
test_broker_cleanup.py::TestBrokerCleanup::test_cleanup_with_missing_timestamps PASSED [ 37%]
test_broker_cleanup.py::TestBrokerCleanup::test_custom_cleanup_config_initialization PASSED [ 37%]
test_broker_cleanup.py::TestBrokerCleanup::test_default_cleanup_config_initialization PASSED [ 37%]
test_broker_cleanup.py::TestBrokerCleanup::test_full_cleanup_process PASSED [ 37%]
test_broker_cleanup.py::TestBrokerCleanup::test_manual_force_cleanup PASSED [ 37%]
test_broker_cleanup.py::TestBrokerCleanup::test_periodic_cleanup_trigger PASSED [ 37%]
test_broker_initialization.py::TestBrokerInitializationSimple::test_strategy_with_none_broker_raises_helpful_error PASSED [ 37%]
test_broker_initialization.py::TestBrokerInitializationSimple::test_strategy_with_valid_broker_does_not_raise_broker_error PASSED [ 37%]
test_brokers_handle_crypto.py::TestBrokerHandlesCrypto::test_yahoo_backtesting_with_symbol XPASS [ 38%]
test_brokers_handle_crypto.py::TestBrokerHandlesCrypto::test_polygon_backtesting_with_base_and_quote PASSED [ 38%]
test_brokers_handle_crypto.py::TestBrokerHandlesCrypto::test_alpaca_broker_with_base_and_quote XFAIL [ 38%]
test_brokers_handle_crypto.py::TestBrokerHandlesCrypto::test_ccxt_backtesting_with_base_and_quote SKIPPED [ 38%]
test_cash.py::TestCash::test_backtest_setup_cash_handling PASSED         [ 38%]
test_cash.py::TestCash::test_cash_after_position_creation PASSED         [ 38%]
test_cash.py::TestCash::test_cash_after_trade_simulation PASSED          [ 38%]
test_cash.py::TestCash::test_cash_consistency_during_backtest_lifecycle PASSED [ 38%]
test_cash.py::TestCash::test_cash_division_operation PASSED              [ 38%]
test_cash.py::TestCash::test_cash_multiple_position_updates PASSED       [ 38%]
test_cash.py::TestCash::test_cash_property_and_method_consistency PASSED [ 39%]
test_cash.py::TestCash::test_cash_property_never_none PASSED             [ 39%]
test_cash.py::TestCash::test_cash_with_decimal_values PASSED             [ 39%]
test_cash.py::TestCash::test_cash_with_property_and_method_interleaved PASSED [ 39%]
test_cash.py::TestCash::test_cash_with_zero_value PASSED                 [ 39%]
test_cash.py::TestCash::test_division_with_different_prices PASSED       [ 39%]
test_cash.py::TestCash::test_get_cash_method_never_none PASSED           [ 39%]
test_cash.py::TestCash::test_initial_cash_equals_budget PASSED           [ 39%]
test_cash.py::TestCash::test_multiple_get_cash_calls PASSED              [ 39%]
test_cash.py::TestCash::test_no_private_cash_variable PASSED             [ 39%]
test_cash.py::TestCash::test_strategy_mathematical_operations PASSED     [ 39%]
test_cash.py::TestCashWithDifferentBudgets::test_various_budget_amounts PASSED [ 40%]
test_ccxt.py::test_initialize_ccxt_broker_legacy PASSED                  [ 40%]
test_ccxt_store.py::test_cache_download_data[bitmex-ETH/USDT-1d-start0-end0] SKIPPED [ 40%]
test_ccxt_store.py::test_cache_download_data_without_overap[bitmex-ETH/USDT-1d-start0-end0] SKIPPED [ 40%]
test_configs_helper.py::TestConfigsHelper::test_get_classic_60_40_config PASSED [ 40%]
test_continuous_futures.py::TestFuturesSymbolsUtilities::test_parse_contract_symbol_tradovate_style PASSED [ 40%]
test_continuous_futures.py::TestFuturesSymbolsUtilities::test_parse_contract_symbol_standard_style PASSED [ 40%]
test_continuous_futures.py::TestFuturesSymbolsUtilities::test_parse_contract_symbol_dot_notation PASSED [ 40%]
test_continuous_futures.py::TestFuturesSymbolsUtilities::test_parse_contract_symbol_full_year PASSED [ 40%]
test_continuous_futures.py::TestFuturesSymbolsUtilities::test_parse_contract_symbol_invalid PASSED [ 40%]
test_continuous_futures.py::TestFuturesSymbolsUtilities::test_symbol_matches_root PASSED [ 41%]
test_continuous_futures.py::TestFuturesSymbolsUtilities::test_from_ib_expiration_to_code PASSED [ 41%]
test_continuous_futures.py::TestFuturesSymbolsUtilities::test_generate_symbol_variants PASSED [ 41%]
test_continuous_futures.py::TestFuturesSymbolsUtilities::test_get_contract_priority_key PASSED [ 41%]
test_continuous_futures.py::TestFuturesSymbolsUtilities::test_build_ib_contract_variants PASSED [ 41%]
test_continuous_futures.py::TestAssetPotentialContracts::test_includes_single_digit_variants PASSED [ 41%]
test_continuous_futures.py::TestAssetPotentialContracts::test_preserves_existing_order PASSED [ 41%]
test_continuous_futures.py::TestAssetPotentialContracts::test_quarterly_contracts_prioritized PASSED [ 41%]
test_continuous_futures.py::TestContinuousFuturesPositionMatching::test_non_continuous_future_unchanged PASSED [ 41%]
test_continuous_futures.py::TestContinuousFuturesPositionMatching::test_continuous_future_exact_match PASSED [ 41%]
test_continuous_futures.py::TestContinuousFuturesPositionMatching::test_continuous_future_single_contract_match PASSED [ 42%]
test_continuous_futures.py::TestContinuousFuturesPositionMatching::test_continuous_future_multiple_contracts_priority PASSED [ 42%]
test_continuous_futures.py::TestContinuousFuturesPositionMatching::test_continuous_future_ib_style_positions PASSED [ 42%]
test_continuous_futures.py::TestContinuousFuturesPositionMatching::test_continuous_future_no_matches PASSED [ 42%]
test_continuous_futures.py::TestContinuousFuturesPositionMatching::test_continuous_future_ignores_non_futures PASSED [ 42%]
test_continuous_futures.py::TestContinuousFuturesPositionMatching::test_continuous_future_empty_positions PASSED [ 42%]
test_continuous_futures_integration.py::TestContinuousFuturesIntegration::test_asset_class_consistency PASSED [ 42%]
test_continuous_futures_integration.py::TestContinuousFuturesIntegration::test_centralization_verification PASSED [ 42%]
test_continuous_futures_integration.py::TestContinuousFuturesIntegration::test_contract_format_standardization PASSED [ 42%]
test_continuous_futures_integration.py::TestContinuousFuturesIntegration::test_databento_integration_consistency PASSED [ 42%]
test_continuous_futures_integration.py::TestContinuousFuturesIntegration::test_error_handling_consistency PASSED [ 42%]
test_continuous_futures_integration.py::TestContinuousFuturesIntegration::test_multi_component_consistency PASSED [ 43%]
test_continuous_futures_integration.py::TestContinuousFuturesIntegration::test_no_duplicate_logic_verification PASSED [ 43%]
test_continuous_futures_integration.py::TestContinuousFuturesIntegration::test_quarterly_preference_consistency PASSED [ 43%]
test_continuous_futures_resolution.py::TestContinuousFuturesResolution::test_contract_format_validation PASSED [ 43%]
test_continuous_futures_resolution.py::TestContinuousFuturesResolution::test_contract_ordering_priority PASSED [ 43%]
test_continuous_futures_resolution.py::TestContinuousFuturesResolution::test_different_symbol_formats PASSED [ 43%]
test_continuous_futures_resolution.py::TestContinuousFuturesResolution::test_error_handling_non_continuous_futures PASSED [ 43%]
test_continuous_futures_resolution.py::TestContinuousFuturesResolution::test_expiration_edge_cases PASSED [ 43%]
test_continuous_futures_resolution.py::TestContinuousFuturesResolution::test_format_continuous_futures_symbol PASSED [ 43%]
test_continuous_futures_resolution.py::TestContinuousFuturesResolution::test_format_specific_futures_symbol PASSED [ 43%]
test_continuous_futures_resolution.py::TestContinuousFuturesResolution::test_generate_current_futures_contract_july PASSED [ 44%]
test_continuous_futures_resolution.py::TestContinuousFuturesResolution::test_generate_potential_contracts_july PASSED [ 44%]
test_continuous_futures_resolution.py::TestContinuousFuturesResolution::test_integration_with_databento_helper PASSED [ 44%]
test_continuous_futures_resolution.py::TestContinuousFuturesResolution::test_month_code_mapping PASSED [ 44%]
test_continuous_futures_resolution.py::TestContinuousFuturesResolution::test_month_progression_logic PASSED [ 44%]
test_continuous_futures_resolution.py::TestContinuousFuturesResolution::test_potential_contracts_uniqueness PASSED [ 44%]
test_continuous_futures_resolution.py::TestContinuousFuturesResolution::test_quarterly_contract_consistency PASSED [ 44%]
test_continuous_futures_resolution.py::TestContinuousFuturesResolution::test_quarterly_contract_preference PASSED [ 44%]
test_continuous_futures_resolution.py::TestContinuousFuturesResolution::test_year_rollover_edge_cases PASSED [ 44%]
test_data_source.py::TestDataSource::test_get_chain_full_info PASSED     [ 44%]
test_databento_asset_validation.py::TestDataBentoAssetValidation::test_live_data_source_futures_allowed PASSED [ 44%]
test_databento_asset_validation.py::TestDataBentoAssetValidation::test_live_data_source_equities_rejected PASSED [ 45%]
test_databento_asset_validation.py::TestDataBentoAssetValidation::test_helper_function_allows_all_assets PASSED [ 45%]
test_databento_asset_validation.py::TestDataBentoAssetValidation::test_backtesting_allows_all_assets PASSED [ 45%]
test_databento_asset_validation.py::TestDataBentoAssetValidation::test_benchmark_asset_in_backtesting_only PASSED [ 45%]
test_databento_auto_expiry_integration.py::TestDataBentoAutoExpiryIntegration::test_databento_symbol_formatting_with_auto_expiry PASSED [ 45%]
test_databento_auto_expiry_integration.py::TestDataBentoAutoExpiryIntegration::test_databento_symbol_with_different_auto_expiry_types PASSED [ 45%]
test_databento_auto_expiry_integration.py::TestDataBentoAutoExpiryIntegration::test_databento_symbol_consistency_across_dates PASSED [ 45%]
test_databento_auto_expiry_integration.py::TestDataBentoAutoExpiryIntegration::test_databento_symbol_with_manual_vs_auto_expiry PASSED [ 45%]
test_databento_auto_expiry_integration.py::TestDataBentoAutoExpiryIntegration::test_databento_symbol_handles_stock_asset PASSED [ 45%]
test_databento_auto_expiry_integration.py::TestDataBentoAutoExpiryIntegration::test_databento_symbol_changes_with_date PASSED [ 45%]
test_databento_auto_expiry_integration.py::TestDataBentoAutoExpiryIntegration::test_multiple_futures_with_auto_expiry PASSED [ 46%]
test_databento_auto_expiry_integration.py::TestDataBentoBacktestingAutoExpiry::test_asset_auto_expiry_in_strategy_context PASSED [ 46%]
test_databento_auto_expiry_integration.py::TestDataBentoBacktestingAutoExpiry::test_asset_auto_expiry_serialization PASSED [ 46%]
test_databento_auto_expiry_integration.py::TestDataBentoBacktestingAutoExpiry::test_asset_expiry_stability_during_backtest PASSED [ 46%]
test_databento_auto_expiry_integration.py::TestDataBentoBacktestingAutoExpiry::test_asset_auto_expiry_edge_cases PASSED [ 46%]
test_databento_auto_expiry_integration.py::TestDataBentoBacktestingAutoExpiry::test_asset_auto_expiry_with_existing_strategy_pattern PASSED [ 46%]
test_databento_auto_expiry_integration.py::TestDataBentoHelperMethods::test_format_symbol_with_quarterly_expiry PASSED [ 46%]
test_databento_auto_expiry_integration.py::TestDataBentoHelperMethods::test_format_symbol_consistency PASSED [ 46%]
test_databento_backtesting.py::TestDataBentoDataBacktesting::test_get_bars_dict_no_data PASSED [ 46%]
test_databento_backtesting.py::TestDataBentoDataBacktesting::test_get_bars_dict_success PASSED [ 46%]
test_databento_backtesting.py::TestDataBentoDataBacktesting::test_get_bars_dict_with_timeshift PASSED [ 47%]
test_databento_backtesting.py::TestDataBentoDataBacktesting::test_get_chains PASSED [ 47%]
test_databento_backtesting.py::TestDataBentoDataBacktesting::test_get_last_price_from_cached_data PASSED [ 47%]
test_databento_backtesting.py::TestDataBentoDataBacktesting::test_get_last_price_no_cached_data PASSED [ 47%]
test_databento_backtesting.py::TestDataBentoDataBacktesting::test_initialization_databento_unavailable PASSED [ 47%]
test_databento_backtesting.py::TestDataBentoDataBacktesting::test_initialization_success PASSED [ 47%]
test_databento_backtesting.py::TestDataBentoDataBacktesting::test_prefetch_data_multiple_assets PASSED [ 47%]
test_databento_backtesting.py::TestDataBentoDataBacktesting::test_prefetch_data_single_asset PASSED [ 47%]
test_databento_backtesting.py::TestDataBentoDataBacktesting::test_prefetch_handles_no_data PASSED [ 47%]
test_databento_backtesting.py::TestDataBentoDataBacktesting::test_prefetch_skips_duplicate_requests PASSED [ 47%]
test_databento_backtesting.py::TestDataBentoDataBacktesting::test_update_pandas_data_existing_sufficient_data PASSED [ 47%]
test_databento_backtesting.py::TestDataBentoDataBacktesting::test_update_pandas_data_no_data PASSED [ 48%]
test_databento_backtesting.py::TestDataBentoDataBacktesting::test_update_pandas_data_success PASSED [ 48%]
test_databento_data.py::TestDataBentoData::test_backtesting_mode_detection PASSED [ 48%]
test_databento_data.py::TestDataBentoData::test_environment_dates_integration PASSED [ 48%]
test_databento_data.py::TestDataBentoData::test_error_handling PASSED    [ 48%]
test_databento_data.py::TestDataBentoData::test_get_chains PASSED        [ 48%]
test_databento_data.py::TestDataBentoData::test_get_historical_prices_backtesting_path PASSED [ 48%]
test_databento_data.py::TestDataBentoData::test_get_historical_prices_error_handling PASSED [ 48%]
test_databento_data.py::TestDataBentoData::test_get_historical_prices_no_data PASSED [ 48%]
test_databento_data.py::TestDataBentoData::test_get_historical_prices_single_asset PASSED [ 48%]
test_databento_data.py::TestDataBentoData::test_get_historical_prices_success PASSED [ 49%]
test_databento_data.py::TestDataBentoData::test_get_last_price_no_data PASSED [ 49%]
test_databento_data.py::TestDataBentoData::test_get_last_price_success PASSED [ 49%]
test_databento_data.py::TestDataBentoData::test_initialization_databento_unavailable PASSED [ 49%]
test_databento_data.py::TestDataBentoData::test_initialization_default_dates PASSED [ 49%]
test_databento_data.py::TestDataBentoData::test_initialization_success PASSED [ 49%]
test_databento_data.py::TestDataBentoData::test_mes_strategy_logic_simulation PASSED [ 49%]
test_databento_data.py::TestDataBentoData::test_parse_source_bars_empty_data PASSED [ 49%]
test_databento_data.py::TestDataBentoData::test_parse_source_bars_missing_columns PASSED [ 49%]
test_databento_data.py::TestDataBentoData::test_parse_source_bars_valid_data PASSED [ 49%]
test_databento_data.py::TestDataBentoData::test_timestep_mapping PASSED  [ 50%]
test_databento_data.py::TestDataBentoData::test_timezone_handling PASSED [ 50%]
test_databento_helper.py::TestDataBentoHelper::test_build_cache_filename PASSED [ 50%]
test_databento_helper.py::TestDataBentoHelper::test_cache_filename_edge_cases PASSED [ 50%]
test_databento_helper.py::TestDataBentoHelper::test_cache_loading PASSED [ 50%]
test_databento_helper.py::TestDataBentoHelper::test_continuous_futures_integration_edge_cases PASSED [ 50%]
test_databento_helper.py::TestDataBentoHelper::test_continuous_futures_resolution PASSED [ 50%]
test_databento_helper.py::TestDataBentoHelper::test_databento_client_initialization PASSED [ 50%]
test_databento_helper.py::TestDataBentoHelper::test_dataframe_normalization_edge_cases PASSED [ 50%]
test_databento_helper.py::TestDataBentoHelper::test_dataset_selection_comprehensive PASSED [ 50%]
test_databento_helper.py::TestDataBentoHelper::test_determine_databento_dataset PASSED [ 50%]
test_databento_helper.py::TestDataBentoHelper::test_determine_databento_schema PASSED [ 51%]
test_databento_helper.py::TestDataBentoHelper::test_error_handling_api_exception PASSED [ 51%]
test_databento_helper.py::TestDataBentoHelper::test_error_handling_empty_dataframe PASSED [ 51%]
test_databento_helper.py::TestDataBentoHelper::test_format_futures_symbol_for_databento PASSED [ 51%]
test_databento_helper.py::TestDataBentoHelper::test_futures_month_code_consistency PASSED [ 51%]
test_databento_helper.py::TestDataBentoHelper::test_get_last_price_from_databento_empty_data PASSED [ 51%]
test_databento_helper.py::TestDataBentoHelper::test_get_last_price_from_databento_exception PASSED [ 51%]
test_databento_helper.py::TestDataBentoHelper::test_get_last_price_from_databento_no_data PASSED [ 51%]
test_databento_helper.py::TestDataBentoHelper::test_get_last_price_from_databento_success PASSED [ 51%]
test_databento_helper.py::TestDataBentoHelper::test_get_last_price_resolves_once_no_retry PASSED [ 51%]
test_databento_helper.py::TestDataBentoHelper::test_get_price_data_continuous_futures_resolution PASSED [ 52%]
test_databento_helper.py::TestDataBentoHelper::test_get_price_data_databento_unavailable PASSED [ 52%]
test_databento_helper.py::TestDataBentoHelper::test_get_price_data_from_databento_success PASSED [ 52%]
test_databento_helper.py::TestDataBentoHelper::test_market_calendar_spanning_sessions PASSED [ 52%]
test_databento_helper.py::TestDataBentoHelper::test_no_get_potential_futures_contracts_usage PASSED [ 52%]
test_databento_helper.py::TestDataBentoHelper::test_no_retry_logic_for_correct_symbol PASSED [ 52%]
test_databento_helper.py::TestDataBentoHelper::test_normalize_databento_dataframe PASSED [ 52%]
test_databento_helper.py::TestDataBentoHelper::test_schema_mapping_comprehensive PASSED [ 52%]
test_databento_helper.py::TestDataBentoHelper::test_timezone_aware_datetime_usage PASSED [ 52%]
test_databento_helper.py::TestDataBentoAuthenticationRetry::test_403_forbidden_triggers_retry PASSED [ 52%]
test_databento_helper.py::TestDataBentoAuthenticationRetry::test_auth_retry_logging PASSED [ 52%]
test_databento_helper.py::TestDataBentoAuthenticationRetry::test_auth_retry_with_different_error_formats PASSED [ 53%]
test_databento_helper.py::TestDataBentoAuthenticationRetry::test_authentication_retry_exhausts_after_max_retries PASSED [ 53%]
test_databento_helper.py::TestDataBentoAuthenticationRetry::test_authentication_retry_on_401_error PASSED [ 53%]
test_databento_helper.py::TestDataBentoAuthenticationRetry::test_client_property_lazy_initialization PASSED [ 53%]
test_databento_helper.py::TestDataBentoAuthenticationRetry::test_client_recreation_on_auth_failure PASSED [ 53%]
test_databento_helper.py::TestDataBentoAuthenticationRetry::test_non_auth_errors_not_retried PASSED [ 53%]
test_databento_helper.py::TestDataBentoAuthenticationRetry::test_successful_retry_after_token_refresh PASSED [ 53%]
test_databento_live.py::test_symbol_resolution PASSED                    [ 53%]
test_databento_live.py::test_live_api_connection PASSED                  [ 53%]
test_databento_live.py::test_minute_bar_aggregation PASSED               [ 53%]
test_databento_live.py::test_api_routing PASSED                          [ 54%]
test_databento_live.py::test_long_time_periods PASSED                    [ 54%]
test_databento_live.py::test_continuous_latency_monitoring PASSED        [ 54%]
test_databento_timezone_fixes.py::TestErrorLoggerFixes::test_error_logger_initialization PASSED [ 54%]
test_databento_timezone_fixes.py::TestErrorLoggerFixes::test_error_logger_log_error_with_all_args PASSED [ 54%]
test_databento_timezone_fixes.py::TestErrorLoggerFixes::test_error_logger_log_error_with_minimal_args PASSED [ 54%]
test_databento_timezone_fixes.py::TestErrorLoggerFixes::test_error_logger_log_error_critical_levels PASSED [ 54%]
test_databento_timezone_fixes.py::TestTimezoneHandling::test_timezone_naive_datetime_operations PASSED [ 54%]
test_databento_timezone_fixes.py::TestTimezoneHandling::test_pandas_datetime_filtering PASSED [ 54%]
test_databento_timezone_fixes.py::TestTimezoneHandling::test_datetime_timezone_consistency PASSED [ 54%]
test_databento_timezone_fixes.py::TestTimezoneHandling::test_datetime_timezone_consistency_in_databento_context PASSED [ 55%]
test_databento_timezone_fixes.py::TestDataBentoIntegration::test_databento_data_source_initialization PASSED [ 55%]
test_databento_timezone_fixes.py::TestDataBentoIntegration::test_databento_futures_asset_validation PASSED [ 55%]
test_databento_timezone_fixes.py::TestDataBentoIntegration::test_databento_live_trading_mode PASSED [ 55%]
test_databento_timezone_fixes.py::TestDataBentoIntegration::test_databento_supported_asset_types PASSED [ 55%]
test_databento_timezone_fixes.py::TestDataBentoTimezoneFixValidation::test_live_trading_datetime_handling PASSED [ 55%]
test_databento_timezone_fixes.py::TestDataBentoTimezoneFixValidation::test_dataframe_timezone_operations PASSED [ 55%]
test_databento_timezone_fixes.py::test_databento_api_integration[True] PASSED [ 55%]
test_databento_timezone_fixes.py::test_databento_api_integration[False] SKIPPED [ 55%]
test_drift_rebalancer.py::TestDriftCalculationLogic::test_add_position PASSED [ 55%]
test_drift_rebalancer.py::TestDriftCalculationLogic::test_calculate_absolute_drift PASSED [ 55%]
test_drift_rebalancer.py::TestDriftCalculationLogic::test_calculate_relative_drift PASSED [ 56%]
test_drift_rebalancer.py::TestDriftCalculationLogic::test_drift_is_negative_one_when_we_have_a_position_and_the_target_weights_says_to_not_have_it PASSED [ 56%]
test_drift_rebalancer.py::TestDriftCalculationLogic::test_drift_is_one_when_we_have_none_of_an_asset_and_target_weights_says_we_should_have_some PASSED [ 56%]
test_drift_rebalancer.py::TestDriftCalculationLogic::test_drift_is_negative_one_when_we_have_none_of_an_asset_and_target_weights_says_we_should_short_some PASSED [ 56%]
test_drift_rebalancer.py::TestDriftCalculationLogic::test_drift_is_zero_when_current_weight_and_target_weight_are_zero PASSED [ 56%]
test_drift_rebalancer.py::TestDriftCalculationLogic::test_calculate_absolute_drift_when_quote_asset_position_exists PASSED [ 56%]
test_drift_rebalancer.py::TestDriftCalculationLogic::test_calculate_relative_drift_when_quote_asset_position_exists PASSED [ 56%]
test_drift_rebalancer.py::TestDriftCalculationLogic::test_calculate_absolute_drift_when_quote_asset_in_target_weights PASSED [ 56%]
test_drift_rebalancer.py::TestDriftCalculationLogic::test_calculate_drift_when_we_want_short_something PASSED [ 56%]
test_drift_rebalancer.py::TestDriftCalculationLogic::test_shorting_more_when_price_goes_up_short_something PASSED [ 56%]
test_drift_rebalancer.py::TestDriftCalculationLogic::test_calculate_absolute_drift_when_we_want_a_100_percent_short_position PASSED [ 57%]
test_drift_rebalancer.py::TestDriftCalculationLogic::test_calculate_absolute_drift_when_we_want_a_100_percent_short_position_and_cash_in_target_weights PASSED [ 57%]
test_drift_rebalancer.py::TestDriftCalculationLogic::test_calculate_relative_drift_when_we_want_a_100_percent_short_position PASSED [ 57%]
test_drift_rebalancer.py::TestDriftOrderLogic::test_selling_everything_with_limit_orders PASSED [ 57%]
test_drift_rebalancer.py::TestDriftOrderLogic::test_selling_everything_with_market_orders PASSED [ 57%]
test_drift_rebalancer.py::TestDriftOrderLogic::test_selling_part_of_a_holding_with_limit_order PASSED [ 57%]
test_drift_rebalancer.py::TestDriftOrderLogic::test_selling_with_only_rebalance_drifted_assets_when_over_drift_threshold PASSED [ 57%]
test_drift_rebalancer.py::TestDriftOrderLogic::test_selling_with_only_rebalance_drifted_assets_when_not_over_drift_threshold PASSED [ 57%]
test_drift_rebalancer.py::TestDriftOrderLogic::test_selling_part_of_a_holding_with_market_order PASSED [ 57%]
test_drift_rebalancer.py::TestDriftOrderLogic::test_selling_short_doesnt_create_and_order_when_shorting_is_disabled PASSED [ 57%]
test_drift_rebalancer.py::TestDriftOrderLogic::test_selling_small_short_position_creates_and_order_when_shorting_is_enabled PASSED [ 57%]
test_drift_rebalancer.py::TestDriftOrderLogic::test_selling_small_short_position_doesnt_create_order_when_shorting_is_disabled PASSED [ 58%]
test_drift_rebalancer.py::TestDriftOrderLogic::test_selling_a_100_percent_short_position_creates_an_order_when_shorting_is_enabled PASSED [ 58%]
test_drift_rebalancer.py::TestDriftOrderLogic::test_buying_something_when_we_have_enough_money_and_there_is_slippage PASSED [ 58%]
test_drift_rebalancer.py::TestDriftOrderLogic::test_limit_buy_when_we_dont_have_enough_money_for_everything PASSED [ 58%]
test_drift_rebalancer.py::TestDriftOrderLogic::test_market_buy_when_we_dont_have_enough_money_for_everything PASSED [ 58%]
test_drift_rebalancer.py::TestDriftOrderLogic::test_attempting_to_buy_when_we_dont_have_enough_money_for_even_one_share PASSED [ 58%]
test_drift_rebalancer.py::TestDriftOrderLogic::test_attempting_to_sell_when_the_amount_we_need_to_sell_is_less_than_the_limit_price_should_not_sell PASSED [ 58%]
test_drift_rebalancer.py::TestDriftOrderLogic::test_calculate_limit_price_when_selling PASSED [ 58%]
test_drift_rebalancer.py::TestDriftOrderLogic::test_calculate_limit_price_when_buying PASSED [ 58%]
test_drift_rebalancer.py::TestDriftOrderLogic::test_buying_whole_shares PASSED [ 58%]
test_drift_rebalancer.py::TestDriftOrderLogic::test_buying_fractional_shares PASSED [ 59%]
test_drift_rebalancer.py::TestDriftOrderLogic::test_selling_everything_with_fractional_limit_orders PASSED [ 59%]
test_drift_rebalancer.py::TestDriftOrderLogic::test_selling_some_with_fractional_limit_orders PASSED [ 59%]
test_drift_rebalancer.py::TestDriftOrderLogic::test_buying_with_only_rebalance_drifted_assets_when_over_drift_threshold PASSED [ 59%]
test_drift_rebalancer.py::TestDriftOrderLogic::test_buying_with_only_rebalance_drifted_assets_when_not_over_drift_threshold PASSED [ 59%]
test_drift_rebalancer.py::TestDriftOrderLogic::test_calculate_trading_costs_with_percent_fees PASSED [ 59%]
test_drift_rebalancer.py::TestDriftOrderLogic::test_calculate_trading_costs_with_flat_fees PASSED [ 59%]
test_drift_rebalancer.py::TestDriftOrderLogic::test_calculate_trading_costs_with_both_fee_types PASSED [ 59%]
test_drift_rebalancer.py::TestDriftOrderLogic::test_calculate_trading_costs_no_fees PASSED [ 59%]
test_drift_rebalancer.py::TestDriftOrderLogic::test_adjust_quantity_for_fees_buy_affordable PASSED [ 59%]
test_drift_rebalancer.py::TestDriftOrderLogic::test_adjust_quantity_for_fees_buy_not_affordable PASSED [ 60%]
test_drift_rebalancer.py::TestDriftOrderLogic::test_adjust_quantity_for_fees_sell PASSED [ 60%]
test_drift_rebalancer.py::TestDriftOrderLogic::test_get_current_cash_position PASSED [ 60%]
test_drift_rebalancer.py::TestDriftRebalancer::test_even_odd_drift_rebalancer_absolute PASSED [ 60%]
test_drift_rebalancer.py::TestDriftRebalancer::test_even_odd_drift_rebalancer_relative PASSED [ 60%]
test_drift_rebalancer.py::TestDriftRebalancer::test_classic_60_40 PASSED [ 60%]
test_drift_rebalancer.py::TestDriftRebalancer::test_classic_60_40_with_fractional PASSED [ 60%]
test_drift_rebalancer.py::TestDriftRebalancer::test_crypto_50_50_with_yahoo XFAIL [ 60%]
test_drift_rebalancer.py::TestDriftRebalancer::test_crypto_50_50_with_polygon PASSED [ 60%]
test_drift_rebalancer.py::TestDriftRebalancer::test_crypto_50_50_with_alpaca PASSED [ 60%]
test_drift_rebalancer.py::TestDriftRebalancer::test_crypto_50_50_with_alpaca_modern_way PASSED [ 60%]
test_drift_rebalancer.py::TestDriftRebalancer::test_crypto_50_50_with_alpaca_with_fees PASSED [ 61%]
test_drift_rebalancer.py::TestDriftRebalancer::test_get_last_price_or_raise_returns_decimal PASSED [ 61%]
test_drift_rebalancer.py::TestDriftRebalancer::test_get_last_price_or_raise_raises_value_error_on_none PASSED [ 61%]
test_drift_rebalancer.py::TestDriftRebalancerOptions::test_buying_options_with_correct_quantity_calculation PASSED [ 61%]
test_drift_rebalancer.py::TestDriftRebalancerOptions::test_buying_options_respects_cash_constraints PASSED [ 61%]
test_drift_rebalancer.py::TestDriftRebalancerOptions::test_selling_options_with_correct_quantity_calculation PASSED [ 61%]
test_drift_rebalancer.py::TestDriftRebalancerOptions::test_options_quantity_always_whole_contracts PASSED [ 61%]
test_drift_rebalancer.py::TestDriftRebalancerOptions::test_mixed_stocks_and_options_portfolio PASSED [ 61%]
test_drift_rebalancer.py::TestDriftRebalancerOptions::test_options_cost_calculation_in_cash_deduction PASSED [ 61%]
test_drift_rebalancer.py::TestDriftRebalancerOptions::test_options_limit_price_calculation PASSED [ 61%]
test_drift_rebalancer.py::TestDriftRebalancerOptions::test_options_insufficient_cash_creates_no_order PASSED [ 62%]
test_futures_integration.py::TestFuturesCycleAlgoIntegration::test_no_position_triggers_buy PASSED [ 62%]
test_futures_integration.py::TestFuturesCycleAlgoIntegration::test_tradovate_position_detected PASSED [ 62%]
test_futures_integration.py::TestFuturesCycleAlgoIntegration::test_tradovate_position_sells_after_minute PASSED [ 62%]
test_futures_integration.py::TestFuturesCycleAlgoIntegration::test_ib_style_position_detected PASSED [ 62%]
test_futures_integration.py::TestFuturesCycleAlgoIntegration::test_multiple_contracts_logs_warning PASSED [ 62%]
test_futures_integration.py::TestFuturesCycleAlgoIntegration::test_ignores_other_futures PASSED [ 62%]
test_futures_integration.py::TestFuturesCycleAlgoIntegration::test_ignores_stock_positions PASSED [ 62%]
test_get_historical_prices.py::TestBacktestingDataSources::test_get_first_trading_day_after_long_weekend PASSED [ 62%]
test_get_historical_prices.py::TestBacktestingDataSources::test_pandas_backtesting_data_source_get_historical_prices_daily_bars_dividends_and_adj_returns PASSED [ 62%]
test_get_historical_prices.py::TestBacktestingDataSources::test_polygon_backtesting_data_source_get_historical_prices_daily_bars_for_backtesting_broker PASSED [ 63%]
test_get_historical_prices.py::TestBacktestingDataSources::test_polygon_backtesting_data_source_get_historical_prices_daily_bars_over_long_weekend PASSED [ 63%]
test_get_historical_prices.py::TestBacktestingDataSources::test_yahoo_backtesting_data_source_get_historical_prices_daily_bars_dividends_and_adj_returns XPASS [ 63%]
test_get_historical_prices.py::TestBacktestingDataSources::test_kraken_ccxt_backtesting_data_source_get_historical_prices_daily_bars SKIPPED [ 63%]
test_get_historical_prices.py::TestTimestepParsing::test_parse_timestep_standard_formats PASSED [ 63%]
test_get_historical_prices.py::TestTimestepParsing::test_parse_timestep_multi_minute_formats PASSED [ 63%]
test_get_historical_prices.py::TestTimestepParsing::test_parse_timestep_hour_formats PASSED [ 63%]
test_get_historical_prices.py::TestTimestepParsing::test_parse_timestep_day_week_month_formats PASSED [ 63%]
test_get_historical_prices.py::TestTimestepParsing::test_parse_timestep_case_insensitive PASSED [ 63%]
test_get_historical_prices.py::TestTimestepParsing::test_parse_timestep_invalid_formats PASSED [ 63%]
test_helpers.py::test_has_more_than_n_decimal_places PASSED              [ 63%]
test_helpers.py::test_date_n_bars_from_date_valid_input PASSED           [ 64%]
test_helpers.py::test_date_n_bars_from_date_zero_bars PASSED             [ 64%]
test_helpers.py::test_date_n_trading_days_from_date_with_24_7_market PASSED [ 64%]
test_helpers.py::test_get_trading_days PASSED                            [ 64%]
test_helpers.py::test_get_trading_times_day_nyse PASSED                  [ 64%]
test_helpers.py::test_get_trading_times_minute_nyse PASSED               [ 64%]
test_helpers.py::test_get_trading_times_minute_24_7_utc PASSED           [ 64%]
test_helpers.py::test_get_trading_times_minute_24_7_UTC PASSED           [ 64%]
test_helpers.py::test_get_trading_times_minute PASSED                    [ 64%]
test_helpers.py::test_get_timezone_from_datetime PASSED                  [ 64%]
test_helpers.py::test_get_timezone_from_datetime_types PASSED            [ 65%]
test_helpers.py::test_quantize_to_num_decimals PASSED                    [ 65%]
test_helpers.py::test_is_market_open_during_trading_hours PASSED         [ 65%]
test_helpers.py::test_is_market_open_before_trading_hours PASSED         [ 65%]
test_helpers.py::test_is_market_open_after_trading_hours PASSED          [ 65%]
test_helpers.py::test_is_market_open_weekend PASSED                      [ 65%]
test_helpers.py::test_is_market_open_invalid_market PASSED               [ 65%]
test_indicator_subplots.py::TestIndicators::test_default_lines PASSED    [ 65%]
test_indicator_subplots.py::TestIndicators::test_named_lines PASSED      [ 65%]
test_indicator_subplots.py::test_plot_indicators_handles_nan_marker_size PASSED [ 65%]
test_indicator_subplots.py::TestAddMarkerAndLineGuards::test_add_marker_rejects_nan PASSED [ 65%]
test_indicator_subplots.py::TestAddMarkerAndLineGuards::test_add_marker_defaults_color PASSED [ 66%]
test_indicator_subplots.py::TestAddMarkerAndLineGuards::test_add_marker_accepts_css_color PASSED [ 66%]
test_indicator_subplots.py::TestAddMarkerAndLineGuards::test_add_line_rejects_nan PASSED [ 66%]
test_indicator_subplots.py::TestAddMarkerAndLineGuards::test_add_line_defaults_color PASSED [ 66%]
test_indicator_subplots.py::TestAddMarkerAndLineGuards::test_add_line_defaults_style PASSED [ 66%]
test_integration_tests.py::TestIntegrationTests::test_yahoo XPASS (y...) [ 66%]
test_interactive_brokers.py::test_initialize_interactive_broker_legacy PASSED [ 66%]
test_live_trading_resilience.py::TestLiveTradingResilience::test_live_trading_resilience_is_working PASSED [ 66%]📊 MockLiveBroker.is_market_open() called - returning True
🔧 TestStrategy.on_trading_iteration() called - iteration #5
🔧 TestStrategy.on_trading_iteration() completed normally for iteration #5

test_logger_env_vars.py::TestEnvironmentVariableHandling::test_backtesting_quiet_logs_overrides_log_level PASSED [ 66%]
test_logger_env_vars.py::TestEnvironmentVariableHandling::test_env_var_precedence_documentation PASSED [ 66%]📊 MockLiveBroker.is_market_open() called - returning True
🔧 TestStrategy.on_trading_iteration() called - iteration #6
🔧 TestStrategy.on_trading_iteration() completed normally for iteration #6

test_logger_env_vars.py::TestEnvironmentVariableHandling::test_memory_usage_is_minimal PASSED [ 67%]📊 MockLiveBroker.is_market_open() called - returning True
🔧 TestStrategy.on_trading_iteration() called - iteration #7
🔧 TestStrategy.on_trading_iteration() completed normally for iteration #7

test_logging.py::TestLogging::test_logging PASSED                        [ 67%]
test_logging.py::TestLogging::test_backtest_produces_no_logs_when_quiet_logs_is_true 📊 MockLiveBroker.is_market_open() called - returning True
🔧 TestStrategy.on_trading_iteration() called - iteration #8
🔧 TestStrategy.on_trading_iteration() completed normally for iteration #8
XFAIL [ 67%]
test_logging.py::TestLogging::test_backtest_produces_logs_when_quiet_logs_is_false XFAIL [ 67%]📊 MockLiveBroker.is_market_open() called - returning True
🔧 TestStrategy.on_trading_iteration() called - iteration #9
🔧 TestStrategy.on_trading_iteration() completed normally for iteration #9

test_lumibot_logger.py::test_unified_logger_includes_source_context PASSED [ 67%]📊 MockLiveBroker.is_market_open() called - returning True
🔧 TestStrategy.on_trading_iteration() called - iteration #10
🔧 TestStrategy.on_trading_iteration() completed normally for iteration #10

test_lumibot_logger.py::test_unified_logger_info_includes_module_context PASSED [ 67%]
test_lumibot_logger.py::test_file_handler_uses_lumibot_formatter 📊 MockLiveBroker.is_market_open() called - returning True
🔧 TestStrategy.on_trading_iteration() called - iteration #11
🔧 TestStrategy.on_trading_iteration() completed normally for iteration #11
PASSED  [ 67%]
test_lumibot_logger.py::test_quiet_logs_functionality PASSED             [ 67%]📊 MockLiveBroker.is_market_open() called - returning True
🔧 TestStrategy.on_trading_iteration() called - iteration #12
🔧 TestStrategy.on_trading_iteration() completed normally for iteration #12

test_lumibot_logger.py::test_trader_quiet_logs_integration PASSED        [ 67%]📊 MockLiveBroker.is_market_open() called - returning True
🔧 TestStrategy.on_trading_iteration() called - iteration #13
🔧 TestStrategy.on_trading_iteration() completed normally for iteration #13

test_market_infinite_loop_bug.py::TestESFuturesHangBug::test_comprehensive_diagnostic_scenarios PASSED [ 67%]📊 MockLiveBroker.is_market_open() called - returning True
🔧 TestStrategy.on_trading_iteration() called - iteration #14
🔧 TestStrategy.on_trading_iteration() completed normally for iteration #14

test_market_infinite_loop_bug.py::TestESFuturesHangBug::test_continuous_vs_non_continuous_markets PASSED [ 68%]📊 MockLiveBroker.is_market_open() called - returning True
🔧 TestStrategy.on_trading_iteration() called - iteration #15
🔧 TestStrategy.on_trading_iteration() completed normally for iteration #15

test_market_infinite_loop_bug.py::TestESFuturesHangBug::test_different_market_types PASSED [ 68%]📊 MockLiveBroker.is_market_open() called - returning True
🔧 TestStrategy.on_trading_iteration() called - iteration #16
🔧 TestStrategy.on_trading_iteration() completed normally for iteration #16

test_market_infinite_loop_bug.py::TestESFuturesHangBug::test_different_sleeptime_combinations PASSED [ 68%]📊 MockLiveBroker.is_market_open() called - returning True
🔧 TestStrategy.on_trading_iteration() called - iteration #17
🔧 TestStrategy.on_trading_iteration() completed normally for iteration #17

test_market_infinite_loop_bug.py::TestESFuturesHangBug::test_es_futures_no_infinite_restart PASSED [ 68%]📊 MockLiveBroker.is_market_open() called - returning True
🔧 TestStrategy.on_trading_iteration() called - iteration #18
🔧 TestStrategy.on_trading_iteration() completed normally for iteration #18

test_mes_symbols.py::TestMESSymbols::test_mes_symbol_availability SKIPPED [ 68%]📊 MockLiveBroker.is_market_open() called - returning True
🔧 TestStrategy.on_trading_iteration() called - iteration #36
🔧 TestStrategy.on_trading_iteration() completed normally for iteration #36

test_momentum.py::TestMomentum::test_momo_pandas_lookback_2 PASSED       [ 68%]📊 MockLiveBroker.is_market_open() called - returning True
🔧 TestStrategy.on_trading_iteration() called - iteration #37
🔧 TestStrategy.on_trading_iteration() completed normally for iteration #37

test_momentum.py::TestMomentum::test_momo_pandas_lookback_30 PASSED      [ 68%]📊 MockLiveBroker.is_market_open() called - returning True
🔧 TestStrategy.on_trading_iteration() called - iteration #38
🔧 TestStrategy.on_trading_iteration() completed normally for iteration #38

test_momentum.py::TestMomentum::test_momo_yahoo_lookback_2 XPASS (ya...) [ 68%]📊 MockLiveBroker.is_market_open() called - returning True
🔧 TestStrategy.on_trading_iteration() called - iteration #39
🔧 TestStrategy.on_trading_iteration() completed normally for iteration #39

test_momentum.py::TestMomentum::test_momo_yahoo_lookback_30 XFAIL (y...) [ 68%]📊 MockLiveBroker.is_market_open() called - returning True
🔧 TestStrategy.on_trading_iteration() called - iteration #40
🔧 TestStrategy.on_trading_iteration() completed normally for iteration #40

test_options_helper.py::TestOptionsHelper::test_broker_get_chains_handles_missing_payload PASSED [ 68%]📊 MockLiveBroker.is_market_open() called - returning True
🔧 TestStrategy.on_trading_iteration() called - iteration #41
🔧 TestStrategy.on_trading_iteration() completed normally for iteration #41

test_options_helper.py::TestOptionsHelper::test_chains_backward_compatibility_string_access PASSED [ 68%]📊 MockLiveBroker.is_market_open() called - returning True
🔧 TestStrategy.on_trading_iteration() called - iteration #42
🔧 TestStrategy.on_trading_iteration() completed normally for iteration #42

test_options_helper.py::TestOptionsHelper::test_chains_date_helper_methods PASSED [ 69%]
test_options_helper.py::TestOptionsHelper::test_chains_strikes_accepts_both_string_and_date PASSED [ 69%]📊 MockLiveBroker.is_market_open() called - returning True
🔧 TestStrategy.on_trading_iteration() called - iteration #43
🔧 TestStrategy.on_trading_iteration() completed normally for iteration #43

test_options_helper.py::TestOptionsHelper::test_enhanced_logging_format PASSED [ 69%]📊 MockLiveBroker.is_market_open() called - returning True
🔧 TestStrategy.on_trading_iteration() called - iteration #44
🔧 TestStrategy.on_trading_iteration() completed normally for iteration #44

test_options_helper.py::TestOptionsHelper::test_evaluate_option_market_fallback_allowed PASSED [ 69%]📊 MockLiveBroker.is_market_open() called - returning True
🔧 TestStrategy.on_trading_iteration() called - iteration #45
🔧 TestStrategy.on_trading_iteration() completed normally for iteration #45

test_options_helper.py::TestOptionsHelper::test_evaluate_option_market_fallback_blocked PASSED [ 69%]📊 MockLiveBroker.is_market_open() called - returning True
🔧 TestStrategy.on_trading_iteration() called - iteration #46
[...]
🔧 TestStrategy.on_trading_iteration() called - iteration #380
🔧 TestStrategy.on_trading_iteration() completed normally for iteration #380

test_vix_helper.py::TestVixHelper::test_get_vix_rsi_value PASSED         [ 99%]
test_vix_helper.py::TestVixHelper::test_get_vix_value PASSED             [ 99%]📊 MockLiveBroker.is_market_open() called - returning True
🔧 TestStrategy.on_trading_iteration() called - iteration #381
🔧 TestStrategy.on_trading_iteration() completed normally for iteration #381

test_vix_helper.py::TestVixHelper::test_vix_helper_initialization PASSED [ 99%]📊 MockLiveBroker.is_market_open() called - returning True
🔧 TestStrategy.on_trading_iteration() called - iteration #382
🔧 TestStrategy.on_trading_iteration() completed normally for iteration #382

test_vix_helper.py::TestVixHelper::test_vix_percentile_calculation PASSED [ 99%]📊 MockLiveBroker.is_market_open() called - returning True
🔧 TestStrategy.on_trading_iteration() called - iteration #383
🔧 TestStrategy.on_trading_iteration() completed normally for iteration #383

test_vix_helper.py::TestNumPyCompatibility::test_module_import_order_independence PASSED [ 99%]📊 MockLiveBroker.is_market_open() called - returning True
🔧 TestStrategy.on_trading_iteration() called - iteration #384
🔧 TestStrategy.on_trading_iteration() completed normally for iteration #384

test_vix_helper.py::TestNumPyCompatibility::test_numpy_nan_alias_creation PASSED [ 99%]📊 MockLiveBroker.is_market_open() called - returning True
🔧 TestStrategy.on_trading_iteration() called - iteration #385
🔧 TestStrategy.on_trading_iteration() completed normally for iteration #385

test_vix_helper.py::TestNumPyCompatibility::test_pandas_operations_with_nan PASSED [100%]

=============================== warnings summary ===============================
../../../../../../../../opt/homebrew/lib/python3.12/site-packages/dateutil/tz/tz.py:37
  /opt/homebrew/lib/python3.12/site-packages/dateutil/tz/tz.py:37: DeprecationWarning: datetime.datetime.utcfromtimestamp() is deprecated and scheduled for removal in a future version. Use timezone-aware objects to represent datetimes in UTC: datetime.datetime.fromtimestamp(timestamp, datetime.UTC).
    EPOCH = datetime.datetime.utcfromtimestamp(0)

../../../../../../../../opt/homebrew/lib/python3.12/site-packages/websockets/legacy/__init__.py:6
  /opt/homebrew/lib/python3.12/site-packages/websockets/legacy/__init__.py:6: DeprecationWarning: websockets.legacy is deprecated; see https://websockets.readthedocs.io/en/stable/howto/upgrade.html for upgrade instructions
    warnings.warn(  # deprecated in 14.0 - 2024-11-09

../../../../../../../../opt/homebrew/lib/python3.12/site-packages/polygon/websocket/__init__.py:10
  /opt/homebrew/lib/python3.12/site-packages/polygon/websocket/__init__.py:10: DeprecationWarning: websockets.client.connect is deprecated
    from websockets.client import connect, WebSocketClientProtocol

../../../../../../../../opt/homebrew/lib/python3.12/site-packages/polygon/websocket/__init__.py:10
  /opt/homebrew/lib/python3.12/site-packages/polygon/websocket/__init__.py:10: DeprecationWarning: websockets.client.WebSocketClientProtocol is deprecated
    from websockets.client import connect, WebSocketClientProtocol

tests/backtest/test_thetadata.py: 5 warnings
tests/backtest/test_thetadata_comprehensive.py: 9 warnings
tests/backtest/test_thetadata_vs_polygon.py: 6 warnings
tests/test_options_helper.py: 4 warnings
  /Users/robertgrzesik/Documents/Development/lumivest_bot_server/strategies/lumibot/lumibot/backtesting/thetadata_backtesting.py:214: FutureWarning:
  
  DataFrame.fillna with 'method' is deprecated and will raise in a future version. Use obj.ffill() or obj.bfill() instead.

tests/test_alpaca_backtesting.py: 569 warnings
tests/test_databento_data.py: 4 warnings
tests/test_drift_rebalancer.py: 54 warnings
  /Users/robertgrzesik/Documents/Development/lumivest_bot_server/strategies/lumibot/lumibot/entities/bars.py:231: SettingWithCopyWarning:
  
  
  A value is trying to be set on a copy of a slice from a DataFrame.
  Try using .loc[row_indexer,col_indexer] = value instead
  
  See the caveats in the documentation: https://pandas.pydata.org/pandas-docs/stable/user_guide/indexing.html#returning-a-view-versus-a-copy

tests/test_backtesting_data_source_env.py::TestBacktestingDataSourceEnv::test_auto_select_polygon_case_insensitive
  /Users/robertgrzesik/Documents/Development/lumivest_bot_server/strategies/lumibot/lumibot/entities/bars.py:231: FutureWarning:
  
  The default fill_method='pad' in Series.pct_change is deprecated and will be removed in a future version. Either fill in any non-leading NA values prior to calling pct_change or specify 'fill_method=None' to not fill NA values.

tests/test_backtesting_data_source_env.py: 12 warnings
  /opt/homebrew/lib/python3.12/site-packages/numpy/lib/_function_base_impl.py:3045: RuntimeWarning:
  
  invalid value encountered in divide

tests/test_backtesting_data_source_env.py::TestBacktestingDataSourceEnv::test_auto_select_polygon_case_insensitive
tests/test_backtesting_data_source_env.py::TestBacktestingDataSourceEnv::test_auto_select_polygon_case_insensitive
tests/test_backtesting_data_source_env.py::TestBacktestingDataSourceEnv::test_auto_select_thetadata_case_insensitive
tests/test_backtesting_data_source_env.py::TestBacktestingDataSourceEnv::test_auto_select_thetadata_case_insensitive
tests/test_backtesting_data_source_env.py::TestBacktestingDataSourceEnv::test_default_thetadata_when_no_env_set
tests/test_backtesting_data_source_env.py::TestBacktestingDataSourceEnv::test_default_thetadata_when_no_env_set
  /opt/homebrew/lib/python3.12/site-packages/numpy/lib/_function_base_impl.py:3046: RuntimeWarning:
  
  invalid value encountered in divide

tests/test_backtesting_data_source_env.py::TestBacktestingDataSourceEnv::test_auto_select_polygon_case_insensitive
tests/test_backtesting_data_source_env.py::TestBacktestingDataSourceEnv::test_auto_select_polygon_case_insensitive
tests/test_backtesting_data_source_env.py::TestBacktestingDataSourceEnv::test_auto_select_polygon_case_insensitive
tests/test_backtesting_data_source_env.py::TestBacktestingDataSourceEnv::test_auto_select_thetadata_case_insensitive
tests/test_backtesting_data_source_env.py::TestBacktestingDataSourceEnv::test_auto_select_thetadata_case_insensitive
tests/test_backtesting_data_source_env.py::TestBacktestingDataSourceEnv::test_auto_select_thetadata_case_insensitive
tests/test_backtesting_data_source_env.py::TestBacktestingDataSourceEnv::test_default_thetadata_when_no_env_set
tests/test_backtesting_data_source_env.py::TestBacktestingDataSourceEnv::test_default_thetadata_when_no_env_set
tests/test_backtesting_data_source_env.py::TestBacktestingDataSourceEnv::test_default_thetadata_when_no_env_set
  /opt/homebrew/lib/python3.12/site-packages/scipy/stats/_distn_infrastructure.py:2304: RuntimeWarning:
  
  invalid value encountered in multiply

tests/test_backtesting_data_source_env.py::TestBacktestingDataSourceEnv::test_auto_select_polygon_case_insensitive
tests/test_backtesting_data_source_env.py::TestBacktestingDataSourceEnv::test_auto_select_polygon_case_insensitive
tests/test_backtesting_data_source_env.py::TestBacktestingDataSourceEnv::test_auto_select_polygon_case_insensitive
tests/test_backtesting_data_source_env.py::TestBacktestingDataSourceEnv::test_auto_select_thetadata_case_insensitive
tests/test_backtesting_data_source_env.py::TestBacktestingDataSourceEnv::test_auto_select_thetadata_case_insensitive
tests/test_backtesting_data_source_env.py::TestBacktestingDataSourceEnv::test_auto_select_thetadata_case_insensitive
tests/test_backtesting_data_source_env.py::TestBacktestingDataSourceEnv::test_default_thetadata_when_no_env_set
tests/test_backtesting_data_source_env.py::TestBacktestingDataSourceEnv::test_default_thetadata_when_no_env_set
tests/test_backtesting_data_source_env.py::TestBacktestingDataSourceEnv::test_default_thetadata_when_no_env_set
  /opt/homebrew/lib/python3.12/site-packages/scipy/stats/_distn_infrastructure.py:2305: RuntimeWarning:
  
  invalid value encountered in multiply

tests/test_backtesting_data_source_env.py::TestBacktestingDataSourceEnv::test_auto_select_polygon_case_insensitive
tests/test_backtesting_data_source_env.py::TestBacktestingDataSourceEnv::test_auto_select_thetadata_case_insensitive
tests/test_backtesting_data_source_env.py::TestBacktestingDataSourceEnv::test_auto_select_yahoo
tests/test_backtesting_data_source_env.py::TestBacktestingDataSourceEnv::test_explicit_datasource_overrides_env
tests/test_backtesting_data_source_env.py::TestBacktestingDataSourceEnv::test_default_thetadata_when_no_env_set
  /Users/robertgrzesik/Documents/Development/quantstats_lumi/quantstats_lumi/_plotting/wrappers.py:542: FutureWarning:
  
  'Y' is deprecated and will be removed in a future version, please use 'YE' instead.

tests/test_backtesting_data_source_env.py::TestBacktestingDataSourceEnv::test_auto_select_polygon_case_insensitive
tests/test_backtesting_data_source_env.py::TestBacktestingDataSourceEnv::test_auto_select_thetadata_case_insensitive
tests/test_backtesting_data_source_env.py::TestBacktestingDataSourceEnv::test_auto_select_yahoo
tests/test_backtesting_data_source_env.py::TestBacktestingDataSourceEnv::test_explicit_datasource_overrides_env
tests/test_backtesting_data_source_env.py::TestBacktestingDataSourceEnv::test_default_thetadata_when_no_env_set
  /Users/robertgrzesik/Documents/Development/quantstats_lumi/quantstats_lumi/_plotting/wrappers.py:544: FutureWarning:
  
  'Y' is deprecated and will be removed in a future version, please use 'YE' instead.

tests/test_backtesting_data_source_env.py::TestBacktestingDataSourceEnv::test_auto_select_polygon_case_insensitive
tests/test_backtesting_data_source_env.py::TestBacktestingDataSourceEnv::test_auto_select_thetadata_case_insensitive
tests/test_backtesting_data_source_env.py::TestBacktestingDataSourceEnv::test_auto_select_yahoo
tests/test_backtesting_data_source_env.py::TestBacktestingDataSourceEnv::test_explicit_datasource_overrides_env
tests/test_backtesting_data_source_env.py::TestBacktestingDataSourceEnv::test_default_thetadata_when_no_env_set
  /Users/robertgrzesik/Documents/Development/quantstats_lumi/quantstats_lumi/_plotting/wrappers.py:552: FutureWarning:
  
  'Y' is deprecated and will be removed in a future version, please use 'YE' instead.

tests/test_backtesting_data_source_env.py::TestBacktestingDataSourceEnv::test_auto_select_polygon_case_insensitive
tests/test_backtesting_data_source_env.py::TestBacktestingDataSourceEnv::test_auto_select_thetadata_case_insensitive
tests/test_backtesting_data_source_env.py::TestBacktestingDataSourceEnv::test_auto_select_yahoo
tests/test_backtesting_data_source_env.py::TestBacktestingDataSourceEnv::test_explicit_datasource_overrides_env
tests/test_backtesting_data_source_env.py::TestBacktestingDataSourceEnv::test_default_thetadata_when_no_env_set
  /Users/robertgrzesik/Documents/Development/quantstats_lumi/quantstats_lumi/_plotting/wrappers.py:555: FutureWarning:
  
  'Y' is deprecated and will be removed in a future version, please use 'YE' instead.

tests/test_backtesting_data_source_env.py::TestBacktestingDataSourceEnv::test_auto_select_polygon_case_insensitive
tests/test_backtesting_data_source_env.py::TestBacktestingDataSourceEnv::test_auto_select_thetadata_case_insensitive
tests/test_backtesting_data_source_env.py::TestBacktestingDataSourceEnv::test_default_thetadata_when_no_env_set
  /Users/robertgrzesik/Documents/Development/quantstats_lumi/quantstats_lumi/_plotting/core.py:964: UserWarning:
  
  Attempting to set identical low and high ylims makes transformation singular; automatically expanding.

tests/test_backtesting_data_source_env.py::TestBacktestingDataSourceEnv::test_auto_select_polygon_case_insensitive
tests/test_backtesting_data_source_env.py::TestBacktestingDataSourceEnv::test_auto_select_thetadata_case_insensitive
tests/test_backtesting_data_source_env.py::TestBacktestingDataSourceEnv::test_auto_select_yahoo
tests/test_backtesting_data_source_env.py::TestBacktestingDataSourceEnv::test_explicit_datasource_overrides_env
tests/test_backtesting_data_source_env.py::TestBacktestingDataSourceEnv::test_default_thetadata_when_no_env_set
  /Users/robertgrzesik/Documents/Development/quantstats_lumi/quantstats_lumi/_plotting/core.py:1041: FutureWarning:
  
  'Y' is deprecated and will be removed in a future version, please use 'YE' instead.

tests/test_databento_live.py::test_symbol_resolution
  /opt/homebrew/lib/python3.12/site-packages/_pytest/python.py:161: PytestReturnNotNoneWarning:
  
  Test functions should return None, but tests/test_databento_live.py::test_symbol_resolution returned <class 'bool'>.
  Did you mean to use `assert` instead of `return`?
  See https://docs.pytest.org/en/stable/how-to/assert.html#return-not-none for more information.

tests/test_databento_live.py::test_live_api_connection
  /opt/homebrew/lib/python3.12/site-packages/_pytest/python.py:161: PytestReturnNotNoneWarning:
  
  Test functions should return None, but tests/test_databento_live.py::test_live_api_connection returned <class 'bool'>.
  Did you mean to use `assert` instead of `return`?
  See https://docs.pytest.org/en/stable/how-to/assert.html#return-not-none for more information.

tests/test_databento_live.py::test_minute_bar_aggregation
  /opt/homebrew/lib/python3.12/site-packages/_pytest/python.py:161: PytestReturnNotNoneWarning:
  
  Test functions should return None, but tests/test_databento_live.py::test_minute_bar_aggregation returned <class 'bool'>.
  Did you mean to use `assert` instead of `return`?
  See https://docs.pytest.org/en/stable/how-to/assert.html#return-not-none for more information.

tests/test_databento_live.py::test_api_routing
  /opt/homebrew/lib/python3.12/site-packages/_pytest/python.py:161: PytestReturnNotNoneWarning:
  
  Test functions should return None, but tests/test_databento_live.py::test_api_routing returned <class 'bool'>.
  Did you mean to use `assert` instead of `return`?
  See https://docs.pytest.org/en/stable/how-to/assert.html#return-not-none for more information.

tests/test_databento_live.py::test_long_time_periods
  /opt/homebrew/lib/python3.12/site-packages/_pytest/python.py:161: PytestReturnNotNoneWarning:
  
  Test functions should return None, but tests/test_databento_live.py::test_long_time_periods returned <class 'bool'>.
  Did you mean to use `assert` instead of `return`?
  See https://docs.pytest.org/en/stable/how-to/assert.html#return-not-none for more information.

tests/test_databento_live.py::test_continuous_latency_monitoring
  /opt/homebrew/lib/python3.12/site-packages/_pytest/python.py:161: PytestReturnNotNoneWarning:
  
  Test functions should return None, but tests/test_databento_live.py::test_continuous_latency_monitoring returned <class 'bool'>.
  Did you mean to use `assert` instead of `return`?
  See https://docs.pytest.org/en/stable/how-to/assert.html#return-not-none for more information.

tests/test_drift_rebalancer.py::TestDriftRebalancer::test_crypto_50_50_with_alpaca_modern_way
  /Users/robertgrzesik/Documents/Development/lumivest_bot_server/strategies/lumibot/tests/test_drift_rebalancer.py:2119: FutureWarning:
  
  Series.__getitem__ treating keys as positions is deprecated. In a future version, integer keys will always be treated as labels (consistent with DataFrame behavior). To access a value by position, use `ser.iloc[pos]`

tests/test_drift_rebalancer.py::TestDriftRebalancer::test_crypto_50_50_with_alpaca_with_fees
  /Users/robertgrzesik/Documents/Development/lumivest_bot_server/strategies/lumibot/tests/test_drift_rebalancer.py:2204: FutureWarning:
  
  Series.__getitem__ treating keys as positions is deprecated. In a future version, integer keys will always be treated as labels (consistent with DataFrame behavior). To access a value by position, use `ser.iloc[pos]`

tests/test_mes_symbols.py::TestMESSymbols::test_mes_symbol_availability
tests/test_mes_symbols.py::TestMESSymbols::test_mes_symbol_availability
tests/test_mes_symbols.py::TestMESSymbols::test_mes_symbol_availability
tests/test_mes_symbols.py::TestMESSymbols::test_mes_symbol_availability
tests/test_mes_symbols.py::TestMESSymbols::test_mes_symbol_availability
tests/test_mes_symbols.py::TestMESSymbols::test_mes_symbol_availability
tests/test_mes_symbols.py::TestMESSymbols::test_mes_symbol_availability
tests/test_mes_symbols.py::TestMESSymbols::test_mes_symbol_availability
tests/test_mes_symbols.py::TestMESSymbols::test_mes_symbol_availability
  /Users/robertgrzesik/Documents/Development/lumivest_bot_server/strategies/lumibot/tests/test_mes_symbols.py:56: BentoWarning:
  
  No data found for the request you submitted.

tests/test_mes_symbols.py::TestMESSymbols::test_mes_symbol_availability
  /Users/robertgrzesik/Documents/Development/lumivest_bot_server/strategies/lumibot/tests/test_mes_symbols.py:56: BentoWarning:
  
  The streaming request had one or more symbols which did not resolve: MES.

tests/test_mes_symbols.py::TestMESSymbols::test_mes_symbol_availability
  /Users/robertgrzesik/Documents/Development/lumivest_bot_server/strategies/lumibot/tests/test_mes_symbols.py:56: BentoWarning:
  
  The streaming request had one or more symbols which did not resolve: MES1!.

tests/test_mes_symbols.py::TestMESSymbols::test_mes_symbol_availability
  /Users/robertgrzesik/Documents/Development/lumivest_bot_server/strategies/lumibot/tests/test_mes_symbols.py:56: BentoWarning:
  
  The streaming request had one or more symbols which did not resolve: MES.C.0.

tests/test_mes_symbols.py::TestMESSymbols::test_mes_symbol_availability
  /Users/robertgrzesik/Documents/Development/lumivest_bot_server/strategies/lumibot/tests/test_mes_symbols.py:56: BentoWarning:
  
  The streaming request had one or more symbols which did not resolve: MESU5.

tests/test_mes_symbols.py::TestMESSymbols::test_mes_symbol_availability
  /Users/robertgrzesik/Documents/Development/lumivest_bot_server/strategies/lumibot/tests/test_mes_symbols.py:56: BentoWarning:
  
  The streaming request had one or more symbols which did not resolve: MES.U5.

tests/test_mes_symbols.py::TestMESSymbols::test_mes_symbol_availability
  /Users/robertgrzesik/Documents/Development/lumivest_bot_server/strategies/lumibot/tests/test_mes_symbols.py:56: BentoWarning:
  
  The streaming request had one or more symbols which did not resolve: MESZ4.

tests/test_mes_symbols.py::TestMESSymbols::test_mes_symbol_availability
  /Users/robertgrzesik/Documents/Development/lumivest_bot_server/strategies/lumibot/tests/test_mes_symbols.py:56: BentoWarning:
  
  The streaming request had one or more symbols which did not resolve: MES.Z4.

tests/test_mes_symbols.py::TestMESSymbols::test_mes_symbol_availability
  /Users/robertgrzesik/Documents/Development/lumivest_bot_server/strategies/lumibot/tests/test_mes_symbols.py:56: BentoWarning:
  
  The streaming request had one or more symbols which did not resolve: MESH5.

tests/test_mes_symbols.py::TestMESSymbols::test_mes_symbol_availability
  /Users/robertgrzesik/Documents/Development/lumivest_bot_server/strategies/lumibot/tests/test_mes_symbols.py:56: BentoWarning:
  
  The streaming request had one or more symbols which did not resolve: MES.H5.

tests/test_projectx_timestep_alias.py::test_projectx_get_bars_accepts_timestep_alias
tests/test_projectx_timestep_alias.py::test_projectx_get_bars_accepts_timestep_alias
  /Users/robertgrzesik/Documents/Development/lumivest_bot_server/strategies/lumibot/tests/test_projectx_timestep_alias.py:12: FutureWarning:
  
  'T' is deprecated and will be removed in a future version, please use 'min' instead.

-- Docs: https://docs.pytest.org/en/stable/how-to/capture-warnings.html
= 1013 passed, 16 skipped, 7 xfailed, 5 xpassed, 748 warnings in 1060.90s (0:17:40) =
